[Epoch 1] Train Loss: 1.565662e+00 Test Loss: 1.158730e+00 Time 6.9497609138e+00 Learning rate: 1.000000e-03
[Epoch 2] Train Loss: 1.125950e+00 Test Loss: 5.896707e+00 Time 3.7389602661e+00 Learning rate: 1.000000e-03
[Epoch 3] Train Loss: 1.398942e+00 Test Loss: 1.177266e+00 Time 4.0176103115e+00 Learning rate: 1.000000e-03
[Epoch 4] Train Loss: 1.174465e+00 Test Loss: 1.105816e+00 Time 3.7550687790e+00 Learning rate: 1.000000e-03
[Epoch 5] Train Loss: 1.145378e+00 Test Loss: 1.127046e+00 Time 3.7429695129e+00 Learning rate: 1.000000e-03
[Epoch 6] Train Loss: 1.140166e+00 Test Loss: 1.106710e+00 Time 3.7318835258e+00 Learning rate: 1.000000e-03
[Epoch 7] Train Loss: 1.125508e+00 Test Loss: 1.109952e+00 Time 3.7804450989e+00 Learning rate: 1.000000e-03
[Epoch 8] Train Loss: 1.115027e+00 Test Loss: 1.109252e+00 Time 3.8173537254e+00 Learning rate: 1.000000e-03
[Epoch 9] Train Loss: 1.117400e+00 Test Loss: 1.111321e+00 Time 3.7754042149e+00 Learning rate: 1.000000e-03
[Epoch 10] Train Loss: 1.106220e+00 Test Loss: 1.094898e+00 Time 3.7345945835e+00 Learning rate: 1.000000e-03
[Epoch 11] Train Loss: 1.103290e+00 Test Loss: 1.096451e+00 Time 3.7380301952e+00 Learning rate: 1.000000e-03
[Epoch 12] Train Loss: 1.109460e+00 Test Loss: 1.105946e+00 Time 3.7303411961e+00 Learning rate: 1.000000e-03
[Epoch 13] Train Loss: 1.102276e+00 Test Loss: 1.078856e+00 Time 3.7402429581e+00 Learning rate: 1.000000e-03
[Epoch 14] Train Loss: 1.091130e+00 Test Loss: 1.103402e+00 Time 3.7460360527e+00 Learning rate: 1.000000e-03
[Epoch 15] Train Loss: 1.081962e+00 Test Loss: 1.112775e+00 Time 3.7771079540e+00 Learning rate: 1.000000e-03
[Epoch 16] Train Loss: 1.151330e+00 Test Loss: 1.111097e+00 Time 3.7977786064e+00 Learning rate: 1.000000e-03
[Epoch 17] Train Loss: 1.086805e+00 Test Loss: 1.176367e+00 Time 3.8084044456e+00 Learning rate: 1.000000e-03
[Epoch 18] Train Loss: 1.181651e+00 Test Loss: 1.096062e+00 Time 3.7324025631e+00 Learning rate: 1.000000e-03
[Epoch 19] Train Loss: 1.120483e+00 Test Loss: 1.129383e+00 Time 3.7433891296e+00 Learning rate: 1.000000e-03
[Epoch 20] Train Loss: 1.114847e+00 Test Loss: 1.098868e+00 Time 3.7392632961e+00 Learning rate: 1.000000e-03
[Epoch 21] Train Loss: 1.100651e+00 Test Loss: 1.097137e+00 Time 3.7401261330e+00 Learning rate: 1.000000e-03
[Epoch 22] Train Loss: 1.103647e+00 Test Loss: 1.092912e+00 Time 3.7463970184e+00 Learning rate: 1.000000e-03
[Epoch 23] Train Loss: 1.101455e+00 Test Loss: 1.091644e+00 Time 3.7240030766e+00 Learning rate: 1.000000e-03
[Epoch 24] Train Loss: 1.100546e+00 Test Loss: 1.083606e+00 Time 3.7696273327e+00 Learning rate: 5.000000e-04
[Epoch 25] Train Loss: 1.092761e+00 Test Loss: 1.072582e+00 Time 3.8118886948e+00 Learning rate: 5.000000e-04
[Epoch 26] Train Loss: 1.092439e+00 Test Loss: 1.043867e+00 Time 3.7459383011e+00 Learning rate: 5.000000e-04
[Epoch 27] Train Loss: 1.103029e+00 Test Loss: 1.169779e+00 Time 3.7312245369e+00 Learning rate: 5.000000e-04
[Epoch 28] Train Loss: 1.149430e+00 Test Loss: 1.121271e+00 Time 3.7359375954e+00 Learning rate: 5.000000e-04
[Epoch 29] Train Loss: 1.114223e+00 Test Loss: 1.094763e+00 Time 3.7476556301e+00 Learning rate: 5.000000e-04
[Epoch 30] Train Loss: 1.115368e+00 Test Loss: 1.094719e+00 Time 3.7288954258e+00 Learning rate: 5.000000e-04
[Epoch 31] Train Loss: 1.104316e+00 Test Loss: 1.094869e+00 Time 3.7278621197e+00 Learning rate: 5.000000e-04
[Epoch 32] Train Loss: 1.105991e+00 Test Loss: 1.094916e+00 Time 3.7864680290e+00 Learning rate: 5.000000e-04
[Epoch 33] Train Loss: 1.095972e+00 Test Loss: 1.087540e+00 Time 3.8447959423e+00 Learning rate: 5.000000e-04
[Epoch 34] Train Loss: 1.099620e+00 Test Loss: 1.091164e+00 Time 3.7270190716e+00 Learning rate: 5.000000e-04
[Epoch 35] Train Loss: 1.090898e+00 Test Loss: 1.087998e+00 Time 3.7536797523e+00 Learning rate: 5.000000e-04
[Epoch 36] Train Loss: 1.094760e+00 Test Loss: 1.084518e+00 Time 3.7329814434e+00 Learning rate: 5.000000e-04
[Epoch 37] Train Loss: 1.092744e+00 Test Loss: 1.083678e+00 Time 3.7289659977e+00 Learning rate: 2.500000e-04
[Epoch 38] Train Loss: 1.086473e+00 Test Loss: 1.081266e+00 Time 3.7251048088e+00 Learning rate: 2.500000e-04
[Epoch 39] Train Loss: 1.089816e+00 Test Loss: 1.081300e+00 Time 3.7248580456e+00 Learning rate: 2.500000e-04
[Epoch 40] Train Loss: 1.081658e+00 Test Loss: 1.069284e+00 Time 3.7816379070e+00 Learning rate: 2.500000e-04
[Epoch 41] Train Loss: 1.083095e+00 Test Loss: 1.064758e+00 Time 3.7936635017e+00 Learning rate: 2.500000e-04
[Epoch 42] Train Loss: 1.071422e+00 Test Loss: 1.051238e+00 Time 3.7556545734e+00 Learning rate: 2.500000e-04
[Epoch 43] Train Loss: 1.047348e+00 Test Loss: 9.934137e-01 Time 3.7234015465e+00 Learning rate: 2.500000e-04
[Epoch 44] Train Loss: 9.503074e-01 Test Loss: 7.475736e-01 Time 3.7444114685e+00 Learning rate: 2.500000e-04
[Epoch 45] Train Loss: 7.950337e-01 Test Loss: 8.840413e-01 Time 3.7346794605e+00 Learning rate: 2.500000e-04
[Epoch 46] Train Loss: 8.215688e-01 Test Loss: 6.032096e-01 Time 3.7330250740e+00 Learning rate: 2.500000e-04
[Epoch 47] Train Loss: 6.345868e-01 Test Loss: 5.157191e-01 Time 3.7353298664e+00 Learning rate: 2.500000e-04
[Epoch 48] Train Loss: 4.743851e-01 Test Loss: 3.870706e-01 Time 3.8014292717e+00 Learning rate: 2.500000e-04
[Epoch 49] Train Loss: 5.378044e-01 Test Loss: 6.834754e-01 Time 3.7908356190e+00 Learning rate: 2.500000e-04
[Epoch 50] Train Loss: 5.864989e-01 Test Loss: 4.135120e-01 Time 3.7505550385e+00 Learning rate: 2.500000e-04
[Epoch 51] Train Loss: 7.406148e-01 Test Loss: 5.026384e-01 Time 3.7324213982e+00 Learning rate: 2.500000e-04
[Epoch 52] Train Loss: 5.002065e-01 Test Loss: 4.154733e-01 Time 3.7300817966e+00 Learning rate: 2.500000e-04
[Epoch 53] Train Loss: 3.399270e-01 Test Loss: 2.850462e-01 Time 3.7307577133e+00 Learning rate: 2.500000e-04
[Epoch 54] Train Loss: 3.153291e-01 Test Loss: 2.974688e-01 Time 3.7273592949e+00 Learning rate: 2.500000e-04
[Epoch 55] Train Loss: 2.566637e-01 Test Loss: 2.044222e-01 Time 3.7347412109e+00 Learning rate: 2.500000e-04
[Epoch 56] Train Loss: 1.934095e-01 Test Loss: 1.139842e-01 Time 3.7940080166e+00 Learning rate: 2.500000e-04
[Epoch 57] Train Loss: 2.088753e-01 Test Loss: 1.318109e-01 Time 3.8076779842e+00 Learning rate: 2.500000e-04
[Epoch 58] Train Loss: 2.135773e-01 Test Loss: 2.383360e-01 Time 3.7776825428e+00 Learning rate: 2.500000e-04
[Epoch 59] Train Loss: 1.608706e-01 Test Loss: 1.136517e-01 Time 3.7308406830e+00 Learning rate: 2.500000e-04
[Epoch 60] Train Loss: 1.159169e-01 Test Loss: 9.147439e-02 Time 3.7497177124e+00 Learning rate: 2.500000e-04
[Epoch 61] Train Loss: 1.048013e-01 Test Loss: 2.426621e-01 Time 3.7281258106e+00 Learning rate: 2.500000e-04
[Epoch 62] Train Loss: 1.504502e-01 Test Loss: 1.550574e-01 Time 3.7324309349e+00 Learning rate: 2.500000e-04
[Epoch 63] Train Loss: 1.012193e-01 Test Loss: -2.148566e-02 Time 3.7313866615e+00 Learning rate: 2.500000e-04
[Epoch 64] Train Loss: 9.476479e-02 Test Loss: 2.729877e-02 Time 3.7731006145e+00 Learning rate: 2.500000e-04
[Epoch 65] Train Loss: 8.842002e-02 Test Loss: -1.568145e-02 Time 3.7856624126e+00 Learning rate: 2.500000e-04
[Epoch 66] Train Loss: 1.383728e-01 Test Loss: 1.280863e-01 Time 3.7785482407e+00 Learning rate: 2.500000e-04
[Epoch 67] Train Loss: 7.248823e-02 Test Loss: 2.037550e-02 Time 3.7288846970e+00 Learning rate: 2.500000e-04
[Epoch 68] Train Loss: 3.654716e-02 Test Loss: -6.684040e-02 Time 3.7218606472e+00 Learning rate: 2.500000e-04
[Epoch 69] Train Loss: -1.740899e-02 Test Loss: -8.824787e-02 Time 3.7422308922e+00 Learning rate: 2.500000e-04
[Epoch 70] Train Loss: 3.505875e-03 Test Loss: -7.759597e-02 Time 3.7256181240e+00 Learning rate: 2.500000e-04
[Epoch 71] Train Loss: 7.882440e-03 Test Loss: -8.953986e-02 Time 3.7371683121e+00 Learning rate: 2.500000e-04
[Epoch 72] Train Loss: -1.681280e-04 Test Loss: -1.150247e-01 Time 3.7615559101e+00 Learning rate: 2.500000e-04
[Epoch 73] Train Loss: -1.928494e-02 Test Loss: -1.735540e-01 Time 3.7878074646e+00 Learning rate: 2.500000e-04
[Epoch 74] Train Loss: -4.573654e-02 Test Loss: -2.349832e-02 Time 3.7813951969e+00 Learning rate: 2.500000e-04
[Epoch 75] Train Loss: -7.569485e-02 Test Loss: -1.379919e-01 Time 3.7312867641e+00 Learning rate: 2.500000e-04
[Epoch 76] Train Loss: -6.308597e-02 Test Loss: -1.575481e-01 Time 3.7333505154e+00 Learning rate: 2.500000e-04
[Epoch 77] Train Loss: -7.776967e-02 Test Loss: 1.128331e-01 Time 3.7299141884e+00 Learning rate: 2.500000e-04
[Epoch 78] Train Loss: 3.666220e-02 Test Loss: 1.774895e-01 Time 3.7366704941e+00 Learning rate: 2.500000e-04
[Epoch 79] Train Loss: -2.309793e-02 Test Loss: -2.587179e-02 Time 3.7251305580e+00 Learning rate: 2.500000e-04
[Epoch 80] Train Loss: -9.364931e-02 Test Loss: -8.056217e-02 Time 3.7255740166e+00 Learning rate: 2.500000e-04
[Epoch 81] Train Loss: -6.896283e-02 Test Loss: -6.895816e-02 Time 3.7893302441e+00 Learning rate: 2.500000e-04
[Epoch 82] Train Loss: -1.056374e-01 Test Loss: -1.358854e-01 Time 3.8525912762e+00 Learning rate: 2.500000e-04
[Epoch 83] Train Loss: -8.274631e-02 Test Loss: -1.078094e-01 Time 3.7247209549e+00 Learning rate: 2.500000e-04
[Epoch 84] Train Loss: -1.128277e-01 Test Loss: -1.138589e-01 Time 3.7275900841e+00 Learning rate: 1.250000e-04
[Epoch 85] Train Loss: -1.294083e-01 Test Loss: 3.579585e-02 Time 3.7470436096e+00 Learning rate: 1.250000e-04
[Epoch 86] Train Loss: -1.693680e-01 Test Loss: -9.478874e-02 Time 4.0109660625e+00 Learning rate: 1.250000e-04
[Epoch 87] Train Loss: -1.705844e-01 Test Loss: -1.008736e-01 Time 3.7334375381e+00 Learning rate: 1.250000e-04
[Epoch 88] Train Loss: -1.626924e-01 Test Loss: -1.640168e-01 Time 3.7281165123e+00 Learning rate: 1.250000e-04
[Epoch 89] Train Loss: -1.800626e-01 Test Loss: -1.056049e-01 Time 3.7841017246e+00 Learning rate: 1.250000e-04
[Epoch 90] Train Loss: -1.501880e-01 Test Loss: -1.729907e-01 Time 3.8273282051e+00 Learning rate: 1.250000e-04
[Epoch 91] Train Loss: -1.398773e-01 Test Loss: -1.948058e-02 Time 3.7219512463e+00 Learning rate: 1.250000e-04
[Epoch 92] Train Loss: -1.952752e-01 Test Loss: -8.205305e-02 Time 3.7226946354e+00 Learning rate: 1.250000e-04
[Epoch 93] Train Loss: -1.867517e-01 Test Loss: 8.410699e-03 Time 3.7225985527e+00 Learning rate: 1.250000e-04
[Epoch 94] Train Loss: -2.124226e-01 Test Loss: -1.864802e-01 Time 3.7263052464e+00 Learning rate: 1.250000e-04
[Epoch 95] Train Loss: -1.593401e-01 Test Loss: -1.300303e-01 Time 3.7255525589e+00 Learning rate: 1.250000e-04
[Epoch 96] Train Loss: -2.087497e-01 Test Loss: -1.651028e-01 Time 3.7291755676e+00 Learning rate: 1.250000e-04
[Epoch 97] Train Loss: -1.875853e-01 Test Loss: -1.375196e-01 Time 3.7812442780e+00 Learning rate: 1.250000e-04
[Epoch 98] Train Loss: -1.731776e-01 Test Loss: -1.701593e-01 Time 3.7868661880e+00 Learning rate: 1.250000e-04
[Epoch 99] Train Loss: -2.390584e-01 Test Loss: -2.303407e-01 Time 3.7985405922e+00 Learning rate: 1.250000e-04
[Epoch 100] Train Loss: -2.464076e-01 Test Loss: -1.445860e-01 Time 3.7418954372e+00 Learning rate: 1.250000e-04
[Epoch 101] Train Loss: -2.400220e-01 Test Loss: -1.306962e-01 Time 3.7325992584e+00 Learning rate: 1.250000e-04
[Epoch 102] Train Loss: -2.074065e-01 Test Loss: 6.333670e-03 Time 3.7307517529e+00 Learning rate: 1.250000e-04
[Epoch 103] Train Loss: -2.003181e-01 Test Loss: -2.112902e-01 Time 3.7363715172e+00 Learning rate: 1.250000e-04
[Epoch 104] Train Loss: -2.350333e-01 Test Loss: -9.131312e-02 Time 3.7299189568e+00 Learning rate: 1.250000e-04
[Epoch 105] Train Loss: -2.397395e-01 Test Loss: -1.679912e-01 Time 3.7719080448e+00 Learning rate: 1.250000e-04
[Epoch 106] Train Loss: -2.199517e-01 Test Loss: -2.161267e-01 Time 3.7936303616e+00 Learning rate: 1.250000e-04
[Epoch 107] Train Loss: -1.777596e-01 Test Loss: -1.406518e-01 Time 3.7734122276e+00 Learning rate: 1.250000e-04
[Epoch 108] Train Loss: -2.192181e-01 Test Loss: -8.217518e-02 Time 3.7218244076e+00 Learning rate: 1.250000e-04
[Epoch 109] Train Loss: -2.355446e-01 Test Loss: -2.015788e-01 Time 3.7286369801e+00 Learning rate: 1.250000e-04
[Epoch 110] Train Loss: -2.752815e-01 Test Loss: -8.484848e-02 Time 3.7414093018e+00 Learning rate: 6.250000e-05
[Epoch 111] Train Loss: -2.634904e-01 Test Loss: -2.483726e-01 Time 3.7277681828e+00 Learning rate: 6.250000e-05
[Epoch 112] Train Loss: -2.855573e-01 Test Loss: -2.357560e-01 Time 3.7379267216e+00 Learning rate: 6.250000e-05
[Epoch 113] Train Loss: -2.844002e-01 Test Loss: -1.451601e-01 Time 3.7620053291e+00 Learning rate: 6.250000e-05
[Epoch 114] Train Loss: -2.983025e-01 Test Loss: -2.903923e-01 Time 3.7812261581e+00 Learning rate: 6.250000e-05
[Epoch 115] Train Loss: -2.738280e-01 Test Loss: -2.168750e-01 Time 3.8071486950e+00 Learning rate: 6.250000e-05
[Epoch 116] Train Loss: -2.962212e-01 Test Loss: -1.871014e-01 Time 3.7354648113e+00 Learning rate: 6.250000e-05
[Epoch 117] Train Loss: -3.037481e-01 Test Loss: -1.396184e-01 Time 3.7335746288e+00 Learning rate: 6.250000e-05
[Epoch 118] Train Loss: -2.942494e-01 Test Loss: -1.910773e-01 Time 3.7225475311e+00 Learning rate: 6.250000e-05
[Epoch 119] Train Loss: -3.016016e-01 Test Loss: -1.892626e-01 Time 3.7218112946e+00 Learning rate: 6.250000e-05
[Epoch 120] Train Loss: -3.150924e-01 Test Loss: -1.405918e-01 Time 3.7287578583e+00 Learning rate: 6.250000e-05
[Epoch 121] Train Loss: -3.318774e-01 Test Loss: -1.254933e-01 Time 3.7493529320e+00 Learning rate: 6.250000e-05
[Epoch 122] Train Loss: -3.053063e-01 Test Loss: -2.347291e-01 Time 3.8092989922e+00 Learning rate: 6.250000e-05
[Epoch 123] Train Loss: -2.901772e-01 Test Loss: -2.373475e-01 Time 3.8415741920e+00 Learning rate: 6.250000e-05
[Epoch 124] Train Loss: -3.496359e-01 Test Loss: -1.277022e-01 Time 3.7395062447e+00 Learning rate: 6.250000e-05
[Epoch 125] Train Loss: -3.263193e-01 Test Loss: -1.826923e-01 Time 3.7322583199e+00 Learning rate: 3.125000e-05
[Epoch 126] Train Loss: -3.353783e-01 Test Loss: -1.725481e-01 Time 3.9926736355e+00 Learning rate: 3.125000e-05
[Epoch 127] Train Loss: -3.164820e-01 Test Loss: -2.311726e-01 Time 3.7250323296e+00 Learning rate: 3.125000e-05
[Epoch 128] Train Loss: -3.065336e-01 Test Loss: -1.119631e-01 Time 3.7265212536e+00 Learning rate: 3.125000e-05
[Epoch 129] Train Loss: -3.324448e-01 Test Loss: -1.731200e-01 Time 3.7261939049e+00 Learning rate: 3.125000e-05
[Epoch 130] Train Loss: -3.268383e-01 Test Loss: -1.764859e-01 Time 3.7911393642e+00 Learning rate: 3.125000e-05
[Epoch 131] Train Loss: -3.917808e-01 Test Loss: -2.191560e-01 Time 3.8320286274e+00 Learning rate: 3.125000e-05
[Epoch 132] Train Loss: -3.479627e-01 Test Loss: -1.904679e-01 Time 3.7344839573e+00 Learning rate: 3.125000e-05
[Epoch 133] Train Loss: -3.083807e-01 Test Loss: -1.613674e-01 Time 3.7311770916e+00 Learning rate: 3.125000e-05
[Epoch 134] Train Loss: -3.200231e-01 Test Loss: -2.041842e-01 Time 3.7303190231e+00 Learning rate: 3.125000e-05
[Epoch 135] Train Loss: -3.469179e-01 Test Loss: -1.573159e-01 Time 3.7247016430e+00 Learning rate: 3.125000e-05
[Epoch 136] Train Loss: -3.516371e-01 Test Loss: -1.901471e-01 Time 3.7262120247e+00 Learning rate: 1.562500e-05
[Epoch 137] Train Loss: -3.803743e-01 Test Loss: -2.012631e-01 Time 3.7246797085e+00 Learning rate: 1.562500e-05
[Epoch 138] Train Loss: -3.312043e-01 Test Loss: -2.119679e-01 Time 3.7741518021e+00 Learning rate: 1.562500e-05
[Epoch 139] Train Loss: -3.408815e-01 Test Loss: -1.928855e-01 Time 3.7861649990e+00 Learning rate: 1.562500e-05
[Epoch 140] Train Loss: -3.494013e-01 Test Loss: -2.275307e-01 Time 3.7703795433e+00 Learning rate: 1.562500e-05
[Epoch 141] Train Loss: -3.707139e-01 Test Loss: -2.065749e-01 Time 3.7293000221e+00 Learning rate: 1.562500e-05
[Epoch 142] Train Loss: -3.463286e-01 Test Loss: -1.451407e-01 Time 3.7274224758e+00 Learning rate: 1.562500e-05
[Epoch 143] Train Loss: -3.513270e-01 Test Loss: -2.163513e-01 Time 3.7287418842e+00 Learning rate: 1.562500e-05
[Epoch 144] Train Loss: -3.524881e-01 Test Loss: -1.899631e-01 Time 3.7219078541e+00 Learning rate: 1.562500e-05
