[Epoch 1] Train Loss: 1.483646e+00 Test Loss: 1.174523e+00 Time 3.1001479626e+00 Learning rate: 1.000000e-03
[Epoch 2] Train Loss: 1.134697e+00 Test Loss: 1.104658e+00 Time 1.6843039989e+00 Learning rate: 1.000000e-03
[Epoch 3] Train Loss: 1.106171e+00 Test Loss: 1.106099e+00 Time 1.8658127785e+00 Learning rate: 1.000000e-03
[Epoch 4] Train Loss: 1.078962e+00 Test Loss: 1.105322e+00 Time 1.6779556274e+00 Learning rate: 1.000000e-03
[Epoch 5] Train Loss: 1.014172e+00 Test Loss: 9.855885e-01 Time 1.6711540222e+00 Learning rate: 1.000000e-03
[Epoch 6] Train Loss: 7.689471e-01 Test Loss: 5.765516e-01 Time 1.6695275307e+00 Learning rate: 1.000000e-03
[Epoch 7] Train Loss: 6.857841e-01 Test Loss: 5.776202e-01 Time 1.6693239212e+00 Learning rate: 1.000000e-03
[Epoch 8] Train Loss: 5.793868e-01 Test Loss: 5.332342e-01 Time 1.6748566628e+00 Learning rate: 1.000000e-03
[Epoch 9] Train Loss: 4.432940e-01 Test Loss: 3.620853e-01 Time 1.6743526459e+00 Learning rate: 1.000000e-03
[Epoch 10] Train Loss: 3.815018e-01 Test Loss: 2.990704e-01 Time 1.6720705032e+00 Learning rate: 1.000000e-03
[Epoch 11] Train Loss: 3.008315e-01 Test Loss: 1.627446e-01 Time 1.6828618050e+00 Learning rate: 1.000000e-03
[Epoch 12] Train Loss: 4.148005e-01 Test Loss: 4.587196e-01 Time 1.6729936600e+00 Learning rate: 1.000000e-03
[Epoch 13] Train Loss: 4.516313e-01 Test Loss: 5.043954e-01 Time 1.6689136028e+00 Learning rate: 1.000000e-03
[Epoch 14] Train Loss: 4.207945e-01 Test Loss: 2.399200e-01 Time 1.6725912094e+00 Learning rate: 1.000000e-03
[Epoch 15] Train Loss: 3.235597e-01 Test Loss: 2.027995e-01 Time 1.6701056957e+00 Learning rate: 1.000000e-03
[Epoch 16] Train Loss: 2.683228e-01 Test Loss: 1.330863e-01 Time 1.6708295345e+00 Learning rate: 1.000000e-03
[Epoch 17] Train Loss: 3.376065e-01 Test Loss: 2.984618e-01 Time 1.6713590622e+00 Learning rate: 1.000000e-03
[Epoch 18] Train Loss: 5.261165e-01 Test Loss: 3.844876e-01 Time 1.6612071991e+00 Learning rate: 1.000000e-03
[Epoch 19] Train Loss: 3.914768e-01 Test Loss: 2.702823e-01 Time 1.6707782745e+00 Learning rate: 1.000000e-03
[Epoch 20] Train Loss: 3.381173e-01 Test Loss: 2.845143e-01 Time 1.6671040058e+00 Learning rate: 1.000000e-03
[Epoch 21] Train Loss: 2.479362e-01 Test Loss: 1.834603e-01 Time 1.6716632843e+00 Learning rate: 1.000000e-03
[Epoch 22] Train Loss: 2.067501e-01 Test Loss: 1.579067e-01 Time 1.6793572903e+00 Learning rate: 1.000000e-03
[Epoch 23] Train Loss: 1.776394e-01 Test Loss: 1.904953e-01 Time 1.6754291058e+00 Learning rate: 1.000000e-03
[Epoch 24] Train Loss: 2.838792e-01 Test Loss: 1.812621e-01 Time 1.6683969498e+00 Learning rate: 1.000000e-03
[Epoch 25] Train Loss: 1.921558e-01 Test Loss: 9.325223e-03 Time 1.6800622940e+00 Learning rate: 1.000000e-03
[Epoch 26] Train Loss: 9.325987e-02 Test Loss: 3.780485e-01 Time 1.6719777584e+00 Learning rate: 1.000000e-03
[Epoch 27] Train Loss: 2.537342e-01 Test Loss: 3.103653e-01 Time 1.6669895649e+00 Learning rate: 1.000000e-03
[Epoch 28] Train Loss: 2.247521e-01 Test Loss: 6.995577e-02 Time 1.6690089703e+00 Learning rate: 1.000000e-03
[Epoch 29] Train Loss: 1.607326e-01 Test Loss: 2.436351e-01 Time 1.6651217937e+00 Learning rate: 1.000000e-03
[Epoch 30] Train Loss: 2.045810e-01 Test Loss: 1.736301e-01 Time 1.6658761501e+00 Learning rate: 1.000000e-03
[Epoch 31] Train Loss: 1.217840e-01 Test Loss: 6.765591e-02 Time 1.6644420624e+00 Learning rate: 1.000000e-03
[Epoch 32] Train Loss: 5.533111e-02 Test Loss: 1.724736e-01 Time 1.6691923141e+00 Learning rate: 1.000000e-03
[Epoch 33] Train Loss: 2.758996e-01 Test Loss: 1.980693e-01 Time 1.6745517254e+00 Learning rate: 1.000000e-03
[Epoch 34] Train Loss: 2.241997e-01 Test Loss: 1.444610e-01 Time 1.6705746651e+00 Learning rate: 1.000000e-03
[Epoch 35] Train Loss: 1.061867e-01 Test Loss: 3.414504e-02 Time 1.6686813831e+00 Learning rate: 1.000000e-03
[Epoch 36] Train Loss: 3.936291e-02 Test Loss: 1.556249e-01 Time 1.6647098064e+00 Learning rate: 5.000000e-04
[Epoch 37] Train Loss: 1.167718e-03 Test Loss: 9.738179e-02 Time 1.6684527397e+00 Learning rate: 5.000000e-04
[Epoch 38] Train Loss: -8.119328e-02 Test Loss: -5.550351e-02 Time 1.6753630638e+00 Learning rate: 5.000000e-04
[Epoch 39] Train Loss: -6.760809e-02 Test Loss: 8.236865e-02 Time 1.6678962708e+00 Learning rate: 5.000000e-04
[Epoch 40] Train Loss: -9.610335e-02 Test Loss: 7.242666e-02 Time 1.6659998894e+00 Learning rate: 5.000000e-04
[Epoch 41] Train Loss: -1.036572e-01 Test Loss: -8.076228e-03 Time 1.6655554771e+00 Learning rate: 5.000000e-04
[Epoch 42] Train Loss: -1.303016e-01 Test Loss: -1.467059e-01 Time 1.8454592228e+00 Learning rate: 5.000000e-04
[Epoch 43] Train Loss: -1.452825e-01 Test Loss: 2.617009e-02 Time 1.6673953533e+00 Learning rate: 5.000000e-04
[Epoch 44] Train Loss: -1.279238e-01 Test Loss: 2.091338e-01 Time 1.6709814072e+00 Learning rate: 5.000000e-04
[Epoch 45] Train Loss: -3.432599e-02 Test Loss: 9.757962e-03 Time 1.6724593639e+00 Learning rate: 5.000000e-04
[Epoch 46] Train Loss: -7.079656e-02 Test Loss: -5.955748e-02 Time 1.6668713093e+00 Learning rate: 5.000000e-04
[Epoch 47] Train Loss: -1.333621e-01 Test Loss: -1.034871e-02 Time 1.6621525288e+00 Learning rate: 5.000000e-04
[Epoch 48] Train Loss: -1.467765e-01 Test Loss: -1.439666e-01 Time 1.6733171940e+00 Learning rate: 5.000000e-04
[Epoch 49] Train Loss: -1.683412e-01 Test Loss: -2.797895e-01 Time 1.6765701771e+00 Learning rate: 5.000000e-04
[Epoch 50] Train Loss: -2.151127e-01 Test Loss: -7.500050e-02 Time 1.6832370758e+00 Learning rate: 5.000000e-04
[Epoch 51] Train Loss: -1.559526e-01 Test Loss: -7.214896e-02 Time 1.6755390167e+00 Learning rate: 5.000000e-04
[Epoch 52] Train Loss: -1.357017e-01 Test Loss: -4.467563e-02 Time 1.6965870857e+00 Learning rate: 5.000000e-04
[Epoch 53] Train Loss: -1.519114e-01 Test Loss: -7.377557e-02 Time 1.6315104961e+00 Learning rate: 5.000000e-04
[Epoch 54] Train Loss: -1.266937e-01 Test Loss: -1.955121e-01 Time 1.6078519821e+00 Learning rate: 5.000000e-04
[Epoch 55] Train Loss: -1.181723e-01 Test Loss: 2.030354e-03 Time 1.6100096703e+00 Learning rate: 5.000000e-04
[Epoch 56] Train Loss: -1.791029e-01 Test Loss: -1.371296e-01 Time 1.6104495525e+00 Learning rate: 5.000000e-04
[Epoch 57] Train Loss: -1.977629e-01 Test Loss: -2.099534e-01 Time 1.6063592434e+00 Learning rate: 5.000000e-04
[Epoch 58] Train Loss: -2.371613e-01 Test Loss: -2.541435e-01 Time 1.6097588539e+00 Learning rate: 5.000000e-04
[Epoch 59] Train Loss: -1.745820e-01 Test Loss: -1.303690e-01 Time 1.6097891331e+00 Learning rate: 5.000000e-04
[Epoch 60] Train Loss: -2.267848e-01 Test Loss: -9.415273e-02 Time 1.6038389206e+00 Learning rate: 2.500000e-04
[Epoch 61] Train Loss: -3.034932e-01 Test Loss: -1.332798e-01 Time 1.6070330143e+00 Learning rate: 2.500000e-04
[Epoch 62] Train Loss: -2.931963e-01 Test Loss: -1.006750e-01 Time 1.6069498062e+00 Learning rate: 2.500000e-04
[Epoch 63] Train Loss: -3.257332e-01 Test Loss: -1.419671e-01 Time 1.6130654812e+00 Learning rate: 2.500000e-04
[Epoch 64] Train Loss: -3.286033e-01 Test Loss: -7.513268e-02 Time 1.6070034504e+00 Learning rate: 2.500000e-04
[Epoch 65] Train Loss: -3.436005e-01 Test Loss: -2.213372e-01 Time 1.6064782143e+00 Learning rate: 2.500000e-04
[Epoch 66] Train Loss: -3.512016e-01 Test Loss: -2.279142e-01 Time 1.6103928089e+00 Learning rate: 2.500000e-04
[Epoch 67] Train Loss: -3.685195e-01 Test Loss: -1.567150e-01 Time 1.6067905426e+00 Learning rate: 2.500000e-04
[Epoch 68] Train Loss: -3.780202e-01 Test Loss: -2.646829e-01 Time 1.6081957817e+00 Learning rate: 2.500000e-04
[Epoch 69] Train Loss: -3.566775e-01 Test Loss: -6.375060e-02 Time 1.6222395897e+00 Learning rate: 2.500000e-04
[Epoch 70] Train Loss: -3.890094e-01 Test Loss: -3.205360e-02 Time 1.6441872120e+00 Learning rate: 2.500000e-04
[Epoch 71] Train Loss: -3.366750e-01 Test Loss: -9.606518e-02 Time 1.6382191181e+00 Learning rate: 1.250000e-04
[Epoch 72] Train Loss: -3.967525e-01 Test Loss: -2.009689e-01 Time 1.6566450596e+00 Learning rate: 1.250000e-04
[Epoch 73] Train Loss: -4.132927e-01 Test Loss: -1.340085e-01 Time 1.6704423428e+00 Learning rate: 1.250000e-04
[Epoch 74] Train Loss: -4.309663e-01 Test Loss: -1.084472e-01 Time 1.6509671211e+00 Learning rate: 1.250000e-04
[Epoch 75] Train Loss: -4.417000e-01 Test Loss: -1.957257e-01 Time 1.7558012009e+00 Learning rate: 1.250000e-04
[Epoch 76] Train Loss: -4.239032e-01 Test Loss: -1.562837e-01 Time 1.7129101753e+00 Learning rate: 1.250000e-04
[Epoch 77] Train Loss: -4.377038e-01 Test Loss: -1.817061e-01 Time 1.6719701290e+00 Learning rate: 1.250000e-04
[Epoch 78] Train Loss: -4.554441e-01 Test Loss: -1.430729e-01 Time 1.6654281616e+00 Learning rate: 1.250000e-04
[Epoch 79] Train Loss: -4.391777e-01 Test Loss: -1.508258e-01 Time 1.6641571522e+00 Learning rate: 1.250000e-04
