[Epoch 1] Train Loss: 1.333935e+00 Test Loss: 1.111510e+00 Time 3.0461671352e+00 Learning rate: 1.000000e-03
[Epoch 2] Train Loss: 1.127526e+00 Test Loss: 1.093301e+00 Time 1.6577737331e+00 Learning rate: 1.000000e-03
[Epoch 3] Train Loss: 1.281318e+00 Test Loss: 1.159608e+00 Time 1.8201804161e+00 Learning rate: 1.000000e-03
[Epoch 4] Train Loss: 1.157139e+00 Test Loss: 1.159116e+00 Time 1.6439449787e+00 Learning rate: 1.000000e-03
[Epoch 5] Train Loss: 1.118833e+00 Test Loss: 1.098789e+00 Time 1.6445984840e+00 Learning rate: 1.000000e-03
[Epoch 6] Train Loss: 1.121778e+00 Test Loss: 1.099299e+00 Time 1.6474163532e+00 Learning rate: 1.000000e-03
[Epoch 7] Train Loss: 1.113148e+00 Test Loss: 1.070157e+00 Time 1.6525945663e+00 Learning rate: 1.000000e-03
[Epoch 8] Train Loss: 1.085990e+00 Test Loss: 9.343894e-01 Time 1.6553754807e+00 Learning rate: 1.000000e-03
[Epoch 9] Train Loss: 8.767340e-01 Test Loss: 6.232653e-01 Time 1.6592051983e+00 Learning rate: 1.000000e-03
[Epoch 10] Train Loss: 8.903097e-01 Test Loss: 6.921920e-01 Time 1.6538734436e+00 Learning rate: 1.000000e-03
[Epoch 11] Train Loss: 8.053504e-01 Test Loss: 5.990810e-01 Time 1.6550424099e+00 Learning rate: 1.000000e-03
[Epoch 12] Train Loss: 6.198750e-01 Test Loss: 4.513342e-01 Time 1.6594924927e+00 Learning rate: 1.000000e-03
[Epoch 13] Train Loss: 4.963590e-01 Test Loss: 3.958173e-01 Time 1.6575753689e+00 Learning rate: 1.000000e-03
[Epoch 14] Train Loss: 4.825519e-01 Test Loss: 3.807740e-01 Time 1.6589884758e+00 Learning rate: 1.000000e-03
[Epoch 15] Train Loss: 3.521393e-01 Test Loss: 2.533613e-01 Time 1.6593000889e+00 Learning rate: 1.000000e-03
[Epoch 16] Train Loss: 2.802409e-01 Test Loss: 1.312770e-01 Time 1.6619257927e+00 Learning rate: 1.000000e-03
[Epoch 17] Train Loss: 2.671810e-01 Test Loss: 1.947684e-01 Time 1.6564483643e+00 Learning rate: 1.000000e-03
[Epoch 18] Train Loss: 3.090075e-01 Test Loss: 3.046134e-01 Time 1.6571178436e+00 Learning rate: 1.000000e-03
[Epoch 19] Train Loss: 2.873492e-01 Test Loss: 1.906879e-01 Time 1.6643962860e+00 Learning rate: 1.000000e-03
[Epoch 20] Train Loss: 2.079457e-01 Test Loss: 1.421696e-01 Time 1.6549186707e+00 Learning rate: 1.000000e-03
[Epoch 21] Train Loss: 1.202970e-01 Test Loss: -1.903794e-02 Time 1.6573588848e+00 Learning rate: 1.000000e-03
[Epoch 22] Train Loss: 2.315965e-01 Test Loss: 3.454738e-01 Time 1.6509368420e+00 Learning rate: 1.000000e-03
[Epoch 23] Train Loss: 2.043184e-01 Test Loss: 1.203635e-01 Time 1.6565260887e+00 Learning rate: 1.000000e-03
[Epoch 24] Train Loss: 1.547188e-01 Test Loss: 8.593349e-01 Time 1.6532819271e+00 Learning rate: 1.000000e-03
[Epoch 25] Train Loss: 2.170433e-01 Test Loss: 7.610373e-02 Time 1.6507139206e+00 Learning rate: 1.000000e-03
[Epoch 26] Train Loss: 2.412826e-01 Test Loss: 1.642319e-01 Time 1.6527202129e+00 Learning rate: 1.000000e-03
[Epoch 27] Train Loss: 2.094639e-01 Test Loss: 3.316572e-01 Time 1.6542232037e+00 Learning rate: 1.000000e-03
[Epoch 28] Train Loss: 2.804948e-01 Test Loss: 3.477148e-01 Time 1.6599099636e+00 Learning rate: 1.000000e-03
[Epoch 29] Train Loss: 2.246803e-01 Test Loss: 1.025704e-01 Time 1.6570291519e+00 Learning rate: 1.000000e-03
[Epoch 30] Train Loss: 6.669310e-02 Test Loss: -2.959490e-02 Time 1.6532764435e+00 Learning rate: 1.000000e-03
[Epoch 31] Train Loss: 1.167034e-02 Test Loss: 9.675100e-02 Time 1.6544978619e+00 Learning rate: 1.000000e-03
[Epoch 32] Train Loss: 5.819184e-02 Test Loss: 4.108804e-02 Time 1.6538040638e+00 Learning rate: 1.000000e-03
[Epoch 33] Train Loss: 5.263423e-02 Test Loss: 1.796823e-02 Time 1.6591691971e+00 Learning rate: 1.000000e-03
[Epoch 34] Train Loss: 4.389445e-02 Test Loss: -9.641746e-02 Time 1.6557648182e+00 Learning rate: 1.000000e-03
[Epoch 35] Train Loss: 9.591312e-03 Test Loss: -5.959599e-02 Time 1.6537730694e+00 Learning rate: 1.000000e-03
[Epoch 36] Train Loss: -3.265013e-02 Test Loss: -1.240964e-01 Time 1.6521687508e+00 Learning rate: 1.000000e-03
[Epoch 37] Train Loss: -4.866914e-02 Test Loss: -9.446336e-02 Time 1.6571166515e+00 Learning rate: 1.000000e-03
[Epoch 38] Train Loss: 1.610239e-01 Test Loss: 2.392424e-02 Time 1.6552624702e+00 Learning rate: 1.000000e-03
[Epoch 39] Train Loss: 1.315333e-01 Test Loss: 4.823545e-02 Time 1.6537644863e+00 Learning rate: 1.000000e-03
[Epoch 40] Train Loss: 7.006784e-03 Test Loss: -2.255520e-01 Time 1.6476883888e+00 Learning rate: 1.000000e-03
[Epoch 41] Train Loss: 6.948340e-02 Test Loss: -9.434426e-03 Time 1.6546032429e+00 Learning rate: 1.000000e-03
[Epoch 42] Train Loss: 6.018248e-02 Test Loss: -2.885888e-02 Time 1.6547980309e+00 Learning rate: 1.000000e-03
[Epoch 43] Train Loss: 5.521890e-02 Test Loss: -6.717110e-02 Time 1.6542661190e+00 Learning rate: 1.000000e-03
[Epoch 44] Train Loss: -6.819285e-02 Test Loss: -2.211062e-01 Time 1.6647884846e+00 Learning rate: 1.000000e-03
[Epoch 45] Train Loss: -8.625206e-02 Test Loss: -4.538143e-02 Time 1.6541662216e+00 Learning rate: 1.000000e-03
[Epoch 46] Train Loss: 4.031616e-02 Test Loss: 6.069267e-02 Time 1.6490545273e+00 Learning rate: 1.000000e-03
[Epoch 47] Train Loss: 3.033466e-01 Test Loss: 1.694460e-01 Time 1.8182511330e+00 Learning rate: 1.000000e-03
[Epoch 48] Train Loss: 1.680540e-01 Test Loss: 1.419330e-01 Time 1.6583125591e+00 Learning rate: 1.000000e-03
[Epoch 49] Train Loss: 8.676134e-03 Test Loss: -8.430678e-02 Time 1.6509323120e+00 Learning rate: 1.000000e-03
[Epoch 50] Train Loss: -2.906653e-02 Test Loss: -9.430768e-02 Time 1.6504664421e+00 Learning rate: 1.000000e-03
[Epoch 51] Train Loss: -8.559894e-02 Test Loss: -4.914771e-02 Time 1.6525270939e+00 Learning rate: 5.000000e-04
[Epoch 52] Train Loss: -8.543242e-02 Test Loss: -3.842352e-02 Time 1.6502411366e+00 Learning rate: 5.000000e-04
[Epoch 53] Train Loss: -1.741681e-01 Test Loss: -2.787543e-01 Time 1.6600685120e+00 Learning rate: 5.000000e-04
[Epoch 54] Train Loss: -1.588138e-01 Test Loss: -3.715097e-02 Time 1.6607334614e+00 Learning rate: 5.000000e-04
[Epoch 55] Train Loss: -2.100871e-01 Test Loss: -3.289182e-01 Time 1.6460428238e+00 Learning rate: 5.000000e-04
[Epoch 56] Train Loss: -1.248529e-01 Test Loss: -1.194833e-01 Time 1.6580655575e+00 Learning rate: 5.000000e-04
[Epoch 57] Train Loss: -2.079085e-01 Test Loss: -2.142552e-01 Time 1.6569352150e+00 Learning rate: 5.000000e-04
[Epoch 58] Train Loss: -2.412189e-01 Test Loss: -2.011650e-01 Time 1.6508896351e+00 Learning rate: 5.000000e-04
[Epoch 59] Train Loss: -2.601437e-01 Test Loss: -3.011009e-01 Time 1.6493706703e+00 Learning rate: 5.000000e-04
[Epoch 60] Train Loss: -2.570083e-01 Test Loss: -1.190331e-01 Time 1.6482357979e+00 Learning rate: 5.000000e-04
[Epoch 61] Train Loss: -2.699702e-01 Test Loss: -8.760293e-02 Time 1.6576542854e+00 Learning rate: 5.000000e-04
[Epoch 62] Train Loss: -1.632519e-01 Test Loss: 7.544729e-02 Time 1.6579463482e+00 Learning rate: 5.000000e-04
[Epoch 63] Train Loss: -2.424313e-01 Test Loss: -1.849009e-01 Time 1.6565787792e+00 Learning rate: 5.000000e-04
[Epoch 64] Train Loss: -2.766196e-01 Test Loss: -2.362892e-01 Time 1.6543788910e+00 Learning rate: 5.000000e-04
[Epoch 65] Train Loss: -2.760682e-01 Test Loss: -2.858064e-01 Time 1.6575982571e+00 Learning rate: 5.000000e-04
[Epoch 66] Train Loss: -2.775391e-01 Test Loss: -2.559892e-01 Time 1.6544911861e+00 Learning rate: 2.500000e-04
[Epoch 67] Train Loss: -3.508566e-01 Test Loss: -2.140692e-01 Time 1.6556200981e+00 Learning rate: 2.500000e-04
[Epoch 68] Train Loss: -3.497783e-01 Test Loss: -2.064245e-01 Time 1.6601305008e+00 Learning rate: 2.500000e-04
[Epoch 69] Train Loss: -3.691464e-01 Test Loss: -2.443293e-01 Time 1.6561725140e+00 Learning rate: 2.500000e-04
[Epoch 70] Train Loss: -3.724684e-01 Test Loss: -2.309898e-01 Time 1.6575152874e+00 Learning rate: 2.500000e-04
[Epoch 71] Train Loss: -3.569642e-01 Test Loss: -3.331783e-01 Time 1.6541829109e+00 Learning rate: 2.500000e-04
[Epoch 72] Train Loss: -3.426226e-01 Test Loss: -1.178287e-01 Time 1.6584091187e+00 Learning rate: 2.500000e-04
[Epoch 73] Train Loss: -4.028992e-01 Test Loss: -2.340195e-01 Time 1.6589887142e+00 Learning rate: 2.500000e-04
[Epoch 74] Train Loss: -3.908291e-01 Test Loss: -2.537997e-01 Time 1.6554362774e+00 Learning rate: 2.500000e-04
[Epoch 75] Train Loss: -4.062873e-01 Test Loss: -2.725914e-01 Time 1.6558201313e+00 Learning rate: 2.500000e-04
[Epoch 76] Train Loss: -3.294274e-01 Test Loss: 1.798837e-02 Time 1.6534197330e+00 Learning rate: 2.500000e-04
[Epoch 77] Train Loss: -3.070506e-01 Test Loss: -1.713577e-01 Time 1.6524684429e+00 Learning rate: 2.500000e-04
[Epoch 78] Train Loss: -3.378229e-01 Test Loss: -2.463341e-01 Time 1.6561725140e+00 Learning rate: 2.500000e-04
[Epoch 79] Train Loss: -3.821809e-01 Test Loss: -1.892776e-01 Time 1.6511757374e+00 Learning rate: 2.500000e-04
[Epoch 80] Train Loss: -4.315265e-01 Test Loss: -2.828976e-01 Time 1.6502385139e+00 Learning rate: 2.500000e-04
[Epoch 81] Train Loss: -4.190026e-01 Test Loss: -8.262152e-02 Time 1.6489202976e+00 Learning rate: 2.500000e-04
[Epoch 82] Train Loss: -4.140931e-01 Test Loss: -2.380874e-01 Time 1.6578812599e+00 Learning rate: 1.250000e-04
[Epoch 83] Train Loss: -4.725236e-01 Test Loss: -2.657189e-01 Time 1.6590766907e+00 Learning rate: 1.250000e-04
[Epoch 84] Train Loss: -4.384065e-01 Test Loss: -2.054487e-01 Time 1.6532995701e+00 Learning rate: 1.250000e-04
[Epoch 85] Train Loss: -4.687119e-01 Test Loss: -2.288303e-01 Time 1.6584653854e+00 Learning rate: 1.250000e-04
[Epoch 86] Train Loss: -4.479803e-01 Test Loss: -1.941251e-01 Time 1.6566972733e+00 Learning rate: 1.250000e-04
[Epoch 87] Train Loss: -4.992414e-01 Test Loss: -1.981815e-01 Time 1.6521558762e+00 Learning rate: 1.250000e-04
[Epoch 88] Train Loss: -4.601826e-01 Test Loss: -3.341776e-01 Time 1.6523406506e+00 Learning rate: 1.250000e-04
[Epoch 89] Train Loss: -4.403210e-01 Test Loss: -2.369854e-01 Time 1.6514182091e+00 Learning rate: 1.250000e-04
[Epoch 90] Train Loss: -4.837304e-01 Test Loss: -1.944297e-01 Time 1.6541049480e+00 Learning rate: 1.250000e-04
[Epoch 91] Train Loss: -4.931621e-01 Test Loss: -2.120551e-01 Time 1.8126144409e+00 Learning rate: 1.250000e-04
[Epoch 92] Train Loss: -4.957889e-01 Test Loss: -1.488152e-01 Time 1.6509757042e+00 Learning rate: 1.250000e-04
[Epoch 93] Train Loss: -4.613198e-01 Test Loss: -5.481184e-02 Time 1.6506776810e+00 Learning rate: 1.250000e-04
[Epoch 94] Train Loss: -4.585962e-01 Test Loss: -2.110413e-01 Time 1.6506898403e+00 Learning rate: 1.250000e-04
[Epoch 95] Train Loss: -4.818207e-01 Test Loss: -1.523647e-01 Time 1.6474406719e+00 Learning rate: 1.250000e-04
[Epoch 96] Train Loss: -4.887785e-01 Test Loss: -2.119481e-01 Time 1.6450848579e+00 Learning rate: 1.250000e-04
[Epoch 97] Train Loss: -4.478258e-01 Test Loss: -3.121073e-01 Time 1.6465430260e+00 Learning rate: 1.250000e-04
[Epoch 98] Train Loss: -4.969631e-01 Test Loss: -1.659817e-01 Time 1.6497292519e+00 Learning rate: 1.250000e-04
[Epoch 99] Train Loss: -5.020852e-01 Test Loss: -1.588296e-01 Time 1.6503753662e+00 Learning rate: 6.250000e-05
[Epoch 100] Train Loss: -4.949491e-01 Test Loss: -1.540369e-01 Time 1.6563963890e+00 Learning rate: 6.250000e-05
[Epoch 101] Train Loss: -4.961606e-01 Test Loss: -1.805641e-01 Time 1.6517267227e+00 Learning rate: 6.250000e-05
[Epoch 102] Train Loss: -5.473008e-01 Test Loss: -1.804708e-01 Time 1.6501576900e+00 Learning rate: 6.250000e-05
[Epoch 103] Train Loss: -5.215758e-01 Test Loss: -2.251714e-01 Time 1.6580028534e+00 Learning rate: 6.250000e-05
[Epoch 104] Train Loss: -5.329286e-01 Test Loss: -1.120267e-01 Time 1.6531631947e+00 Learning rate: 6.250000e-05
[Epoch 105] Train Loss: -5.604393e-01 Test Loss: -1.836762e-01 Time 1.6549882889e+00 Learning rate: 6.250000e-05
[Epoch 106] Train Loss: -5.476976e-01 Test Loss: -1.586695e-01 Time 1.6537084579e+00 Learning rate: 6.250000e-05
[Epoch 107] Train Loss: -5.418944e-01 Test Loss: -2.319009e-01 Time 1.6541786194e+00 Learning rate: 6.250000e-05
[Epoch 108] Train Loss: -5.302467e-01 Test Loss: -1.983135e-01 Time 1.6563816071e+00 Learning rate: 6.250000e-05
[Epoch 109] Train Loss: -5.276928e-01 Test Loss: -1.987414e-01 Time 1.6541032791e+00 Learning rate: 6.250000e-05
[Epoch 110] Train Loss: -5.677313e-01 Test Loss: -2.295281e-01 Time 1.6502435207e+00 Learning rate: 3.125000e-05
[Epoch 111] Train Loss: -5.606854e-01 Test Loss: -1.672126e-01 Time 1.6543686390e+00 Learning rate: 3.125000e-05
[Epoch 112] Train Loss: -5.311850e-01 Test Loss: -1.446817e-01 Time 1.6546537876e+00 Learning rate: 3.125000e-05
[Epoch 113] Train Loss: -5.585604e-01 Test Loss: -1.442310e-01 Time 1.6549501419e+00 Learning rate: 3.125000e-05
[Epoch 114] Train Loss: -5.519612e-01 Test Loss: -1.660162e-01 Time 1.6602172852e+00 Learning rate: 3.125000e-05
[Epoch 115] Train Loss: -5.623804e-01 Test Loss: -9.305866e-02 Time 1.6543443203e+00 Learning rate: 3.125000e-05
[Epoch 116] Train Loss: -5.510011e-01 Test Loss: -1.186327e-01 Time 1.6519327164e+00 Learning rate: 3.125000e-05
[Epoch 117] Train Loss: -5.537805e-01 Test Loss: -1.302221e-01 Time 1.6575758457e+00 Learning rate: 3.125000e-05
[Epoch 118] Train Loss: -5.574710e-01 Test Loss: -6.949396e-02 Time 1.6525919437e+00 Learning rate: 3.125000e-05
