[Epoch 1] Train Loss: 1.271963e+00 Test Loss: 1.139302e+00 Time 3.0223331451e+00 Learning rate: 1.000000e-03
[Epoch 2] Train Loss: 1.125590e+00 Test Loss: 1.099070e+00 Time 1.6546964645e+00 Learning rate: 1.000000e-03
[Epoch 3] Train Loss: 1.609300e+00 Test Loss: 1.105678e+00 Time 1.8205647469e+00 Learning rate: 1.000000e-03
[Epoch 4] Train Loss: 1.174564e+00 Test Loss: 1.149615e+00 Time 1.6480541229e+00 Learning rate: 1.000000e-03
[Epoch 5] Train Loss: 1.131145e+00 Test Loss: 1.128246e+00 Time 1.6445224285e+00 Learning rate: 1.000000e-03
[Epoch 6] Train Loss: 1.105630e+00 Test Loss: 1.076172e+00 Time 1.6474070549e+00 Learning rate: 1.000000e-03
[Epoch 7] Train Loss: 1.246311e+00 Test Loss: 1.226507e+00 Time 1.6532156467e+00 Learning rate: 1.000000e-03
[Epoch 8] Train Loss: 1.244191e+00 Test Loss: 1.214008e+00 Time 1.6520366669e+00 Learning rate: 1.000000e-03
[Epoch 9] Train Loss: 1.237096e+00 Test Loss: 1.170592e+00 Time 1.6547787189e+00 Learning rate: 1.000000e-03
[Epoch 10] Train Loss: 1.180372e+00 Test Loss: 1.117638e+00 Time 1.6599061489e+00 Learning rate: 1.000000e-03
[Epoch 11] Train Loss: 1.145328e+00 Test Loss: 1.115001e+00 Time 1.6611456871e+00 Learning rate: 1.000000e-03
[Epoch 12] Train Loss: 1.147347e+00 Test Loss: 1.118113e+00 Time 1.6493926048e+00 Learning rate: 1.000000e-03
[Epoch 13] Train Loss: 1.147833e+00 Test Loss: 1.119085e+00 Time 1.6587579250e+00 Learning rate: 1.000000e-03
[Epoch 14] Train Loss: 1.138425e+00 Test Loss: 1.110848e+00 Time 1.6566855907e+00 Learning rate: 1.000000e-03
[Epoch 15] Train Loss: 1.132442e+00 Test Loss: 1.110824e+00 Time 1.6552414894e+00 Learning rate: 1.000000e-03
[Epoch 16] Train Loss: 1.130178e+00 Test Loss: 1.108311e+00 Time 1.6564283371e+00 Learning rate: 1.000000e-03
[Epoch 17] Train Loss: 1.131650e+00 Test Loss: 1.096543e+00 Time 1.6550159454e+00 Learning rate: 5.000000e-04
[Epoch 18] Train Loss: 1.119862e+00 Test Loss: 1.088556e+00 Time 1.6599197388e+00 Learning rate: 5.000000e-04
[Epoch 19] Train Loss: 1.105844e+00 Test Loss: 1.035210e+00 Time 1.6541526318e+00 Learning rate: 5.000000e-04
[Epoch 20] Train Loss: 1.081698e+00 Test Loss: 9.091969e-01 Time 1.6577484608e+00 Learning rate: 5.000000e-04
[Epoch 21] Train Loss: 9.953648e-01 Test Loss: 1.172953e+00 Time 1.6527304649e+00 Learning rate: 5.000000e-04
[Epoch 22] Train Loss: 8.440753e-01 Test Loss: 6.052327e-01 Time 1.6472973824e+00 Learning rate: 5.000000e-04
[Epoch 23] Train Loss: 9.611156e-01 Test Loss: 1.139680e+00 Time 1.6547505856e+00 Learning rate: 5.000000e-04
[Epoch 24] Train Loss: 1.104113e+00 Test Loss: 1.049247e+00 Time 1.6532061100e+00 Learning rate: 5.000000e-04
[Epoch 25] Train Loss: 8.801661e-01 Test Loss: 7.124963e-01 Time 1.6518032551e+00 Learning rate: 5.000000e-04
[Epoch 26] Train Loss: 6.910451e-01 Test Loss: 6.788790e-01 Time 1.6517562866e+00 Learning rate: 5.000000e-04
[Epoch 27] Train Loss: 7.461169e-01 Test Loss: 7.027670e-01 Time 1.6530423164e+00 Learning rate: 5.000000e-04
[Epoch 28] Train Loss: 5.692460e-01 Test Loss: 4.741923e-01 Time 1.6561980247e+00 Learning rate: 5.000000e-04
[Epoch 29] Train Loss: 5.085125e-01 Test Loss: 3.918804e-01 Time 1.6527898312e+00 Learning rate: 5.000000e-04
[Epoch 30] Train Loss: 4.164480e-01 Test Loss: 3.365065e-01 Time 1.6588695049e+00 Learning rate: 5.000000e-04
[Epoch 31] Train Loss: 3.585303e-01 Test Loss: 3.061476e-01 Time 1.6575198174e+00 Learning rate: 5.000000e-04
[Epoch 32] Train Loss: 3.793185e-01 Test Loss: 4.795529e-01 Time 1.6552960873e+00 Learning rate: 5.000000e-04
[Epoch 33] Train Loss: 3.331634e-01 Test Loss: 2.075957e-01 Time 1.6554501057e+00 Learning rate: 5.000000e-04
[Epoch 34] Train Loss: 2.954230e-01 Test Loss: 2.039319e-01 Time 1.6493134499e+00 Learning rate: 5.000000e-04
[Epoch 35] Train Loss: 2.235114e-01 Test Loss: 3.271785e-01 Time 1.6496164799e+00 Learning rate: 5.000000e-04
[Epoch 36] Train Loss: 3.438066e-01 Test Loss: 4.726819e-01 Time 1.6493041515e+00 Learning rate: 5.000000e-04
[Epoch 37] Train Loss: 3.040416e-01 Test Loss: 2.737926e-01 Time 1.6520226002e+00 Learning rate: 5.000000e-04
[Epoch 38] Train Loss: 3.386089e-01 Test Loss: 2.416250e-01 Time 1.6450772285e+00 Learning rate: 5.000000e-04
[Epoch 39] Train Loss: 2.346018e-01 Test Loss: 1.282103e-01 Time 1.6562898159e+00 Learning rate: 5.000000e-04
[Epoch 40] Train Loss: 2.761313e-01 Test Loss: 1.162100e-01 Time 1.6570696831e+00 Learning rate: 5.000000e-04
[Epoch 41] Train Loss: 2.196011e-01 Test Loss: 5.187882e-02 Time 1.6581068039e+00 Learning rate: 5.000000e-04
[Epoch 42] Train Loss: 1.379507e-01 Test Loss: 9.081836e-02 Time 1.6548948288e+00 Learning rate: 5.000000e-04
[Epoch 43] Train Loss: 2.571665e-01 Test Loss: 1.019987e-01 Time 1.6520731449e+00 Learning rate: 5.000000e-04
[Epoch 44] Train Loss: 2.707796e-01 Test Loss: 2.064765e-01 Time 1.8171303272e+00 Learning rate: 5.000000e-04
[Epoch 45] Train Loss: 1.850104e-01 Test Loss: 6.032391e-02 Time 1.6567718983e+00 Learning rate: 5.000000e-04
[Epoch 46] Train Loss: 1.203370e-01 Test Loss: 1.817434e-02 Time 1.6561515331e+00 Learning rate: 5.000000e-04
[Epoch 47] Train Loss: 1.322238e-01 Test Loss: 8.284234e-02 Time 1.6569395065e+00 Learning rate: 5.000000e-04
[Epoch 48] Train Loss: 1.609791e-01 Test Loss: 7.277244e-03 Time 1.6437942982e+00 Learning rate: 5.000000e-04
[Epoch 49] Train Loss: 1.218995e-01 Test Loss: 1.708837e-01 Time 1.6603081226e+00 Learning rate: 5.000000e-04
[Epoch 50] Train Loss: 2.332243e-01 Test Loss: 1.941235e-01 Time 1.6530313492e+00 Learning rate: 5.000000e-04
[Epoch 51] Train Loss: 1.494440e-01 Test Loss: 7.632941e-03 Time 1.6528396606e+00 Learning rate: 5.000000e-04
[Epoch 52] Train Loss: 9.122066e-02 Test Loss: -3.978974e-02 Time 1.6542026997e+00 Learning rate: 5.000000e-04
[Epoch 53] Train Loss: 7.623828e-02 Test Loss: -4.698059e-02 Time 1.6581122875e+00 Learning rate: 5.000000e-04
[Epoch 54] Train Loss: 4.604001e-02 Test Loss: -5.147979e-02 Time 1.6543381214e+00 Learning rate: 5.000000e-04
[Epoch 55] Train Loss: 1.474733e-01 Test Loss: 1.600761e-01 Time 1.6515717506e+00 Learning rate: 5.000000e-04
[Epoch 56] Train Loss: 1.026691e-01 Test Loss: -5.204726e-02 Time 1.6615738869e+00 Learning rate: 5.000000e-04
[Epoch 57] Train Loss: 2.697221e-02 Test Loss: -1.235906e-01 Time 1.6514453888e+00 Learning rate: 5.000000e-04
[Epoch 58] Train Loss: 6.130086e-02 Test Loss: 9.866837e-02 Time 1.6564908028e+00 Learning rate: 5.000000e-04
[Epoch 59] Train Loss: -7.849289e-03 Test Loss: -1.123288e-01 Time 1.6534965038e+00 Learning rate: 5.000000e-04
[Epoch 60] Train Loss: 5.258672e-03 Test Loss: -1.724081e-01 Time 1.6543660164e+00 Learning rate: 5.000000e-04
[Epoch 61] Train Loss: -4.845200e-02 Test Loss: -6.232755e-02 Time 1.6554391384e+00 Learning rate: 5.000000e-04
[Epoch 62] Train Loss: 4.409396e-03 Test Loss: 2.905902e-02 Time 1.6537885666e+00 Learning rate: 5.000000e-04
[Epoch 63] Train Loss: 1.448331e-02 Test Loss: -8.876851e-02 Time 1.6557600498e+00 Learning rate: 5.000000e-04
[Epoch 64] Train Loss: -2.726726e-02 Test Loss: -1.245559e-01 Time 1.6519298553e+00 Learning rate: 5.000000e-04
[Epoch 65] Train Loss: -2.384609e-02 Test Loss: -1.543344e-01 Time 1.6563518047e+00 Learning rate: 5.000000e-04
[Epoch 66] Train Loss: -8.344349e-04 Test Loss: 2.873717e-02 Time 1.6505084038e+00 Learning rate: 5.000000e-04
[Epoch 67] Train Loss: -3.194124e-02 Test Loss: 1.992577e-02 Time 1.6525192261e+00 Learning rate: 5.000000e-04
[Epoch 68] Train Loss: 9.897220e-02 Test Loss: -6.534245e-03 Time 1.6532261372e+00 Learning rate: 5.000000e-04
[Epoch 69] Train Loss: 3.825594e-02 Test Loss: -4.402541e-02 Time 1.6516466141e+00 Learning rate: 5.000000e-04
[Epoch 70] Train Loss: -3.714606e-02 Test Loss: -1.008954e-01 Time 1.6568195820e+00 Learning rate: 5.000000e-04
[Epoch 71] Train Loss: -9.965224e-02 Test Loss: -6.304348e-02 Time 1.6455006599e+00 Learning rate: 2.500000e-04
[Epoch 72] Train Loss: -1.209237e-01 Test Loss: 2.483470e-02 Time 1.6511535645e+00 Learning rate: 2.500000e-04
[Epoch 73] Train Loss: -1.071335e-01 Test Loss: -1.200238e-01 Time 1.6538083553e+00 Learning rate: 2.500000e-04
[Epoch 74] Train Loss: -1.112504e-01 Test Loss: -1.992417e-01 Time 1.6517066956e+00 Learning rate: 2.500000e-04
[Epoch 75] Train Loss: -1.601548e-01 Test Loss: -2.217069e-01 Time 1.6509675980e+00 Learning rate: 2.500000e-04
[Epoch 76] Train Loss: -1.365304e-01 Test Loss: -1.471423e-01 Time 1.6517460346e+00 Learning rate: 2.500000e-04
[Epoch 77] Train Loss: -1.879855e-01 Test Loss: -2.302275e-01 Time 1.6481261253e+00 Learning rate: 2.500000e-04
[Epoch 78] Train Loss: -1.667309e-01 Test Loss: -6.765180e-02 Time 1.6583304405e+00 Learning rate: 2.500000e-04
[Epoch 79] Train Loss: -1.595807e-01 Test Loss: -1.295920e-01 Time 1.6524865627e+00 Learning rate: 2.500000e-04
[Epoch 80] Train Loss: -1.770583e-01 Test Loss: -1.938895e-01 Time 1.6517977715e+00 Learning rate: 2.500000e-04
[Epoch 81] Train Loss: -2.101109e-01 Test Loss: -2.459013e-01 Time 1.6494503021e+00 Learning rate: 2.500000e-04
[Epoch 82] Train Loss: -2.045707e-01 Test Loss: -2.382637e-01 Time 1.6529264450e+00 Learning rate: 2.500000e-04
[Epoch 83] Train Loss: -1.953873e-01 Test Loss: -2.019482e-01 Time 1.6495022774e+00 Learning rate: 2.500000e-04
[Epoch 84] Train Loss: -2.346338e-01 Test Loss: -2.073777e-01 Time 1.6467342377e+00 Learning rate: 2.500000e-04
[Epoch 85] Train Loss: -2.446262e-01 Test Loss: -2.726253e-01 Time 1.6491792202e+00 Learning rate: 2.500000e-04
[Epoch 86] Train Loss: -2.187700e-01 Test Loss: -1.843401e-01 Time 1.8059184551e+00 Learning rate: 2.500000e-04
[Epoch 87] Train Loss: -1.374051e-01 Test Loss: -1.820486e-03 Time 1.6463124752e+00 Learning rate: 2.500000e-04
[Epoch 88] Train Loss: -2.062362e-01 Test Loss: -2.066810e-01 Time 1.6478176117e+00 Learning rate: 2.500000e-04
[Epoch 89] Train Loss: -1.723605e-01 Test Loss: -1.990442e-01 Time 1.6526260376e+00 Learning rate: 2.500000e-04
[Epoch 90] Train Loss: -2.138342e-01 Test Loss: -1.982380e-01 Time 1.6613526344e+00 Learning rate: 2.500000e-04
[Epoch 91] Train Loss: -2.710670e-01 Test Loss: -2.502969e-01 Time 1.6487736702e+00 Learning rate: 2.500000e-04
[Epoch 92] Train Loss: -1.625925e-01 Test Loss: -1.383938e-01 Time 1.6531383991e+00 Learning rate: 2.500000e-04
[Epoch 93] Train Loss: -2.229515e-01 Test Loss: -3.467538e-02 Time 1.6460871696e+00 Learning rate: 2.500000e-04
[Epoch 94] Train Loss: -2.434764e-01 Test Loss: -3.039385e-01 Time 1.6493570805e+00 Learning rate: 2.500000e-04
[Epoch 95] Train Loss: -2.812805e-01 Test Loss: -1.543644e-01 Time 1.6551954746e+00 Learning rate: 2.500000e-04
[Epoch 96] Train Loss: -2.724678e-01 Test Loss: -2.253879e-01 Time 1.6523308754e+00 Learning rate: 2.500000e-04
[Epoch 97] Train Loss: -2.768604e-01 Test Loss: -2.615381e-01 Time 1.6531159878e+00 Learning rate: 2.500000e-04
[Epoch 98] Train Loss: -2.618839e-01 Test Loss: -1.360885e-01 Time 1.6534962654e+00 Learning rate: 2.500000e-04
[Epoch 99] Train Loss: -2.014289e-01 Test Loss: -2.278477e-01 Time 1.6581606865e+00 Learning rate: 2.500000e-04
[Epoch 100] Train Loss: -2.229531e-01 Test Loss: -1.598508e-01 Time 1.6524770260e+00 Learning rate: 2.500000e-04
[Epoch 101] Train Loss: -2.647275e-01 Test Loss: 1.907742e-01 Time 1.6505649090e+00 Learning rate: 2.500000e-04
[Epoch 102] Train Loss: -2.395422e-01 Test Loss: -1.817847e-01 Time 1.6628940105e+00 Learning rate: 2.500000e-04
[Epoch 103] Train Loss: -2.666202e-01 Test Loss: -4.643372e-02 Time 1.6527161598e+00 Learning rate: 2.500000e-04
[Epoch 104] Train Loss: -2.829335e-01 Test Loss: -3.555558e-02 Time 1.6524858475e+00 Learning rate: 2.500000e-04
[Epoch 105] Train Loss: -2.807791e-01 Test Loss: -3.146699e-01 Time 1.6520164013e+00 Learning rate: 2.500000e-04
[Epoch 106] Train Loss: -2.646693e-01 Test Loss: -1.965896e-01 Time 1.6551558971e+00 Learning rate: 2.500000e-04
[Epoch 107] Train Loss: -2.402150e-01 Test Loss: -2.085128e-01 Time 1.6576907635e+00 Learning rate: 2.500000e-04
[Epoch 108] Train Loss: -2.555654e-01 Test Loss: -1.488384e-01 Time 1.6552138329e+00 Learning rate: 2.500000e-04
[Epoch 109] Train Loss: -2.946315e-01 Test Loss: -2.703764e-01 Time 1.6535744667e+00 Learning rate: 2.500000e-04
[Epoch 110] Train Loss: -2.807825e-01 Test Loss: -1.979856e-01 Time 1.6518495083e+00 Learning rate: 2.500000e-04
[Epoch 111] Train Loss: -3.215982e-01 Test Loss: 4.388711e-02 Time 1.6514177322e+00 Learning rate: 2.500000e-04
[Epoch 112] Train Loss: -2.417181e-01 Test Loss: -2.304111e-01 Time 1.6565141678e+00 Learning rate: 2.500000e-04
[Epoch 113] Train Loss: -2.612908e-01 Test Loss: -1.355447e-01 Time 1.6531615257e+00 Learning rate: 2.500000e-04
[Epoch 114] Train Loss: -2.550077e-01 Test Loss: -2.886184e-01 Time 1.6513044834e+00 Learning rate: 2.500000e-04
[Epoch 115] Train Loss: -2.970866e-01 Test Loss: -2.705257e-01 Time 1.6500527859e+00 Learning rate: 2.500000e-04
[Epoch 116] Train Loss: -2.539756e-01 Test Loss: -1.484897e-01 Time 1.6499843597e+00 Learning rate: 1.250000e-04
[Epoch 117] Train Loss: -2.511297e-01 Test Loss: -6.613801e-02 Time 1.6511301994e+00 Learning rate: 1.250000e-04
[Epoch 118] Train Loss: -3.188504e-01 Test Loss: -1.742915e-01 Time 1.6772725582e+00 Learning rate: 1.250000e-04
[Epoch 119] Train Loss: -3.590869e-01 Test Loss: -1.875398e-01 Time 1.6661715508e+00 Learning rate: 1.250000e-04
[Epoch 120] Train Loss: -3.634006e-01 Test Loss: -2.073112e-01 Time 1.6502144337e+00 Learning rate: 1.250000e-04
[Epoch 121] Train Loss: -3.569415e-01 Test Loss: -8.273399e-02 Time 1.6452417374e+00 Learning rate: 1.250000e-04
[Epoch 122] Train Loss: -3.350883e-01 Test Loss: -2.123110e-01 Time 1.6726763248e+00 Learning rate: 1.250000e-04
[Epoch 123] Train Loss: -3.713966e-01 Test Loss: -9.471720e-02 Time 1.6698238850e+00 Learning rate: 1.250000e-04
[Epoch 124] Train Loss: -3.626055e-01 Test Loss: -2.577493e-01 Time 1.6742644310e+00 Learning rate: 1.250000e-04
[Epoch 125] Train Loss: -3.855104e-01 Test Loss: -2.649082e-01 Time 1.7244772911e+00 Learning rate: 1.250000e-04
[Epoch 126] Train Loss: -3.658710e-01 Test Loss: -8.093543e-02 Time 1.6722438335e+00 Learning rate: 1.250000e-04
[Epoch 127] Train Loss: -3.124618e-01 Test Loss: -1.775503e-01 Time 1.6530308723e+00 Learning rate: 6.250000e-05
[Epoch 128] Train Loss: -3.890541e-01 Test Loss: -1.459571e-01 Time 1.6522781849e+00 Learning rate: 6.250000e-05
[Epoch 129] Train Loss: -4.213297e-01 Test Loss: -1.433486e-01 Time 1.6529421806e+00 Learning rate: 6.250000e-05
[Epoch 130] Train Loss: -3.928120e-01 Test Loss: -1.925755e-01 Time 1.6514637470e+00 Learning rate: 6.250000e-05
[Epoch 131] Train Loss: -4.204669e-01 Test Loss: -1.958230e-01 Time 1.8160972595e+00 Learning rate: 6.250000e-05
[Epoch 132] Train Loss: -4.190591e-01 Test Loss: -1.313813e-01 Time 1.6493139267e+00 Learning rate: 6.250000e-05
[Epoch 133] Train Loss: -4.180860e-01 Test Loss: -1.841444e-01 Time 1.6527128220e+00 Learning rate: 6.250000e-05
[Epoch 134] Train Loss: -4.226941e-01 Test Loss: -1.229546e-01 Time 1.6613829136e+00 Learning rate: 6.250000e-05
[Epoch 135] Train Loss: -4.042210e-01 Test Loss: -2.143086e-01 Time 1.6520123482e+00 Learning rate: 6.250000e-05
