[Epoch 1] Train Loss: 1.327399e+00 Test Loss: 1.097490e+00 Time 3.2242479324e+00 Learning rate: 1.000000e-03
[Epoch 2] Train Loss: 1.126548e+00 Test Loss: 1.126317e+00 Time 1.7616527081e+00 Learning rate: 1.000000e-03
[Epoch 3] Train Loss: 1.151140e+00 Test Loss: 1.116669e+00 Time 1.8967964649e+00 Learning rate: 1.000000e-03
[Epoch 4] Train Loss: 1.145196e+00 Test Loss: 1.112654e+00 Time 1.7680509090e+00 Learning rate: 1.000000e-03
[Epoch 5] Train Loss: 1.108423e+00 Test Loss: 9.783124e-01 Time 1.7560169697e+00 Learning rate: 1.000000e-03
[Epoch 6] Train Loss: 1.376312e+00 Test Loss: 1.158641e+00 Time 1.7697782516e+00 Learning rate: 1.000000e-03
[Epoch 7] Train Loss: 1.181650e+00 Test Loss: 1.106933e+00 Time 1.7587437630e+00 Learning rate: 1.000000e-03
[Epoch 8] Train Loss: 1.126710e+00 Test Loss: 1.089292e+00 Time 1.7558810711e+00 Learning rate: 1.000000e-03
[Epoch 9] Train Loss: 1.119897e+00 Test Loss: 1.099791e+00 Time 1.7630302906e+00 Learning rate: 1.000000e-03
[Epoch 10] Train Loss: 9.568115e-01 Test Loss: 6.496968e-01 Time 1.7575178146e+00 Learning rate: 1.000000e-03
[Epoch 11] Train Loss: 8.813619e-01 Test Loss: 6.907358e-01 Time 1.7608740330e+00 Learning rate: 1.000000e-03
[Epoch 12] Train Loss: 7.506835e-01 Test Loss: 6.052633e-01 Time 1.7561674118e+00 Learning rate: 1.000000e-03
[Epoch 13] Train Loss: 5.360298e-01 Test Loss: 4.998541e-01 Time 1.7464890480e+00 Learning rate: 1.000000e-03
[Epoch 14] Train Loss: 6.403382e-01 Test Loss: 5.179365e-01 Time 1.7268755436e+00 Learning rate: 1.000000e-03
[Epoch 15] Train Loss: 4.896891e-01 Test Loss: 4.753378e-01 Time 1.7268121243e+00 Learning rate: 1.000000e-03
[Epoch 16] Train Loss: 4.529294e-01 Test Loss: 4.905109e-01 Time 1.7815387249e+00 Learning rate: 1.000000e-03
[Epoch 17] Train Loss: 3.838951e-01 Test Loss: 3.684435e-01 Time 1.8054828644e+00 Learning rate: 1.000000e-03
[Epoch 18] Train Loss: 5.083317e-01 Test Loss: 6.931708e-01 Time 1.7817561626e+00 Learning rate: 1.000000e-03
[Epoch 19] Train Loss: 5.403480e-01 Test Loss: 4.337937e-01 Time 1.7743866444e+00 Learning rate: 1.000000e-03
[Epoch 20] Train Loss: 3.947373e-01 Test Loss: 3.021263e-01 Time 1.7731058598e+00 Learning rate: 1.000000e-03
[Epoch 21] Train Loss: 3.329153e-01 Test Loss: 1.942178e-01 Time 1.7660732269e+00 Learning rate: 1.000000e-03
[Epoch 22] Train Loss: 2.355733e-01 Test Loss: 2.544364e-01 Time 1.7731647491e+00 Learning rate: 1.000000e-03
[Epoch 23] Train Loss: 3.027354e-01 Test Loss: 2.869914e-01 Time 1.7739539146e+00 Learning rate: 1.000000e-03
[Epoch 24] Train Loss: 2.612299e-01 Test Loss: 1.514630e-01 Time 1.7705132961e+00 Learning rate: 1.000000e-03
[Epoch 25] Train Loss: 1.902367e-01 Test Loss: 1.688453e-01 Time 1.7682039738e+00 Learning rate: 1.000000e-03
[Epoch 26] Train Loss: 3.076961e-01 Test Loss: 2.576376e-01 Time 1.7666802406e+00 Learning rate: 1.000000e-03
[Epoch 27] Train Loss: 2.340403e-01 Test Loss: 6.673355e-02 Time 1.7544474602e+00 Learning rate: 1.000000e-03
[Epoch 28] Train Loss: 9.874181e-02 Test Loss: 1.004405e-01 Time 1.7597873211e+00 Learning rate: 1.000000e-03
[Epoch 29] Train Loss: 1.383860e-01 Test Loss: 3.681698e-01 Time 1.7505033016e+00 Learning rate: 1.000000e-03
[Epoch 30] Train Loss: 3.654791e-01 Test Loss: 2.376901e-01 Time 1.7546033859e+00 Learning rate: 1.000000e-03
[Epoch 31] Train Loss: 2.818233e-01 Test Loss: 2.457646e-01 Time 1.7608110905e+00 Learning rate: 1.000000e-03
[Epoch 32] Train Loss: 1.578820e-01 Test Loss: 8.480839e-02 Time 1.7651741505e+00 Learning rate: 1.000000e-03
[Epoch 33] Train Loss: 3.076222e-01 Test Loss: 1.173980e-01 Time 1.7572271824e+00 Learning rate: 1.000000e-03
[Epoch 34] Train Loss: 2.196411e-01 Test Loss: 1.408802e-01 Time 1.7566640377e+00 Learning rate: 1.000000e-03
[Epoch 35] Train Loss: 1.422973e-01 Test Loss: 4.456683e-02 Time 1.7526447773e+00 Learning rate: 1.000000e-03
[Epoch 36] Train Loss: 1.854533e-01 Test Loss: 1.873559e-01 Time 1.7685606480e+00 Learning rate: 1.000000e-03
[Epoch 37] Train Loss: 9.927112e-02 Test Loss: -2.798487e-02 Time 1.7578306198e+00 Learning rate: 1.000000e-03
[Epoch 38] Train Loss: 8.007689e-02 Test Loss: 6.640133e-01 Time 1.7575013638e+00 Learning rate: 1.000000e-03
[Epoch 39] Train Loss: 3.241825e-01 Test Loss: 9.511123e-02 Time 1.7639737129e+00 Learning rate: 1.000000e-03
[Epoch 40] Train Loss: 1.304487e-01 Test Loss: 8.838136e-02 Time 1.7624480724e+00 Learning rate: 1.000000e-03
[Epoch 41] Train Loss: 5.537697e-02 Test Loss: 2.071606e-01 Time 1.7665140629e+00 Learning rate: 1.000000e-03
[Epoch 42] Train Loss: 9.278654e-02 Test Loss: 1.296860e-01 Time 1.7587661743e+00 Learning rate: 1.000000e-03
[Epoch 43] Train Loss: 1.757313e-01 Test Loss: 2.803690e-01 Time 1.7587375641e+00 Learning rate: 1.000000e-03
[Epoch 44] Train Loss: 1.116126e-01 Test Loss: 2.230288e-02 Time 1.7570364475e+00 Learning rate: 1.000000e-03
[Epoch 45] Train Loss: 2.902607e-02 Test Loss: 2.059363e-01 Time 1.7496614456e+00 Learning rate: 1.000000e-03
[Epoch 46] Train Loss: 6.232333e-02 Test Loss: 2.087349e-01 Time 1.7304623127e+00 Learning rate: 1.000000e-03
[Epoch 47] Train Loss: 2.941048e-02 Test Loss: 1.533683e-02 Time 1.7189428806e+00 Learning rate: 1.000000e-03
[Epoch 48] Train Loss: -1.012565e-02 Test Loss: 1.508448e-01 Time 1.7490844727e+00 Learning rate: 5.000000e-04
[Epoch 49] Train Loss: -5.195512e-02 Test Loss: 4.209838e-02 Time 1.7105028629e+00 Learning rate: 5.000000e-04
[Epoch 50] Train Loss: -1.156743e-01 Test Loss: 1.260005e-01 Time 1.6985588074e+00 Learning rate: 5.000000e-04
[Epoch 51] Train Loss: -1.390087e-01 Test Loss: 5.261135e-01 Time 1.6875214577e+00 Learning rate: 5.000000e-04
[Epoch 52] Train Loss: -1.333521e-01 Test Loss: 3.678475e-01 Time 1.6910896301e+00 Learning rate: 5.000000e-04
[Epoch 53] Train Loss: -1.679588e-01 Test Loss: 6.966011e-01 Time 1.6978509426e+00 Learning rate: 5.000000e-04
[Epoch 54] Train Loss: -1.590818e-01 Test Loss: 1.195768e-01 Time 1.6909477711e+00 Learning rate: 5.000000e-04
[Epoch 55] Train Loss: -1.590163e-01 Test Loss: 4.487427e-01 Time 1.6969969273e+00 Learning rate: 5.000000e-04
[Epoch 56] Train Loss: -1.478017e-01 Test Loss: -1.053235e-01 Time 1.6914296150e+00 Learning rate: 5.000000e-04
[Epoch 57] Train Loss: -1.958675e-01 Test Loss: 2.192064e-01 Time 1.6877355576e+00 Learning rate: 5.000000e-04
[Epoch 58] Train Loss: -1.452016e-01 Test Loss: 5.828805e-02 Time 1.6895029545e+00 Learning rate: 5.000000e-04
[Epoch 59] Train Loss: -2.151631e-01 Test Loss: 2.514236e-04 Time 1.6881172657e+00 Learning rate: 5.000000e-04
[Epoch 60] Train Loss: -1.934653e-01 Test Loss: 2.353640e-01 Time 1.6918287277e+00 Learning rate: 5.000000e-04
[Epoch 61] Train Loss: -1.091483e-01 Test Loss: -1.250747e-01 Time 1.6853339672e+00 Learning rate: 5.000000e-04
[Epoch 62] Train Loss: -1.368581e-01 Test Loss: -1.540156e-01 Time 1.6923410892e+00 Learning rate: 5.000000e-04
[Epoch 63] Train Loss: -1.969371e-01 Test Loss: 9.125789e-02 Time 1.6700282097e+00 Learning rate: 5.000000e-04
[Epoch 64] Train Loss: -2.704520e-01 Test Loss: 7.619624e-02 Time 1.6480832100e+00 Learning rate: 5.000000e-04
[Epoch 65] Train Loss: -2.655175e-01 Test Loss: 7.187651e-01 Time 1.6870245934e+00 Learning rate: 5.000000e-04
[Epoch 66] Train Loss: -1.832473e-01 Test Loss: 1.261146e-01 Time 1.7401232719e+00 Learning rate: 5.000000e-04
[Epoch 67] Train Loss: -1.485694e-01 Test Loss: 1.671582e-01 Time 1.7127850056e+00 Learning rate: 5.000000e-04
[Epoch 68] Train Loss: -2.688768e-01 Test Loss: 2.894513e-01 Time 1.7405912876e+00 Learning rate: 5.000000e-04
[Epoch 69] Train Loss: -2.596848e-01 Test Loss: 1.401498e-01 Time 1.7712197304e+00 Learning rate: 5.000000e-04
[Epoch 70] Train Loss: -2.348520e-01 Test Loss: 2.586328e-01 Time 1.7522087097e+00 Learning rate: 5.000000e-04
[Epoch 71] Train Loss: -2.661585e-01 Test Loss: 7.663791e-02 Time 1.8548851013e+00 Learning rate: 5.000000e-04
[Epoch 72] Train Loss: -2.151577e-01 Test Loss: 1.052739e+00 Time 1.8292894363e+00 Learning rate: 5.000000e-04
[Epoch 73] Train Loss: -2.621206e-01 Test Loss: 2.681549e-01 Time 1.7421431541e+00 Learning rate: 2.500000e-04
[Epoch 74] Train Loss: -3.410980e-01 Test Loss: 9.071533e-01 Time 1.7552442551e+00 Learning rate: 2.500000e-04
[Epoch 75] Train Loss: -2.461898e-01 Test Loss: 3.448258e-01 Time 1.7356810570e+00 Learning rate: 2.500000e-04
[Epoch 76] Train Loss: -2.801571e-01 Test Loss: 2.445496e-01 Time 1.7447631359e+00 Learning rate: 2.500000e-04
[Epoch 77] Train Loss: -3.568319e-01 Test Loss: 3.062486e-01 Time 1.7435171604e+00 Learning rate: 2.500000e-04
[Epoch 78] Train Loss: -3.489906e-01 Test Loss: 7.488933e-01 Time 1.7472660542e+00 Learning rate: 2.500000e-04
[Epoch 79] Train Loss: -3.372469e-01 Test Loss: 1.206629e+00 Time 1.7140529156e+00 Learning rate: 2.500000e-04
[Epoch 80] Train Loss: -3.676493e-01 Test Loss: 1.645899e+00 Time 1.7129030228e+00 Learning rate: 2.500000e-04
[Epoch 81] Train Loss: -3.461326e-01 Test Loss: 9.177886e-01 Time 1.7102849483e+00 Learning rate: 2.500000e-04
[Epoch 82] Train Loss: -2.619151e-01 Test Loss: 1.837011e-01 Time 1.7309014797e+00 Learning rate: 2.500000e-04
[Epoch 83] Train Loss: -2.852011e-01 Test Loss: 7.248371e-01 Time 1.9937801361e+00 Learning rate: 2.500000e-04
[Epoch 84] Train Loss: -3.474969e-01 Test Loss: 5.969163e-01 Time 1.7435510159e+00 Learning rate: 1.250000e-04
[Epoch 85] Train Loss: -4.003091e-01 Test Loss: 8.024194e-01 Time 1.7383108139e+00 Learning rate: 1.250000e-04
[Epoch 86] Train Loss: -3.924807e-01 Test Loss: 1.293420e+00 Time 1.9173698425e+00 Learning rate: 1.250000e-04
[Epoch 87] Train Loss: -4.217330e-01 Test Loss: 1.412600e+00 Time 1.7372641563e+00 Learning rate: 1.250000e-04
[Epoch 88] Train Loss: -4.257854e-01 Test Loss: 1.281244e+00 Time 1.7486977577e+00 Learning rate: 1.250000e-04
[Epoch 89] Train Loss: -4.161125e-01 Test Loss: 6.357025e-01 Time 1.7453057766e+00 Learning rate: 1.250000e-04
[Epoch 90] Train Loss: -4.118529e-01 Test Loss: 6.827016e-01 Time 1.7362203598e+00 Learning rate: 1.250000e-04
[Epoch 91] Train Loss: -4.248544e-01 Test Loss: 1.082137e+00 Time 1.7453675270e+00 Learning rate: 1.250000e-04
[Epoch 92] Train Loss: -4.118705e-01 Test Loss: 9.125409e-01 Time 1.7472114563e+00 Learning rate: 1.250000e-04
