[Epoch 1] Train Loss: 1.185797e+00 Test Loss: 1.417318e+00 Time 1.6272233248e+01 Learning rate: 1.000000e-03
[Epoch 2] Train Loss: 6.939512e-01 Test Loss: 8.122922e-01 Time 1.3455588341e+01 Learning rate: 1.000000e-03
[Epoch 3] Train Loss: 3.669019e-01 Test Loss: 4.496157e+00 Time 1.3585115433e+01 Learning rate: 1.000000e-03
[Epoch 4] Train Loss: 1.471479e-01 Test Loss: 4.082722e+00 Time 1.3482780933e+01 Learning rate: 1.000000e-03
[Epoch 5] Train Loss: 1.807581e-03 Test Loss: 7.154393e+00 Time 1.3687465429e+01 Learning rate: 1.000000e-03
[Epoch 6] Train Loss: 1.174789e-02 Test Loss: 8.809145e+00 Time 1.3378211260e+01 Learning rate: 1.000000e-03
[Epoch 7] Train Loss: -8.486014e-02 Test Loss: 8.360233e+00 Time 1.3607418776e+01 Learning rate: 1.000000e-03
[Epoch 8] Train Loss: -9.685376e-02 Test Loss: 9.228706e+00 Time 1.3558701277e+01 Learning rate: 1.000000e-03
[Epoch 9] Train Loss: -1.294179e-01 Test Loss: 8.832984e+00 Time 1.3484493256e+01 Learning rate: 1.000000e-03
[Epoch 10] Train Loss: -8.121960e-02 Test Loss: 9.865223e+00 Time 1.3457972527e+01 Learning rate: 1.000000e-03
[Epoch 11] Train Loss: -1.189061e-01 Test Loss: 6.771177e+00 Time 1.3548169374e+01 Learning rate: 1.000000e-03
[Epoch 12] Train Loss: -1.516222e-01 Test Loss: -1.997632e-01 Time 1.3386070967e+01 Learning rate: 1.000000e-03
[Epoch 13] Train Loss: -1.797303e-01 Test Loss: 5.741714e+00 Time 1.3569801807e+01 Learning rate: 1.000000e-03
[Epoch 14] Train Loss: -1.778260e-01 Test Loss: 6.575154e+00 Time 1.3505462885e+01 Learning rate: 1.000000e-03
[Epoch 15] Train Loss: -1.793645e-01 Test Loss: 7.325080e+00 Time 1.3556289196e+01 Learning rate: 1.000000e-03
[Epoch 16] Train Loss: -2.230860e-01 Test Loss: 5.841086e+00 Time 1.3650675058e+01 Learning rate: 1.000000e-03
[Epoch 17] Train Loss: -2.255603e-01 Test Loss: 7.241012e+00 Time 1.3536586285e+01 Learning rate: 1.000000e-03
[Epoch 18] Train Loss: -4.702255e-02 Test Loss: 9.433137e+00 Time 1.3657187462e+01 Learning rate: 1.000000e-03
[Epoch 19] Train Loss: -2.045529e-01 Test Loss: 5.148906e-01 Time 1.3657677650e+01 Learning rate: 1.000000e-03
[Epoch 20] Train Loss: -2.276511e-01 Test Loss: 9.314697e+00 Time 1.3450583458e+01 Learning rate: 1.000000e-03
[Epoch 21] Train Loss: -2.252407e-01 Test Loss: 8.089925e+00 Time 1.3537795544e+01 Learning rate: 1.000000e-03
[Epoch 22] Train Loss: -2.776533e-02 Test Loss: 8.592825e+00 Time 1.3386774302e+01 Learning rate: 1.000000e-03
[Epoch 23] Train Loss: -1.878274e-01 Test Loss: 9.320911e+00 Time 1.3524071932e+01 Learning rate: 5.000000e-04
[Epoch 24] Train Loss: -2.437119e-01 Test Loss: 2.376798e-01 Time 1.3574868202e+01 Learning rate: 5.000000e-04
[Epoch 25] Train Loss: -2.309501e-01 Test Loss: 2.745684e+00 Time 1.3524180174e+01 Learning rate: 5.000000e-04
[Epoch 26] Train Loss: -2.552424e-01 Test Loss: 9.368087e+00 Time 1.3472924948e+01 Learning rate: 5.000000e-04
[Epoch 27] Train Loss: -2.629383e-01 Test Loss: 7.538717e+00 Time 1.3459127426e+01 Learning rate: 5.000000e-04
[Epoch 28] Train Loss: -2.271570e-01 Test Loss: 6.685864e+00 Time 1.3782775640e+01 Learning rate: 5.000000e-04
[Epoch 29] Train Loss: -2.663141e-01 Test Loss: 8.658593e+00 Time 1.3564003706e+01 Learning rate: 5.000000e-04
[Epoch 30] Train Loss: -2.572176e-01 Test Loss: 4.266267e+00 Time 1.3429023504e+01 Learning rate: 5.000000e-04
[Epoch 31] Train Loss: -2.728128e-01 Test Loss: 7.631737e+00 Time 1.3453268528e+01 Learning rate: 5.000000e-04
[Epoch 32] Train Loss: -2.843521e-01 Test Loss: 8.696894e+00 Time 1.3561436892e+01 Learning rate: 5.000000e-04
[Epoch 33] Train Loss: -2.753447e-01 Test Loss: 9.024583e+00 Time 1.3521104574e+01 Learning rate: 5.000000e-04
[Epoch 34] Train Loss: -2.739311e-01 Test Loss: 8.841068e+00 Time 1.3496479034e+01 Learning rate: 2.500000e-04
[Epoch 35] Train Loss: -2.997807e-01 Test Loss: 3.129944e+00 Time 1.3522185564e+01 Learning rate: 2.500000e-04
[Epoch 36] Train Loss: -2.915892e-01 Test Loss: -5.531933e-01 Time 1.3490938663e+01 Learning rate: 2.500000e-04
[Epoch 37] Train Loss: -2.963874e-01 Test Loss: 9.850227e+00 Time 1.3444101810e+01 Learning rate: 2.500000e-04
[Epoch 38] Train Loss: -3.050487e-01 Test Loss: 4.355085e+00 Time 1.3837327003e+01 Learning rate: 2.500000e-04
[Epoch 39] Train Loss: -3.125919e-01 Test Loss: 6.830896e+00 Time 1.3581702232e+01 Learning rate: 2.500000e-04
[Epoch 40] Train Loss: -3.000688e-01 Test Loss: 8.937693e+00 Time 1.3585744619e+01 Learning rate: 2.500000e-04
[Epoch 41] Train Loss: -3.033106e-01 Test Loss: 1.026219e+00 Time 1.3511487484e+01 Learning rate: 2.500000e-04
[Epoch 42] Train Loss: -3.036286e-01 Test Loss: 1.032368e+01 Time 1.3473233223e+01 Learning rate: 2.500000e-04
[Epoch 43] Train Loss: -3.106620e-01 Test Loss: -3.348618e-01 Time 1.3510486364e+01 Learning rate: 2.500000e-04
[Epoch 44] Train Loss: -3.036088e-01 Test Loss: 2.450494e-01 Time 1.3575585365e+01 Learning rate: 2.500000e-04
[Epoch 45] Train Loss: -3.034128e-01 Test Loss: 3.116768e+00 Time 1.3436650515e+01 Learning rate: 2.500000e-04
[Epoch 46] Train Loss: -3.086048e-01 Test Loss: 5.565287e+00 Time 1.3295187950e+01 Learning rate: 2.500000e-04
[Epoch 47] Train Loss: -3.146315e-01 Test Loss: 4.345074e+00 Time 1.3352481365e+01 Learning rate: 1.250000e-04
[Epoch 48] Train Loss: -3.277574e-01 Test Loss: 3.926826e+00 Time 1.3314199686e+01 Learning rate: 1.250000e-04
[Epoch 49] Train Loss: -3.248097e-01 Test Loss: 5.730290e+00 Time 1.3385406971e+01 Learning rate: 1.250000e-04
[Epoch 50] Train Loss: -3.306227e-01 Test Loss: 6.325804e+00 Time 1.3264946938e+01 Learning rate: 1.250000e-04
[Epoch 51] Train Loss: -3.350984e-01 Test Loss: 6.872840e+00 Time 1.3404926777e+01 Learning rate: 1.250000e-04
[Epoch 52] Train Loss: -3.253327e-01 Test Loss: 6.671711e+00 Time 1.3187819004e+01 Learning rate: 1.250000e-04
[Epoch 53] Train Loss: -3.321678e-01 Test Loss: 5.322339e+00 Time 1.3275281906e+01 Learning rate: 1.250000e-04
[Epoch 54] Train Loss: -3.338768e-01 Test Loss: 5.641190e+00 Time 1.3303366184e+01 Learning rate: 1.250000e-04
[Epoch 55] Train Loss: -3.276385e-01 Test Loss: 6.404662e+00 Time 1.3343326092e+01 Learning rate: 1.250000e-04
[Epoch 56] Train Loss: -3.286830e-01 Test Loss: 1.041894e+01 Time 1.3303895235e+01 Learning rate: 1.250000e-04
[Epoch 57] Train Loss: -3.222287e-01 Test Loss: 5.795033e+00 Time 1.3374687910e+01 Learning rate: 1.250000e-04
[Epoch 58] Train Loss: -3.342536e-01 Test Loss: 9.333671e+00 Time 1.3413475990e+01 Learning rate: 6.250000e-05
[Epoch 59] Train Loss: -3.298254e-01 Test Loss: 8.141983e+00 Time 1.3270848036e+01 Learning rate: 6.250000e-05
[Epoch 60] Train Loss: -3.264152e-01 Test Loss: 6.444072e+00 Time 1.3335338354e+01 Learning rate: 6.250000e-05
[Epoch 61] Train Loss: -3.426505e-01 Test Loss: 7.155318e+00 Time 1.3463462591e+01 Learning rate: 6.250000e-05
[Epoch 62] Train Loss: -3.445078e-01 Test Loss: 9.533127e+00 Time 1.3437070370e+01 Learning rate: 6.250000e-05
[Epoch 63] Train Loss: -3.257000e-01 Test Loss: 8.810618e+00 Time 1.3321062803e+01 Learning rate: 6.250000e-05
[Epoch 64] Train Loss: -3.279123e-01 Test Loss: 7.602909e+00 Time 1.3259554386e+01 Learning rate: 6.250000e-05
[Epoch 65] Train Loss: -3.306652e-01 Test Loss: 6.739049e+00 Time 1.3351531267e+01 Learning rate: 6.250000e-05
[Epoch 66] Train Loss: -3.415657e-01 Test Loss: 7.921312e+00 Time 1.3344086647e+01 Learning rate: 6.250000e-05
