[Epoch 1] Train Loss: 1.163249e+00 Test Loss: 1.936554e+00 Time 1.6514479637e+01 Learning rate: 1.000000e-03
[Epoch 2] Train Loss: 6.843140e-01 Test Loss: 4.284643e+00 Time 1.3531410217e+01 Learning rate: 1.000000e-03
[Epoch 3] Train Loss: 2.659451e-01 Test Loss: 1.022250e+01 Time 1.3659788370e+01 Learning rate: 1.000000e-03
[Epoch 4] Train Loss: 6.779414e-02 Test Loss: 9.747047e+00 Time 1.3522783518e+01 Learning rate: 1.000000e-03
[Epoch 5] Train Loss: -5.787311e-03 Test Loss: 1.053271e+01 Time 1.3770348787e+01 Learning rate: 1.000000e-03
[Epoch 6] Train Loss: -1.249850e-02 Test Loss: 1.077925e+01 Time 1.3653452396e+01 Learning rate: 1.000000e-03
[Epoch 7] Train Loss: 2.084099e-03 Test Loss: 1.025883e+01 Time 1.3609173298e+01 Learning rate: 1.000000e-03
[Epoch 8] Train Loss: -1.047347e-01 Test Loss: 9.800772e+00 Time 1.3711361647e+01 Learning rate: 1.000000e-03
[Epoch 9] Train Loss: -1.426367e-01 Test Loss: 8.890528e+00 Time 1.3938340902e+01 Learning rate: 1.000000e-03
[Epoch 10] Train Loss: -1.391347e-01 Test Loss: 4.954530e+00 Time 1.3653347731e+01 Learning rate: 1.000000e-03
[Epoch 11] Train Loss: -1.589067e-01 Test Loss: -3.890823e-01 Time 1.3592919350e+01 Learning rate: 1.000000e-03
[Epoch 12] Train Loss: -1.649255e-01 Test Loss: 3.870198e+00 Time 1.3547193527e+01 Learning rate: 1.000000e-03
[Epoch 13] Train Loss: -1.395333e-01 Test Loss: -4.123416e-01 Time 1.3738962889e+01 Learning rate: 1.000000e-03
[Epoch 14] Train Loss: -1.624011e-01 Test Loss: -4.811706e-01 Time 1.3749401331e+01 Learning rate: 1.000000e-03
[Epoch 15] Train Loss: -1.435332e-01 Test Loss: -4.870475e-01 Time 1.3557330847e+01 Learning rate: 1.000000e-03
[Epoch 16] Train Loss: -1.390715e-01 Test Loss: -4.102604e-01 Time 1.3634031296e+01 Learning rate: 1.000000e-03
[Epoch 17] Train Loss: -2.045310e-01 Test Loss: -4.754795e-01 Time 1.3587082386e+01 Learning rate: 1.000000e-03
[Epoch 18] Train Loss: -2.497391e-01 Test Loss: -4.718668e-01 Time 1.3792979479e+01 Learning rate: 1.000000e-03
[Epoch 19] Train Loss: -2.665214e-01 Test Loss: -4.830518e-01 Time 1.3784105778e+01 Learning rate: 1.000000e-03
[Epoch 20] Train Loss: -2.001833e-01 Test Loss: -4.631960e-01 Time 1.3785881996e+01 Learning rate: 1.000000e-03
[Epoch 21] Train Loss: -2.593095e-01 Test Loss: -4.791671e-01 Time 1.3784562111e+01 Learning rate: 1.000000e-03
[Epoch 22] Train Loss: -2.604547e-01 Test Loss: -4.728125e-01 Time 1.3681787968e+01 Learning rate: 1.000000e-03
[Epoch 23] Train Loss: -2.438382e-01 Test Loss: -4.421438e-01 Time 1.3640758038e+01 Learning rate: 1.000000e-03
[Epoch 24] Train Loss: -4.031271e-02 Test Loss: -3.471173e-01 Time 1.3715169907e+01 Learning rate: 1.000000e-03
[Epoch 25] Train Loss: -2.195471e-01 Test Loss: -5.034663e-01 Time 1.3577742338e+01 Learning rate: 1.000000e-03
[Epoch 26] Train Loss: -2.567535e-01 Test Loss: -5.149766e-01 Time 1.3539789915e+01 Learning rate: 1.000000e-03
[Epoch 27] Train Loss: -1.820519e-01 Test Loss: -3.875529e-01 Time 1.3619388819e+01 Learning rate: 1.000000e-03
[Epoch 28] Train Loss: -2.597025e-01 Test Loss: -5.046697e-01 Time 1.3568542957e+01 Learning rate: 1.000000e-03
[Epoch 29] Train Loss: -2.524869e-01 Test Loss: -5.233203e-01 Time 1.3701362133e+01 Learning rate: 1.000000e-03
[Epoch 30] Train Loss: -2.659244e-01 Test Loss: -5.117445e-01 Time 1.3739760876e+01 Learning rate: 1.000000e-03
[Epoch 31] Train Loss: -2.280840e-01 Test Loss: -3.022760e-01 Time 1.3665483236e+01 Learning rate: 1.000000e-03
[Epoch 32] Train Loss: -2.516830e-01 Test Loss: -5.380356e-01 Time 1.3662987232e+01 Learning rate: 1.000000e-03
[Epoch 33] Train Loss: -2.671507e-01 Test Loss: -4.350945e-01 Time 1.3587660789e+01 Learning rate: 1.000000e-03
[Epoch 34] Train Loss: -2.748227e-01 Test Loss: -5.410432e-01 Time 1.3712544441e+01 Learning rate: 1.000000e-03
[Epoch 35] Train Loss: -2.873043e-01 Test Loss: -5.122212e-01 Time 1.3599245310e+01 Learning rate: 1.000000e-03
[Epoch 36] Train Loss: -2.768162e-01 Test Loss: -5.314097e-01 Time 1.3644042253e+01 Learning rate: 1.000000e-03
[Epoch 37] Train Loss: -1.898618e-01 Test Loss: -4.990526e-01 Time 1.3619460821e+01 Learning rate: 1.000000e-03
[Epoch 38] Train Loss: -2.509151e-01 Test Loss: -5.288604e-01 Time 1.4192731380e+01 Learning rate: 1.000000e-03
[Epoch 39] Train Loss: -2.769721e-01 Test Loss: -5.551527e-01 Time 1.3857339382e+01 Learning rate: 1.000000e-03
[Epoch 40] Train Loss: -2.881442e-01 Test Loss: -5.280133e-01 Time 1.3697352171e+01 Learning rate: 1.000000e-03
[Epoch 41] Train Loss: -2.729575e-01 Test Loss: -5.350222e-01 Time 1.3667153358e+01 Learning rate: 1.000000e-03
[Epoch 42] Train Loss: -2.719298e-01 Test Loss: -4.329779e-01 Time 1.3652081490e+01 Learning rate: 1.000000e-03
[Epoch 43] Train Loss: 1.768857e-02 Test Loss: -9.131619e-02 Time 1.3633371592e+01 Learning rate: 1.000000e-03
[Epoch 44] Train Loss: -8.530092e-02 Test Loss: -4.321872e-01 Time 1.3587113380e+01 Learning rate: 1.000000e-03
[Epoch 45] Train Loss: -2.664608e-01 Test Loss: -5.194693e-01 Time 1.4024726391e+01 Learning rate: 1.000000e-03
[Epoch 46] Train Loss: -2.856442e-01 Test Loss: -5.336013e-01 Time 1.3590853453e+01 Learning rate: 1.000000e-03
[Epoch 47] Train Loss: -2.670398e-01 Test Loss: -5.078112e-01 Time 1.3372308254e+01 Learning rate: 1.000000e-03
[Epoch 48] Train Loss: -2.888175e-01 Test Loss: -5.498918e-01 Time 1.3499012709e+01 Learning rate: 1.000000e-03
[Epoch 49] Train Loss: -2.485680e-01 Test Loss: -4.970060e-01 Time 1.3569678307e+01 Learning rate: 1.000000e-03
[Epoch 50] Train Loss: -2.629736e-01 Test Loss: -5.416211e-01 Time 1.3462738037e+01 Learning rate: 5.000000e-04
[Epoch 51] Train Loss: -3.036849e-01 Test Loss: -5.755090e-01 Time 1.3494671345e+01 Learning rate: 5.000000e-04
[Epoch 52] Train Loss: -3.112768e-01 Test Loss: -5.568989e-01 Time 1.3444147587e+01 Learning rate: 5.000000e-04
[Epoch 53] Train Loss: -3.155654e-01 Test Loss: -5.653189e-01 Time 1.3498365879e+01 Learning rate: 5.000000e-04
[Epoch 54] Train Loss: -3.188639e-01 Test Loss: -5.645253e-01 Time 1.3584103346e+01 Learning rate: 5.000000e-04
[Epoch 55] Train Loss: -3.220724e-01 Test Loss: -5.823497e-01 Time 1.3431652069e+01 Learning rate: 5.000000e-04
[Epoch 56] Train Loss: -3.142463e-01 Test Loss: -5.663705e-01 Time 1.3488630772e+01 Learning rate: 5.000000e-04
[Epoch 57] Train Loss: -3.268999e-01 Test Loss: -5.864265e-01 Time 1.3570414305e+01 Learning rate: 5.000000e-04
[Epoch 58] Train Loss: -3.334546e-01 Test Loss: -5.706749e-01 Time 1.3499490976e+01 Learning rate: 5.000000e-04
[Epoch 59] Train Loss: -3.293498e-01 Test Loss: -5.755246e-01 Time 1.3557787180e+01 Learning rate: 5.000000e-04
[Epoch 60] Train Loss: -3.077208e-01 Test Loss: -5.599760e-01 Time 1.3483728170e+01 Learning rate: 5.000000e-04
[Epoch 61] Train Loss: -3.157839e-01 Test Loss: -5.866984e-01 Time 1.3582036495e+01 Learning rate: 5.000000e-04
[Epoch 62] Train Loss: -3.303992e-01 Test Loss: -5.761262e-01 Time 1.3555810928e+01 Learning rate: 5.000000e-04
[Epoch 63] Train Loss: -3.372415e-01 Test Loss: -5.705717e-01 Time 1.3519378662e+01 Learning rate: 5.000000e-04
[Epoch 64] Train Loss: -3.247838e-01 Test Loss: -5.947638e-01 Time 1.3331018686e+01 Learning rate: 5.000000e-04
[Epoch 65] Train Loss: -3.462768e-01 Test Loss: -5.894800e-01 Time 1.3632768869e+01 Learning rate: 5.000000e-04
[Epoch 66] Train Loss: -3.443746e-01 Test Loss: -5.814079e-01 Time 1.3478335142e+01 Learning rate: 5.000000e-04
[Epoch 67] Train Loss: -3.093469e-01 Test Loss: -5.890565e-01 Time 1.3669110537e+01 Learning rate: 5.000000e-04
[Epoch 68] Train Loss: -3.414453e-01 Test Loss: -6.013064e-01 Time 1.3367208719e+01 Learning rate: 5.000000e-04
[Epoch 69] Train Loss: -3.417876e-01 Test Loss: -5.760015e-01 Time 1.3170452118e+01 Learning rate: 5.000000e-04
[Epoch 70] Train Loss: -3.430472e-01 Test Loss: -5.836392e-01 Time 1.3297621250e+01 Learning rate: 5.000000e-04
[Epoch 71] Train Loss: -3.439940e-01 Test Loss: -5.761092e-01 Time 1.3348943233e+01 Learning rate: 5.000000e-04
[Epoch 72] Train Loss: -3.434647e-01 Test Loss: -5.765974e-01 Time 1.3268666029e+01 Learning rate: 5.000000e-04
[Epoch 73] Train Loss: -3.392959e-01 Test Loss: -5.868399e-01 Time 1.3143817663e+01 Learning rate: 5.000000e-04
[Epoch 74] Train Loss: -3.500815e-01 Test Loss: -5.963935e-01 Time 1.3275876045e+01 Learning rate: 5.000000e-04
[Epoch 75] Train Loss: -3.299107e-01 Test Loss: -5.707572e-01 Time 1.3160719156e+01 Learning rate: 5.000000e-04
[Epoch 76] Train Loss: -3.192110e-01 Test Loss: -6.005901e-01 Time 1.3200762272e+01 Learning rate: 5.000000e-04
[Epoch 77] Train Loss: -3.584214e-01 Test Loss: -6.130698e-01 Time 1.3454371691e+01 Learning rate: 5.000000e-04
[Epoch 78] Train Loss: -3.495856e-01 Test Loss: -5.830207e-01 Time 1.3353954077e+01 Learning rate: 5.000000e-04
[Epoch 79] Train Loss: -3.477353e-01 Test Loss: -5.972593e-01 Time 1.3337836027e+01 Learning rate: 5.000000e-04
[Epoch 80] Train Loss: -3.503387e-01 Test Loss: -6.015153e-01 Time 1.3381412745e+01 Learning rate: 5.000000e-04
[Epoch 81] Train Loss: -3.504428e-01 Test Loss: -5.933565e-01 Time 1.3362648726e+01 Learning rate: 5.000000e-04
[Epoch 82] Train Loss: -3.376799e-01 Test Loss: -5.810555e-01 Time 1.3262028456e+01 Learning rate: 5.000000e-04
[Epoch 83] Train Loss: -3.528237e-01 Test Loss: -5.917462e-01 Time 1.3393169880e+01 Learning rate: 5.000000e-04
[Epoch 84] Train Loss: -3.526812e-01 Test Loss: -5.810962e-01 Time 1.3348337173e+01 Learning rate: 5.000000e-04
[Epoch 85] Train Loss: -3.497447e-01 Test Loss: -6.097697e-01 Time 1.3234045744e+01 Learning rate: 5.000000e-04
[Epoch 86] Train Loss: -3.436319e-01 Test Loss: -2.164828e-01 Time 1.3342085600e+01 Learning rate: 5.000000e-04
[Epoch 87] Train Loss: -3.522955e-01 Test Loss: -6.101172e-01 Time 1.3361434221e+01 Learning rate: 5.000000e-04
[Epoch 88] Train Loss: -3.513699e-01 Test Loss: -5.949861e-01 Time 1.3366083384e+01 Learning rate: 2.500000e-04
[Epoch 89] Train Loss: -3.622967e-01 Test Loss: -6.217800e-01 Time 1.3349591732e+01 Learning rate: 2.500000e-04
[Epoch 90] Train Loss: -3.635032e-01 Test Loss: -6.155126e-01 Time 1.3227024317e+01 Learning rate: 2.500000e-04
[Epoch 91] Train Loss: -3.667390e-01 Test Loss: -6.256556e-01 Time 1.3370392323e+01 Learning rate: 2.500000e-04
[Epoch 92] Train Loss: -3.684286e-01 Test Loss: -6.098004e-01 Time 1.3324261427e+01 Learning rate: 2.500000e-04
[Epoch 93] Train Loss: -3.653238e-01 Test Loss: -6.043961e-01 Time 1.3262832880e+01 Learning rate: 2.500000e-04
[Epoch 94] Train Loss: -3.728293e-01 Test Loss: -6.276690e-01 Time 1.3360939026e+01 Learning rate: 2.500000e-04
[Epoch 95] Train Loss: -3.633771e-01 Test Loss: -6.258258e-01 Time 1.3256352425e+01 Learning rate: 2.500000e-04
[Epoch 96] Train Loss: -3.659636e-01 Test Loss: -6.115142e-01 Time 1.3264481306e+01 Learning rate: 2.500000e-04
[Epoch 97] Train Loss: -3.657092e-01 Test Loss: -6.122467e-01 Time 1.3306452990e+01 Learning rate: 2.500000e-04
[Epoch 98] Train Loss: -3.674081e-01 Test Loss: -6.078538e-01 Time 1.3253599405e+01 Learning rate: 2.500000e-04
[Epoch 99] Train Loss: -3.722527e-01 Test Loss: -6.111362e-01 Time 1.3319961548e+01 Learning rate: 2.500000e-04
[Epoch 100] Train Loss: -3.625516e-01 Test Loss: -6.133775e-01 Time 1.3383149862e+01 Learning rate: 2.500000e-04
[Epoch 101] Train Loss: -3.568645e-01 Test Loss: -6.099088e-01 Time 1.3278253794e+01 Learning rate: 2.500000e-04
[Epoch 102] Train Loss: -3.682018e-01 Test Loss: -6.124283e-01 Time 1.3365036249e+01 Learning rate: 2.500000e-04
[Epoch 103] Train Loss: -3.738297e-01 Test Loss: -6.128307e-01 Time 1.3426137924e+01 Learning rate: 2.500000e-04
[Epoch 104] Train Loss: -3.672380e-01 Test Loss: -6.218420e-01 Time 1.3319373608e+01 Learning rate: 2.500000e-04
[Epoch 105] Train Loss: -3.643133e-01 Test Loss: -6.179562e-01 Time 1.3163708448e+01 Learning rate: 1.250000e-04
[Epoch 106] Train Loss: -3.724354e-01 Test Loss: -6.384414e-01 Time 1.3289199829e+01 Learning rate: 1.250000e-04
[Epoch 107] Train Loss: -3.669745e-01 Test Loss: -6.318660e-01 Time 1.3177140951e+01 Learning rate: 1.250000e-04
[Epoch 108] Train Loss: -3.874975e-01 Test Loss: -6.192292e-01 Time 1.3386185884e+01 Learning rate: 1.250000e-04
[Epoch 109] Train Loss: -3.741575e-01 Test Loss: -6.339495e-01 Time 1.3303713322e+01 Learning rate: 1.250000e-04
[Epoch 110] Train Loss: -3.706705e-01 Test Loss: -6.235189e-01 Time 1.3279374361e+01 Learning rate: 1.250000e-04
[Epoch 111] Train Loss: -3.716061e-01 Test Loss: -6.290790e-01 Time 1.3316163540e+01 Learning rate: 1.250000e-04
[Epoch 112] Train Loss: -3.731626e-01 Test Loss: -6.317596e-01 Time 1.3236541033e+01 Learning rate: 1.250000e-04
[Epoch 113] Train Loss: -3.687705e-01 Test Loss: -6.318194e-01 Time 1.3203500032e+01 Learning rate: 1.250000e-04
[Epoch 114] Train Loss: -3.790392e-01 Test Loss: -6.030974e-01 Time 1.3370643854e+01 Learning rate: 1.250000e-04
[Epoch 115] Train Loss: -3.744715e-01 Test Loss: -6.341706e-01 Time 1.3312527418e+01 Learning rate: 1.250000e-04
[Epoch 116] Train Loss: -3.788561e-01 Test Loss: -6.324348e-01 Time 1.3282168388e+01 Learning rate: 1.250000e-04
[Epoch 117] Train Loss: -3.659771e-01 Test Loss: -6.273400e-01 Time 1.3178874016e+01 Learning rate: 6.250000e-05
[Epoch 118] Train Loss: -3.773475e-01 Test Loss: -6.329087e-01 Time 1.3215196848e+01 Learning rate: 6.250000e-05
[Epoch 119] Train Loss: -3.792480e-01 Test Loss: -6.379496e-01 Time 1.3256949902e+01 Learning rate: 6.250000e-05
[Epoch 120] Train Loss: -3.777183e-01 Test Loss: -6.349541e-01 Time 1.3206138134e+01 Learning rate: 6.250000e-05
[Epoch 121] Train Loss: -3.863013e-01 Test Loss: -6.325267e-01 Time 1.3273852110e+01 Learning rate: 6.250000e-05
[Epoch 122] Train Loss: -3.858479e-01 Test Loss: -6.302964e-01 Time 1.3312020540e+01 Learning rate: 6.250000e-05
[Epoch 123] Train Loss: -3.821083e-01 Test Loss: -6.331651e-01 Time 1.3315575361e+01 Learning rate: 6.250000e-05
[Epoch 124] Train Loss: -3.770184e-01 Test Loss: -6.301284e-01 Time 1.3310882092e+01 Learning rate: 6.250000e-05
[Epoch 125] Train Loss: -3.839204e-01 Test Loss: -6.411314e-01 Time 1.3407431841e+01 Learning rate: 6.250000e-05
[Epoch 126] Train Loss: -3.811262e-01 Test Loss: -6.383831e-01 Time 1.3351774454e+01 Learning rate: 6.250000e-05
[Epoch 127] Train Loss: -3.768610e-01 Test Loss: -6.383941e-01 Time 1.3311447144e+01 Learning rate: 6.250000e-05
[Epoch 128] Train Loss: -3.850309e-01 Test Loss: -6.439567e-01 Time 1.3322522879e+01 Learning rate: 6.250000e-05
[Epoch 129] Train Loss: -3.881084e-01 Test Loss: -6.334899e-01 Time 1.3438025236e+01 Learning rate: 6.250000e-05
[Epoch 130] Train Loss: -3.852339e-01 Test Loss: -6.282500e-01 Time 1.3315600872e+01 Learning rate: 6.250000e-05
[Epoch 131] Train Loss: -3.672815e-01 Test Loss: -6.387556e-01 Time 1.3175266266e+01 Learning rate: 6.250000e-05
[Epoch 132] Train Loss: -3.907237e-01 Test Loss: -6.377781e-01 Time 1.3310113192e+01 Learning rate: 6.250000e-05
[Epoch 133] Train Loss: -3.817432e-01 Test Loss: -6.321823e-01 Time 1.3235981464e+01 Learning rate: 6.250000e-05
[Epoch 134] Train Loss: -3.730911e-01 Test Loss: -6.434117e-01 Time 1.3211630821e+01 Learning rate: 6.250000e-05
[Epoch 135] Train Loss: -3.890949e-01 Test Loss: -6.316906e-01 Time 1.3349961758e+01 Learning rate: 6.250000e-05
[Epoch 136] Train Loss: -3.760681e-01 Test Loss: -6.451544e-01 Time 1.3307855844e+01 Learning rate: 6.250000e-05
[Epoch 137] Train Loss: -3.784163e-01 Test Loss: -6.384273e-01 Time 1.3163187742e+01 Learning rate: 6.250000e-05
[Epoch 138] Train Loss: -3.885874e-01 Test Loss: -6.326659e-01 Time 1.3286058664e+01 Learning rate: 6.250000e-05
[Epoch 139] Train Loss: -3.875492e-01 Test Loss: -6.447976e-01 Time 1.2921953440e+01 Learning rate: 6.250000e-05
[Epoch 140] Train Loss: -3.953577e-01 Test Loss: -6.463645e-01 Time 1.3032953978e+01 Learning rate: 6.250000e-05
[Epoch 141] Train Loss: -3.871593e-01 Test Loss: -6.442722e-01 Time 1.3030018806e+01 Learning rate: 6.250000e-05
[Epoch 142] Train Loss: -3.886851e-01 Test Loss: -6.460278e-01 Time 1.3029808998e+01 Learning rate: 6.250000e-05
[Epoch 143] Train Loss: -3.857209e-01 Test Loss: -6.482868e-01 Time 1.2982652664e+01 Learning rate: 6.250000e-05
[Epoch 144] Train Loss: -3.865630e-01 Test Loss: -6.559017e-01 Time 1.2964624405e+01 Learning rate: 6.250000e-05
[Epoch 145] Train Loss: -4.001381e-01 Test Loss: -6.397992e-01 Time 1.3128753901e+01 Learning rate: 6.250000e-05
[Epoch 146] Train Loss: -3.953667e-01 Test Loss: -6.557776e-01 Time 1.2953306913e+01 Learning rate: 6.250000e-05
[Epoch 147] Train Loss: -3.889336e-01 Test Loss: -6.374782e-01 Time 1.2941354036e+01 Learning rate: 6.250000e-05
[Epoch 148] Train Loss: -4.007184e-01 Test Loss: -6.415615e-01 Time 1.3066413403e+01 Learning rate: 6.250000e-05
[Epoch 149] Train Loss: -3.936393e-01 Test Loss: -6.447239e-01 Time 1.3067004204e+01 Learning rate: 6.250000e-05
[Epoch 150] Train Loss: -3.953358e-01 Test Loss: -6.535800e-01 Time 1.2982132673e+01 Learning rate: 6.250000e-05
[Epoch 151] Train Loss: -3.930619e-01 Test Loss: -6.559032e-01 Time 1.2946037292e+01 Learning rate: 6.250000e-05
[Epoch 152] Train Loss: -3.953821e-01 Test Loss: -6.482030e-01 Time 1.3059056997e+01 Learning rate: 6.250000e-05
[Epoch 153] Train Loss: -4.024370e-01 Test Loss: -6.406661e-01 Time 1.3101572275e+01 Learning rate: 6.250000e-05
[Epoch 154] Train Loss: -3.959021e-01 Test Loss: -6.499175e-01 Time 1.3067636728e+01 Learning rate: 6.250000e-05
[Epoch 155] Train Loss: -3.937892e-01 Test Loss: -6.559564e-01 Time 1.3064021349e+01 Learning rate: 6.250000e-05
[Epoch 156] Train Loss: -4.001308e-01 Test Loss: -6.547712e-01 Time 1.3016443014e+01 Learning rate: 6.250000e-05
[Epoch 157] Train Loss: -4.031946e-01 Test Loss: -6.560407e-01 Time 1.3124579906e+01 Learning rate: 6.250000e-05
[Epoch 158] Train Loss: -3.986076e-01 Test Loss: -6.546936e-01 Time 1.3040334940e+01 Learning rate: 6.250000e-05
[Epoch 159] Train Loss: -4.043936e-01 Test Loss: -6.607399e-01 Time 1.3101405859e+01 Learning rate: 6.250000e-05
[Epoch 160] Train Loss: -4.069016e-01 Test Loss: -6.473339e-01 Time 1.3083324671e+01 Learning rate: 6.250000e-05
[Epoch 161] Train Loss: -4.010626e-01 Test Loss: -6.547612e-01 Time 1.2934846640e+01 Learning rate: 6.250000e-05
[Epoch 162] Train Loss: -4.029702e-01 Test Loss: -6.567021e-01 Time 1.3016019821e+01 Learning rate: 6.250000e-05
[Epoch 163] Train Loss: -4.020141e-01 Test Loss: -6.551586e-01 Time 1.2985994577e+01 Learning rate: 6.250000e-05
[Epoch 164] Train Loss: -4.091733e-01 Test Loss: -6.618157e-01 Time 1.3071362495e+01 Learning rate: 6.250000e-05
[Epoch 165] Train Loss: -4.087302e-01 Test Loss: -6.561005e-01 Time 1.3015511990e+01 Learning rate: 6.250000e-05
[Epoch 166] Train Loss: -4.103082e-01 Test Loss: -6.516726e-01 Time 1.3042299271e+01 Learning rate: 6.250000e-05
[Epoch 167] Train Loss: -4.126128e-01 Test Loss: -6.467593e-01 Time 1.3071257830e+01 Learning rate: 6.250000e-05
[Epoch 168] Train Loss: -4.053541e-01 Test Loss: -6.340208e-01 Time 1.2972678661e+01 Learning rate: 6.250000e-05
[Epoch 169] Train Loss: -4.137677e-01 Test Loss: -6.455129e-01 Time 1.2708524466e+01 Learning rate: 6.250000e-05
[Epoch 170] Train Loss: -4.113775e-01 Test Loss: -6.423112e-01 Time 1.2614203930e+01 Learning rate: 6.250000e-05
[Epoch 171] Train Loss: -4.079271e-01 Test Loss: -6.628198e-01 Time 1.2525957584e+01 Learning rate: 6.250000e-05
[Epoch 172] Train Loss: -4.129136e-01 Test Loss: -6.645355e-01 Time 1.2632155895e+01 Learning rate: 6.250000e-05
[Epoch 173] Train Loss: -4.151665e-01 Test Loss: -6.686375e-01 Time 1.2608399630e+01 Learning rate: 6.250000e-05
[Epoch 174] Train Loss: -4.321437e-01 Test Loss: -6.602049e-01 Time 1.2807657480e+01 Learning rate: 6.250000e-05
[Epoch 175] Train Loss: -4.264431e-01 Test Loss: -6.664987e-01 Time 1.2758078337e+01 Learning rate: 6.250000e-05
[Epoch 176] Train Loss: -4.172316e-01 Test Loss: -6.584980e-01 Time 1.2639383793e+01 Learning rate: 6.250000e-05
[Epoch 177] Train Loss: -4.153619e-01 Test Loss: -6.692028e-01 Time 1.2575165510e+01 Learning rate: 6.250000e-05
[Epoch 178] Train Loss: -4.201239e-01 Test Loss: -6.634967e-01 Time 1.2628697634e+01 Learning rate: 6.250000e-05
[Epoch 179] Train Loss: -4.308423e-01 Test Loss: -6.598715e-01 Time 1.2702148676e+01 Learning rate: 6.250000e-05
[Epoch 180] Train Loss: -4.270827e-01 Test Loss: -6.568810e-01 Time 1.2738317013e+01 Learning rate: 6.250000e-05
[Epoch 181] Train Loss: -4.258070e-01 Test Loss: -6.710406e-01 Time 1.2731661797e+01 Learning rate: 6.250000e-05
[Epoch 182] Train Loss: -4.252906e-01 Test Loss: -6.572840e-01 Time 1.2714960098e+01 Learning rate: 6.250000e-05
[Epoch 183] Train Loss: -4.254475e-01 Test Loss: -6.690083e-01 Time 1.2632940531e+01 Learning rate: 6.250000e-05
[Epoch 184] Train Loss: -4.184092e-01 Test Loss: -6.697604e-01 Time 1.2566796541e+01 Learning rate: 6.250000e-05
[Epoch 185] Train Loss: -4.247050e-01 Test Loss: -6.698467e-01 Time 1.2604100943e+01 Learning rate: 6.250000e-05
[Epoch 186] Train Loss: -4.294494e-01 Test Loss: -6.707972e-01 Time 1.2698024988e+01 Learning rate: 6.250000e-05
[Epoch 187] Train Loss: -4.254432e-01 Test Loss: -6.631301e-01 Time 1.2598824501e+01 Learning rate: 6.250000e-05
[Epoch 188] Train Loss: -4.379964e-01 Test Loss: -6.677347e-01 Time 1.2794860601e+01 Learning rate: 6.250000e-05
[Epoch 189] Train Loss: -4.347574e-01 Test Loss: -6.734367e-01 Time 1.2649590492e+01 Learning rate: 6.250000e-05
[Epoch 190] Train Loss: -4.285886e-01 Test Loss: -6.503349e-01 Time 1.2704769850e+01 Learning rate: 6.250000e-05
[Epoch 191] Train Loss: -4.289069e-01 Test Loss: -6.438481e-01 Time 1.2715783596e+01 Learning rate: 6.250000e-05
[Epoch 192] Train Loss: -4.243366e-01 Test Loss: -6.723253e-01 Time 1.2580589533e+01 Learning rate: 6.250000e-05
[Epoch 193] Train Loss: -4.210101e-01 Test Loss: -6.780964e-01 Time 1.2547170877e+01 Learning rate: 6.250000e-05
[Epoch 194] Train Loss: -4.215498e-01 Test Loss: -6.612369e-01 Time 1.2585117102e+01 Learning rate: 6.250000e-05
[Epoch 195] Train Loss: -4.260965e-01 Test Loss: -6.685488e-01 Time 1.2567140818e+01 Learning rate: 6.250000e-05
[Epoch 196] Train Loss: -4.367434e-01 Test Loss: -6.698538e-01 Time 1.2729255915e+01 Learning rate: 6.250000e-05
[Epoch 197] Train Loss: -4.292892e-01 Test Loss: -6.757528e-01 Time 1.2635496855e+01 Learning rate: 6.250000e-05
[Epoch 198] Train Loss: -4.292234e-01 Test Loss: -6.733046e-01 Time 1.2631024599e+01 Learning rate: 6.250000e-05
[Epoch 199] Train Loss: -4.442056e-01 Test Loss: -6.678062e-01 Time 1.2721143723e+01 Learning rate: 6.250000e-05
[Epoch 200] Train Loss: -4.341175e-01 Test Loss: -6.756796e-01 Time 1.2626886606e+01 Learning rate: 6.250000e-05
[Epoch 201] Train Loss: -4.349826e-01 Test Loss: -6.652001e-01 Time 1.2711117029e+01 Learning rate: 6.250000e-05
[Epoch 202] Train Loss: -4.363618e-01 Test Loss: -6.795904e-01 Time 1.2696302891e+01 Learning rate: 6.250000e-05
[Epoch 203] Train Loss: -4.344138e-01 Test Loss: -6.627414e-01 Time 1.2628352404e+01 Learning rate: 6.250000e-05
[Epoch 204] Train Loss: -4.399519e-01 Test Loss: -6.796103e-01 Time 1.2739203215e+01 Learning rate: 6.250000e-05
[Epoch 205] Train Loss: -4.301882e-01 Test Loss: -6.644445e-01 Time 1.2570072651e+01 Learning rate: 6.250000e-05
[Epoch 206] Train Loss: -4.349610e-01 Test Loss: -6.669955e-01 Time 1.2622439146e+01 Learning rate: 6.250000e-05
[Epoch 207] Train Loss: -4.421270e-01 Test Loss: -6.723085e-01 Time 1.2651368618e+01 Learning rate: 6.250000e-05
[Epoch 208] Train Loss: -4.443591e-01 Test Loss: -6.605642e-01 Time 1.2784681797e+01 Learning rate: 6.250000e-05
[Epoch 209] Train Loss: -4.414981e-01 Test Loss: -6.602593e-01 Time 1.2701838017e+01 Learning rate: 6.250000e-05
[Epoch 210] Train Loss: -4.280042e-01 Test Loss: -6.743456e-01 Time 1.2569595337e+01 Learning rate: 6.250000e-05
[Epoch 211] Train Loss: -4.364332e-01 Test Loss: -6.784021e-01 Time 1.2607087374e+01 Learning rate: 6.250000e-05
[Epoch 212] Train Loss: -4.273988e-01 Test Loss: -6.732694e-01 Time 1.2590461254e+01 Learning rate: 6.250000e-05
[Epoch 213] Train Loss: -4.419398e-01 Test Loss: -6.790892e-01 Time 1.2682739735e+01 Learning rate: 6.250000e-05
[Epoch 214] Train Loss: -4.381984e-01 Test Loss: -6.841467e-01 Time 1.2630643368e+01 Learning rate: 6.250000e-05
[Epoch 215] Train Loss: -4.239711e-01 Test Loss: -6.745425e-01 Time 1.2507685423e+01 Learning rate: 6.250000e-05
[Epoch 216] Train Loss: -4.398373e-01 Test Loss: -6.669472e-01 Time 1.2643989086e+01 Learning rate: 6.250000e-05
[Epoch 217] Train Loss: -4.475427e-01 Test Loss: -6.565184e-01 Time 1.2687895775e+01 Learning rate: 6.250000e-05
[Epoch 218] Train Loss: -4.403315e-01 Test Loss: -6.592178e-01 Time 1.2747511625e+01 Learning rate: 6.250000e-05
[Epoch 219] Train Loss: -4.420170e-01 Test Loss: -6.739004e-01 Time 1.2653612137e+01 Learning rate: 6.250000e-05
[Epoch 220] Train Loss: -4.440797e-01 Test Loss: -6.851383e-01 Time 1.2661091805e+01 Learning rate: 6.250000e-05
[Epoch 221] Train Loss: -4.487168e-01 Test Loss: -6.739705e-01 Time 1.2691690207e+01 Learning rate: 6.250000e-05
[Epoch 222] Train Loss: -4.422624e-01 Test Loss: -6.631417e-01 Time 1.2721926689e+01 Learning rate: 6.250000e-05
[Epoch 223] Train Loss: -4.424106e-01 Test Loss: -6.542992e-01 Time 1.2632185459e+01 Learning rate: 6.250000e-05
[Epoch 224] Train Loss: -4.406524e-01 Test Loss: -6.736692e-01 Time 1.2622447014e+01 Learning rate: 6.250000e-05
[Epoch 225] Train Loss: -4.361011e-01 Test Loss: -6.764143e-01 Time 1.2628119946e+01 Learning rate: 6.250000e-05
[Epoch 226] Train Loss: -4.450354e-01 Test Loss: -6.688621e-01 Time 1.2655025005e+01 Learning rate: 6.250000e-05
[Epoch 227] Train Loss: -4.464382e-01 Test Loss: -6.723332e-01 Time 1.2666658878e+01 Learning rate: 6.250000e-05
[Epoch 228] Train Loss: -4.421790e-01 Test Loss: -6.680597e-01 Time 1.2562245846e+01 Learning rate: 6.250000e-05
[Epoch 229] Train Loss: -4.506984e-01 Test Loss: -6.793968e-01 Time 1.2712073803e+01 Learning rate: 6.250000e-05
[Epoch 230] Train Loss: -4.483269e-01 Test Loss: -6.832832e-01 Time 1.2707730293e+01 Learning rate: 6.250000e-05
[Epoch 231] Train Loss: -4.563009e-01 Test Loss: -6.739967e-01 Time 1.2777618885e+01 Learning rate: 3.125000e-05
[Epoch 232] Train Loss: -4.500650e-01 Test Loss: -6.776189e-01 Time 1.2714192867e+01 Learning rate: 3.125000e-05
[Epoch 233] Train Loss: -4.433389e-01 Test Loss: -6.761608e-01 Time 1.2538874149e+01 Learning rate: 3.125000e-05
[Epoch 234] Train Loss: -4.427909e-01 Test Loss: -6.796827e-01 Time 1.2664826393e+01 Learning rate: 3.125000e-05
[Epoch 235] Train Loss: -4.488255e-01 Test Loss: -6.697435e-01 Time 1.2646955013e+01 Learning rate: 3.125000e-05
[Epoch 236] Train Loss: -4.551907e-01 Test Loss: -6.728575e-01 Time 1.2728420019e+01 Learning rate: 3.125000e-05
[Epoch 237] Train Loss: -4.508080e-01 Test Loss: -6.733126e-01 Time 1.2669301748e+01 Learning rate: 3.125000e-05
[Epoch 238] Train Loss: -4.569131e-01 Test Loss: -6.655638e-01 Time 1.2776641846e+01 Learning rate: 3.125000e-05
[Epoch 239] Train Loss: -4.531915e-01 Test Loss: -6.770681e-01 Time 1.2694026232e+01 Learning rate: 3.125000e-05
[Epoch 240] Train Loss: -4.499891e-01 Test Loss: -6.784009e-01 Time 1.2684030056e+01 Learning rate: 3.125000e-05
[Epoch 241] Train Loss: -4.457955e-01 Test Loss: -6.779551e-01 Time 1.2607459068e+01 Learning rate: 3.125000e-05
[Epoch 242] Train Loss: -4.538322e-01 Test Loss: -6.868241e-01 Time 1.2740714788e+01 Learning rate: 3.125000e-05
[Epoch 243] Train Loss: -4.600116e-01 Test Loss: -6.875264e-01 Time 1.2741087198e+01 Learning rate: 3.125000e-05
[Epoch 244] Train Loss: -4.479613e-01 Test Loss: -6.803466e-01 Time 1.2648156643e+01 Learning rate: 3.125000e-05
[Epoch 245] Train Loss: -4.435718e-01 Test Loss: -6.846914e-01 Time 1.2623997450e+01 Learning rate: 3.125000e-05
[Epoch 246] Train Loss: -4.488361e-01 Test Loss: -6.790650e-01 Time 1.2604936123e+01 Learning rate: 3.125000e-05
[Epoch 247] Train Loss: -4.562583e-01 Test Loss: -6.804857e-01 Time 1.2837259769e+01 Learning rate: 3.125000e-05
[Epoch 248] Train Loss: -4.436317e-01 Test Loss: -6.817567e-01 Time 1.2555633783e+01 Learning rate: 3.125000e-05
[Epoch 249] Train Loss: -4.554747e-01 Test Loss: -6.796745e-01 Time 1.2722894907e+01 Learning rate: 3.125000e-05
[Epoch 250] Train Loss: -4.526353e-01 Test Loss: -6.812762e-01 Time 1.2758226633e+01 Learning rate: 3.125000e-05
[Epoch 251] Train Loss: -4.483280e-01 Test Loss: -6.729448e-01 Time 1.2664528608e+01 Learning rate: 3.125000e-05
[Epoch 252] Train Loss: -4.454803e-01 Test Loss: -6.864613e-01 Time 1.2614811659e+01 Learning rate: 3.125000e-05
[Epoch 253] Train Loss: -4.442058e-01 Test Loss: -6.803299e-01 Time 1.2646989346e+01 Learning rate: 3.125000e-05
[Epoch 254] Train Loss: -4.538389e-01 Test Loss: -6.884891e-01 Time 1.2752593994e+01 Learning rate: 3.125000e-05
[Epoch 255] Train Loss: -4.465165e-01 Test Loss: -6.905805e-01 Time 1.2637998581e+01 Learning rate: 3.125000e-05
[Epoch 256] Train Loss: -4.482882e-01 Test Loss: -6.845088e-01 Time 1.2635931253e+01 Learning rate: 3.125000e-05
[Epoch 257] Train Loss: -4.549030e-01 Test Loss: -6.832807e-01 Time 1.2727049589e+01 Learning rate: 3.125000e-05
[Epoch 258] Train Loss: -4.525524e-01 Test Loss: -6.795814e-01 Time 1.2678514719e+01 Learning rate: 3.125000e-05
[Epoch 259] Train Loss: -4.563408e-01 Test Loss: -6.895033e-01 Time 1.2751585484e+01 Learning rate: 3.125000e-05
[Epoch 260] Train Loss: -4.579640e-01 Test Loss: -6.912662e-01 Time 1.2780173063e+01 Learning rate: 3.125000e-05
[Epoch 261] Train Loss: -4.547515e-01 Test Loss: -6.846665e-01 Time 1.2691594124e+01 Learning rate: 3.125000e-05
[Epoch 262] Train Loss: -4.479006e-01 Test Loss: -6.887288e-01 Time 1.2613940477e+01 Learning rate: 3.125000e-05
[Epoch 263] Train Loss: -4.627811e-01 Test Loss: -6.771124e-01 Time 1.2797334909e+01 Learning rate: 3.125000e-05
[Epoch 264] Train Loss: -4.427703e-01 Test Loss: -6.941536e-01 Time 1.2557464838e+01 Learning rate: 3.125000e-05
[Epoch 265] Train Loss: -4.550545e-01 Test Loss: -6.932572e-01 Time 1.2701670408e+01 Learning rate: 3.125000e-05
[Epoch 266] Train Loss: -4.417993e-01 Test Loss: -6.886941e-01 Time 1.2601573229e+01 Learning rate: 3.125000e-05
[Epoch 267] Train Loss: -4.503931e-01 Test Loss: -6.884711e-01 Time 1.2623815060e+01 Learning rate: 3.125000e-05
[Epoch 268] Train Loss: -4.529367e-01 Test Loss: -6.891090e-01 Time 1.2637169361e+01 Learning rate: 3.125000e-05
[Epoch 269] Train Loss: -4.438087e-01 Test Loss: -6.870446e-01 Time 1.2486361265e+01 Learning rate: 3.125000e-05
[Epoch 270] Train Loss: -4.565879e-01 Test Loss: -6.881737e-01 Time 1.2734453201e+01 Learning rate: 3.125000e-05
[Epoch 271] Train Loss: -4.536113e-01 Test Loss: -6.856392e-01 Time 1.2668284655e+01 Learning rate: 3.125000e-05
[Epoch 272] Train Loss: -4.498664e-01 Test Loss: -6.856305e-01 Time 1.2603511810e+01 Learning rate: 3.125000e-05
[Epoch 273] Train Loss: -4.457122e-01 Test Loss: -6.850122e-01 Time 1.2605317354e+01 Learning rate: 3.125000e-05
[Epoch 274] Train Loss: -4.501486e-01 Test Loss: -6.829954e-01 Time 1.2646493196e+01 Learning rate: 3.125000e-05
[Epoch 275] Train Loss: -4.552656e-01 Test Loss: -6.737775e-01 Time 1.2686763763e+01 Learning rate: 1.562500e-05
[Epoch 276] Train Loss: -4.572535e-01 Test Loss: -6.778222e-01 Time 1.2726598263e+01 Learning rate: 1.562500e-05
[Epoch 277] Train Loss: -4.605420e-01 Test Loss: -6.885243e-01 Time 1.2768196821e+01 Learning rate: 1.562500e-05
[Epoch 278] Train Loss: -4.479226e-01 Test Loss: -6.871832e-01 Time 1.2553676844e+01 Learning rate: 1.562500e-05
[Epoch 279] Train Loss: -4.549159e-01 Test Loss: -6.897163e-01 Time 1.2743907213e+01 Learning rate: 1.562500e-05
[Epoch 280] Train Loss: -4.622764e-01 Test Loss: -6.916627e-01 Time 1.2698459864e+01 Learning rate: 1.562500e-05
[Epoch 281] Train Loss: -4.508062e-01 Test Loss: -6.902775e-01 Time 1.2620390892e+01 Learning rate: 1.562500e-05
[Epoch 282] Train Loss: -4.542014e-01 Test Loss: -6.855769e-01 Time 1.2692748785e+01 Learning rate: 1.562500e-05
[Epoch 283] Train Loss: -4.616259e-01 Test Loss: -6.895505e-01 Time 1.2706708670e+01 Learning rate: 1.562500e-05
[Epoch 284] Train Loss: -4.511123e-01 Test Loss: -6.909722e-01 Time 1.2666020393e+01 Learning rate: 1.562500e-05
[Epoch 285] Train Loss: -4.604861e-01 Test Loss: -6.821175e-01 Time 1.2758329153e+01 Learning rate: 1.562500e-05
[Epoch 286] Train Loss: -4.561187e-01 Test Loss: -6.868227e-01 Time 1.2719384909e+01 Learning rate: 7.812500e-06
[Epoch 287] Train Loss: -4.546759e-01 Test Loss: -6.900274e-01 Time 1.2640691519e+01 Learning rate: 7.812500e-06
[Epoch 288] Train Loss: -4.531798e-01 Test Loss: -6.879249e-01 Time 1.2571898460e+01 Learning rate: 7.812500e-06
[Epoch 289] Train Loss: -4.558632e-01 Test Loss: -6.910399e-01 Time 1.2609047651e+01 Learning rate: 7.812500e-06
[Epoch 290] Train Loss: -4.579046e-01 Test Loss: -6.896165e-01 Time 1.2737488985e+01 Learning rate: 7.812500e-06
[Epoch 291] Train Loss: -4.641873e-01 Test Loss: -6.801022e-01 Time 1.2691636562e+01 Learning rate: 7.812500e-06
[Epoch 292] Train Loss: -4.462979e-01 Test Loss: -6.878621e-01 Time 1.2635303974e+01 Learning rate: 7.812500e-06
[Epoch 293] Train Loss: -4.526606e-01 Test Loss: -6.900657e-01 Time 1.2616698503e+01 Learning rate: 7.812500e-06
[Epoch 294] Train Loss: -4.498318e-01 Test Loss: -6.875985e-01 Time 1.2587730646e+01 Learning rate: 7.812500e-06
