[Epoch 1] Train Loss: 1.203718e+00 Test Loss: 2.293587e+00 Time 1.5121608734e+01 Learning rate: 1.000000e-03
[Epoch 2] Train Loss: 6.388378e-01 Test Loss: 1.804685e+00 Time 1.3799139261e+01 Learning rate: 1.000000e-03
[Epoch 3] Train Loss: 4.718683e-01 Test Loss: 3.335424e+00 Time 1.3786910295e+01 Learning rate: 1.000000e-03
[Epoch 4] Train Loss: 2.919021e-01 Test Loss: 1.615719e+00 Time 1.3832517147e+01 Learning rate: 1.000000e-03
[Epoch 5] Train Loss: 2.513505e-01 Test Loss: 2.665763e+00 Time 1.3855782986e+01 Learning rate: 1.000000e-03
[Epoch 6] Train Loss: 1.918730e-01 Test Loss: 2.496719e+00 Time 1.3754327536e+01 Learning rate: 1.000000e-03
[Epoch 7] Train Loss: 1.761223e-01 Test Loss: 1.140163e+00 Time 1.3779016733e+01 Learning rate: 1.000000e-03
[Epoch 8] Train Loss: 1.456927e-01 Test Loss: 1.998773e+00 Time 1.3696282387e+01 Learning rate: 1.000000e-03
[Epoch 9] Train Loss: 7.690371e-02 Test Loss: 1.520072e+00 Time 1.3714372873e+01 Learning rate: 1.000000e-03
[Epoch 10] Train Loss: 5.626977e-02 Test Loss: 1.047912e+00 Time 1.3823784590e+01 Learning rate: 1.000000e-03
[Epoch 11] Train Loss: 4.220226e-02 Test Loss: 1.532679e+00 Time 1.3620900869e+01 Learning rate: 1.000000e-03
[Epoch 12] Train Loss: 5.410096e-02 Test Loss: 1.241998e+00 Time 1.3473078966e+01 Learning rate: 1.000000e-03
[Epoch 13] Train Loss: 5.910034e-04 Test Loss: 1.025852e+00 Time 1.3872249603e+01 Learning rate: 1.000000e-03
[Epoch 14] Train Loss: -1.798707e-03 Test Loss: 1.424719e+00 Time 1.3819125652e+01 Learning rate: 1.000000e-03
[Epoch 15] Train Loss: -1.296390e-02 Test Loss: 1.447311e+00 Time 1.3765306950e+01 Learning rate: 1.000000e-03
[Epoch 16] Train Loss: 6.076496e-02 Test Loss: 1.015888e+00 Time 1.3657953024e+01 Learning rate: 1.000000e-03
[Epoch 17] Train Loss: 1.592331e-02 Test Loss: 1.664691e+00 Time 1.3774232149e+01 Learning rate: 1.000000e-03
[Epoch 18] Train Loss: -2.794430e-02 Test Loss: 1.226775e+00 Time 1.3755720615e+01 Learning rate: 1.000000e-03
[Epoch 19] Train Loss: -4.110480e-02 Test Loss: 1.535706e+00 Time 1.3777783394e+01 Learning rate: 1.000000e-03
[Epoch 20] Train Loss: -5.369369e-02 Test Loss: 1.503926e+00 Time 1.3784966946e+01 Learning rate: 1.000000e-03
[Epoch 21] Train Loss: -5.667191e-02 Test Loss: 1.297479e+00 Time 1.3716953993e+01 Learning rate: 1.000000e-03
[Epoch 22] Train Loss: -7.585796e-02 Test Loss: 8.860341e-01 Time 1.3774894714e+01 Learning rate: 1.000000e-03
[Epoch 23] Train Loss: -5.777972e-02 Test Loss: 1.122216e+00 Time 1.3737421513e+01 Learning rate: 1.000000e-03
[Epoch 24] Train Loss: -6.464566e-02 Test Loss: 7.660089e-01 Time 1.3710231066e+01 Learning rate: 1.000000e-03
[Epoch 25] Train Loss: -8.461040e-02 Test Loss: 9.011638e-01 Time 1.3758074284e+01 Learning rate: 1.000000e-03
[Epoch 26] Train Loss: -9.717350e-02 Test Loss: 8.930358e-01 Time 1.3741397858e+01 Learning rate: 1.000000e-03
[Epoch 27] Train Loss: -1.136290e-01 Test Loss: 7.245833e-01 Time 1.3794705391e+01 Learning rate: 1.000000e-03
[Epoch 28] Train Loss: -9.288880e-02 Test Loss: 1.034339e+00 Time 1.3749425173e+01 Learning rate: 1.000000e-03
[Epoch 29] Train Loss: -9.601620e-02 Test Loss: 8.166291e-01 Time 1.3644062757e+01 Learning rate: 1.000000e-03
[Epoch 30] Train Loss: -9.269775e-02 Test Loss: 6.691338e-01 Time 1.3586079836e+01 Learning rate: 1.000000e-03
[Epoch 31] Train Loss: -1.312998e-01 Test Loss: 6.852544e-01 Time 1.3725020885e+01 Learning rate: 1.000000e-03
[Epoch 32] Train Loss: -1.348419e-01 Test Loss: 6.848381e-01 Time 1.3710465908e+01 Learning rate: 1.000000e-03
[Epoch 33] Train Loss: -1.203422e-01 Test Loss: 5.840531e-01 Time 1.3772964239e+01 Learning rate: 1.000000e-03
[Epoch 34] Train Loss: -1.243068e-01 Test Loss: 3.698795e-01 Time 1.3813536644e+01 Learning rate: 1.000000e-03
[Epoch 35] Train Loss: -1.248572e-01 Test Loss: 1.933003e-01 Time 1.3824980497e+01 Learning rate: 1.000000e-03
[Epoch 36] Train Loss: -1.431925e-01 Test Loss: 5.043342e-01 Time 1.3818608522e+01 Learning rate: 1.000000e-03
[Epoch 37] Train Loss: -1.452950e-01 Test Loss: 4.832520e-01 Time 1.3756915092e+01 Learning rate: 1.000000e-03
[Epoch 38] Train Loss: -1.681287e-01 Test Loss: 9.413739e-01 Time 1.3733484745e+01 Learning rate: 1.000000e-03
[Epoch 39] Train Loss: -1.726523e-01 Test Loss: 4.170912e-01 Time 1.3815558910e+01 Learning rate: 1.000000e-03
[Epoch 40] Train Loss: -1.621671e-01 Test Loss: 3.012478e-01 Time 1.3620116472e+01 Learning rate: 1.000000e-03
[Epoch 41] Train Loss: -1.736298e-01 Test Loss: 5.031134e-01 Time 1.3713902235e+01 Learning rate: 1.000000e-03
[Epoch 42] Train Loss: -1.591254e-01 Test Loss: 2.457082e-01 Time 1.3718865395e+01 Learning rate: 1.000000e-03
[Epoch 43] Train Loss: -1.911148e-01 Test Loss: 8.416806e-01 Time 1.3805612803e+01 Learning rate: 1.000000e-03
[Epoch 44] Train Loss: -2.008349e-01 Test Loss: -2.599664e-01 Time 1.3836049318e+01 Learning rate: 1.000000e-03
[Epoch 45] Train Loss: -2.134266e-01 Test Loss: -1.272865e-01 Time 1.3671581268e+01 Learning rate: 1.000000e-03
[Epoch 46] Train Loss: -2.220070e-01 Test Loss: -3.805453e-01 Time 1.3922040701e+01 Learning rate: 1.000000e-03
[Epoch 47] Train Loss: -2.065272e-01 Test Loss: -4.104990e-01 Time 1.3698012590e+01 Learning rate: 1.000000e-03
[Epoch 48] Train Loss: -2.256249e-01 Test Loss: -3.997096e-01 Time 1.3687240362e+01 Learning rate: 1.000000e-03
[Epoch 49] Train Loss: -2.323495e-01 Test Loss: -3.124030e-01 Time 1.3760473967e+01 Learning rate: 1.000000e-03
[Epoch 50] Train Loss: -1.688429e-01 Test Loss: -3.995080e-01 Time 1.3693048000e+01 Learning rate: 1.000000e-03
[Epoch 51] Train Loss: -2.502439e-01 Test Loss: -3.866510e-01 Time 1.3814889193e+01 Learning rate: 1.000000e-03
[Epoch 52] Train Loss: -2.626916e-01 Test Loss: -4.218130e-01 Time 1.3902506828e+01 Learning rate: 1.000000e-03
[Epoch 53] Train Loss: -2.758695e-01 Test Loss: -3.124539e-01 Time 1.3863235235e+01 Learning rate: 1.000000e-03
[Epoch 54] Train Loss: -2.690274e-01 Test Loss: -4.101138e-01 Time 1.3753706694e+01 Learning rate: 1.000000e-03
[Epoch 55] Train Loss: -2.811400e-01 Test Loss: -1.820823e-01 Time 1.3726094007e+01 Learning rate: 1.000000e-03
[Epoch 56] Train Loss: -2.454057e-01 Test Loss: -3.830877e-01 Time 1.3702920675e+01 Learning rate: 1.000000e-03
[Epoch 57] Train Loss: -2.792199e-01 Test Loss: -4.103086e-01 Time 1.3770108938e+01 Learning rate: 1.000000e-03
[Epoch 58] Train Loss: -2.657405e-01 Test Loss: -2.655185e-01 Time 1.3774623871e+01 Learning rate: 1.000000e-03
[Epoch 59] Train Loss: -2.762004e-01 Test Loss: -4.346169e-01 Time 1.3735023022e+01 Learning rate: 1.000000e-03
[Epoch 60] Train Loss: -2.979066e-01 Test Loss: -4.488298e-01 Time 1.3716065884e+01 Learning rate: 1.000000e-03
[Epoch 61] Train Loss: -2.545109e-01 Test Loss: -4.671472e-01 Time 1.3739743471e+01 Learning rate: 1.000000e-03
[Epoch 62] Train Loss: -2.922031e-01 Test Loss: -4.248360e-01 Time 1.3731051922e+01 Learning rate: 1.000000e-03
[Epoch 63] Train Loss: -3.087946e-01 Test Loss: -4.147635e-01 Time 1.3718791723e+01 Learning rate: 1.000000e-03
[Epoch 64] Train Loss: -3.189339e-01 Test Loss: -4.772731e-01 Time 1.3813380480e+01 Learning rate: 1.000000e-03
[Epoch 65] Train Loss: -3.067991e-01 Test Loss: -4.476825e-01 Time 1.3763200283e+01 Learning rate: 1.000000e-03
[Epoch 66] Train Loss: -3.125412e-01 Test Loss: -4.813098e-01 Time 1.3837548733e+01 Learning rate: 1.000000e-03
[Epoch 67] Train Loss: -3.310998e-01 Test Loss: -4.327523e-01 Time 1.3845961809e+01 Learning rate: 1.000000e-03
[Epoch 68] Train Loss: -3.014833e-01 Test Loss: -3.597507e-01 Time 1.3679190159e+01 Learning rate: 1.000000e-03
[Epoch 69] Train Loss: -3.104961e-01 Test Loss: -5.034592e-01 Time 1.3806089163e+01 Learning rate: 1.000000e-03
[Epoch 70] Train Loss: -3.374046e-01 Test Loss: -3.261457e-01 Time 1.3770503521e+01 Learning rate: 1.000000e-03
[Epoch 71] Train Loss: -3.163399e-01 Test Loss: -4.581429e-01 Time 1.3703722477e+01 Learning rate: 1.000000e-03
[Epoch 72] Train Loss: -3.203097e-01 Test Loss: -3.771420e-01 Time 1.3719922304e+01 Learning rate: 1.000000e-03
[Epoch 73] Train Loss: -3.442171e-01 Test Loss: -3.971597e-01 Time 1.3830448151e+01 Learning rate: 1.000000e-03
[Epoch 74] Train Loss: -2.458283e-01 Test Loss: -4.422464e-01 Time 1.3765330553e+01 Learning rate: 1.000000e-03
[Epoch 75] Train Loss: -3.202239e-01 Test Loss: -4.466894e-01 Time 1.3766940594e+01 Learning rate: 1.000000e-03
[Epoch 76] Train Loss: -3.366825e-01 Test Loss: -3.559069e-01 Time 1.3815391779e+01 Learning rate: 1.000000e-03
[Epoch 77] Train Loss: -3.276329e-01 Test Loss: -3.672968e-01 Time 1.3675643921e+01 Learning rate: 1.000000e-03
[Epoch 78] Train Loss: -3.404319e-01 Test Loss: -3.961456e-01 Time 1.3725963831e+01 Learning rate: 1.000000e-03
[Epoch 79] Train Loss: -3.344651e-01 Test Loss: -5.021605e-01 Time 1.3758106947e+01 Learning rate: 1.000000e-03
[Epoch 80] Train Loss: -3.575226e-01 Test Loss: -4.627372e-01 Time 1.3885134220e+01 Learning rate: 5.000000e-04
[Epoch 81] Train Loss: -3.941807e-01 Test Loss: -3.784516e-01 Time 1.3766107321e+01 Learning rate: 5.000000e-04
[Epoch 82] Train Loss: -3.970079e-01 Test Loss: -4.842354e-01 Time 1.3756009579e+01 Learning rate: 5.000000e-04
[Epoch 83] Train Loss: -3.906046e-01 Test Loss: -5.499948e-01 Time 1.3690109968e+01 Learning rate: 5.000000e-04
[Epoch 84] Train Loss: -4.059554e-01 Test Loss: -5.166116e-01 Time 1.3794975996e+01 Learning rate: 5.000000e-04
[Epoch 85] Train Loss: -3.994782e-01 Test Loss: -4.709250e-01 Time 1.3776183605e+01 Learning rate: 5.000000e-04
[Epoch 86] Train Loss: -4.054556e-01 Test Loss: -3.876201e-01 Time 1.3777486563e+01 Learning rate: 5.000000e-04
[Epoch 87] Train Loss: -4.121056e-01 Test Loss: -4.666561e-01 Time 1.3880436182e+01 Learning rate: 5.000000e-04
[Epoch 88] Train Loss: -3.932375e-01 Test Loss: -5.355794e-01 Time 1.3827269793e+01 Learning rate: 5.000000e-04
[Epoch 89] Train Loss: -4.008313e-01 Test Loss: -3.151115e-01 Time 1.3741202116e+01 Learning rate: 5.000000e-04
[Epoch 90] Train Loss: -3.845605e-01 Test Loss: -4.045014e-01 Time 1.3675337553e+01 Learning rate: 5.000000e-04
[Epoch 91] Train Loss: -4.176858e-01 Test Loss: -5.045386e-01 Time 1.3841527939e+01 Learning rate: 5.000000e-04
[Epoch 92] Train Loss: -4.227488e-01 Test Loss: -5.270986e-01 Time 1.3909967184e+01 Learning rate: 5.000000e-04
[Epoch 93] Train Loss: -4.050458e-01 Test Loss: -4.776699e-01 Time 1.3742181301e+01 Learning rate: 5.000000e-04
[Epoch 94] Train Loss: -4.186159e-01 Test Loss: -5.674316e-01 Time 1.3856981277e+01 Learning rate: 5.000000e-04
[Epoch 95] Train Loss: -4.066628e-01 Test Loss: -5.845785e-01 Time 1.3680948496e+01 Learning rate: 5.000000e-04
[Epoch 96] Train Loss: -3.873619e-01 Test Loss: -5.321156e-01 Time 1.3619502306e+01 Learning rate: 5.000000e-04
[Epoch 97] Train Loss: -4.149959e-01 Test Loss: -5.087566e-01 Time 1.3814812183e+01 Learning rate: 5.000000e-04
[Epoch 98] Train Loss: -4.195843e-01 Test Loss: -5.380411e-01 Time 1.3852050304e+01 Learning rate: 5.000000e-04
[Epoch 99] Train Loss: -4.243873e-01 Test Loss: -3.748832e-01 Time 1.3742668629e+01 Learning rate: 5.000000e-04
[Epoch 100] Train Loss: -4.196514e-01 Test Loss: -5.215235e-01 Time 1.3725740194e+01 Learning rate: 5.000000e-04
[Epoch 101] Train Loss: -4.365469e-01 Test Loss: -4.686609e-01 Time 1.3875425339e+01 Learning rate: 5.000000e-04
[Epoch 102] Train Loss: -4.256291e-01 Test Loss: -5.383645e-01 Time 1.3758426666e+01 Learning rate: 5.000000e-04
[Epoch 103] Train Loss: -4.396650e-01 Test Loss: -5.133265e-01 Time 1.3851168871e+01 Learning rate: 5.000000e-04
[Epoch 104] Train Loss: -4.230457e-01 Test Loss: -4.851863e-01 Time 1.3814858913e+01 Learning rate: 5.000000e-04
[Epoch 105] Train Loss: -4.266911e-01 Test Loss: -5.593379e-01 Time 1.3771473408e+01 Learning rate: 5.000000e-04
[Epoch 106] Train Loss: -4.278061e-01 Test Loss: -4.878224e-01 Time 1.3793539286e+01 Learning rate: 2.500000e-04
[Epoch 107] Train Loss: -4.277458e-01 Test Loss: -4.906337e-01 Time 1.3652919054e+01 Learning rate: 2.500000e-04
[Epoch 108] Train Loss: -4.459941e-01 Test Loss: -4.786131e-01 Time 1.3727779388e+01 Learning rate: 2.500000e-04
[Epoch 109] Train Loss: -4.549436e-01 Test Loss: -5.717153e-01 Time 1.3828157663e+01 Learning rate: 2.500000e-04
[Epoch 110] Train Loss: -4.494401e-01 Test Loss: -5.577048e-01 Time 1.3799645662e+01 Learning rate: 2.500000e-04
[Epoch 111] Train Loss: -4.538331e-01 Test Loss: -5.182682e-01 Time 1.3753631830e+01 Learning rate: 2.500000e-04
[Epoch 112] Train Loss: -4.654858e-01 Test Loss: -5.544138e-01 Time 1.3750153065e+01 Learning rate: 2.500000e-04
[Epoch 113] Train Loss: -4.647692e-01 Test Loss: -4.887849e-01 Time 1.3728743792e+01 Learning rate: 2.500000e-04
[Epoch 114] Train Loss: -4.518450e-01 Test Loss: -5.461600e-01 Time 1.3746257067e+01 Learning rate: 2.500000e-04
[Epoch 115] Train Loss: -4.571424e-01 Test Loss: -5.444620e-01 Time 1.3759851217e+01 Learning rate: 2.500000e-04
[Epoch 116] Train Loss: -4.548992e-01 Test Loss: -4.743654e-01 Time 1.3742191553e+01 Learning rate: 2.500000e-04
[Epoch 117] Train Loss: -4.660976e-01 Test Loss: -5.319500e-01 Time 1.3727692604e+01 Learning rate: 1.250000e-04
[Epoch 118] Train Loss: -4.710596e-01 Test Loss: -5.282796e-01 Time 1.3733252048e+01 Learning rate: 1.250000e-04
[Epoch 119] Train Loss: -4.794858e-01 Test Loss: -5.399709e-01 Time 1.3767494678e+01 Learning rate: 1.250000e-04
[Epoch 120] Train Loss: -4.785519e-01 Test Loss: -5.246521e-01 Time 1.3721029520e+01 Learning rate: 1.250000e-04
[Epoch 121] Train Loss: -4.722681e-01 Test Loss: -4.613710e-01 Time 1.3726369143e+01 Learning rate: 1.250000e-04
[Epoch 122] Train Loss: -4.843683e-01 Test Loss: -5.790797e-01 Time 1.3906497002e+01 Learning rate: 1.250000e-04
[Epoch 123] Train Loss: -4.650611e-01 Test Loss: -4.162329e-01 Time 1.3680381298e+01 Learning rate: 1.250000e-04
[Epoch 124] Train Loss: -4.830725e-01 Test Loss: -4.784756e-01 Time 1.3887855291e+01 Learning rate: 1.250000e-04
[Epoch 125] Train Loss: -4.869829e-01 Test Loss: -4.930062e-01 Time 1.3819436550e+01 Learning rate: 1.250000e-04
