[Epoch 1] Train Loss: 1.288564e+00 Test Loss: 1.098648e+00 Time 1.5426308632e+01 Learning rate: 1.000000e-03
[Epoch 2] Train Loss: 7.041835e-01 Test Loss: 2.013352e+00 Time 1.3719660044e+01 Learning rate: 1.000000e-03
[Epoch 3] Train Loss: 4.500746e-01 Test Loss: 1.022494e+00 Time 1.3817472458e+01 Learning rate: 1.000000e-03
[Epoch 4] Train Loss: 2.785497e-01 Test Loss: 1.784012e+00 Time 1.3844345331e+01 Learning rate: 1.000000e-03
[Epoch 5] Train Loss: 2.105161e-01 Test Loss: 1.308646e+00 Time 1.3799306631e+01 Learning rate: 1.000000e-03
[Epoch 6] Train Loss: 1.451499e-01 Test Loss: 5.413432e-01 Time 1.3905430079e+01 Learning rate: 1.000000e-03
[Epoch 7] Train Loss: 3.277002e-01 Test Loss: 7.312599e-01 Time 1.3750158548e+01 Learning rate: 1.000000e-03
[Epoch 8] Train Loss: 1.690541e-01 Test Loss: 5.545919e-01 Time 1.3812118530e+01 Learning rate: 1.000000e-03
[Epoch 9] Train Loss: 1.724976e-01 Test Loss: 3.617150e-01 Time 1.3811907768e+01 Learning rate: 1.000000e-03
[Epoch 10] Train Loss: 2.297586e-01 Test Loss: 2.027959e-01 Time 1.3817446232e+01 Learning rate: 1.000000e-03
[Epoch 11] Train Loss: 1.516865e-01 Test Loss: 2.745286e-01 Time 1.3830898285e+01 Learning rate: 1.000000e-03
[Epoch 12] Train Loss: 9.528668e-02 Test Loss: 1.831757e-01 Time 1.3749962568e+01 Learning rate: 1.000000e-03
[Epoch 13] Train Loss: 1.380858e-01 Test Loss: 5.640085e-01 Time 1.3850531578e+01 Learning rate: 1.000000e-03
[Epoch 14] Train Loss: 1.470168e-01 Test Loss: 2.880663e-01 Time 1.3778877258e+01 Learning rate: 1.000000e-03
[Epoch 15] Train Loss: 1.035716e-01 Test Loss: 4.235481e-01 Time 1.3853137732e+01 Learning rate: 1.000000e-03
[Epoch 16] Train Loss: 1.013883e-01 Test Loss: 4.375044e-01 Time 1.3815801859e+01 Learning rate: 1.000000e-03
[Epoch 17] Train Loss: 5.024859e-02 Test Loss: 5.521120e-01 Time 1.3947275877e+01 Learning rate: 1.000000e-03
[Epoch 18] Train Loss: 7.865322e-02 Test Loss: -1.201370e-01 Time 1.3769047737e+01 Learning rate: 1.000000e-03
[Epoch 19] Train Loss: 6.011111e-02 Test Loss: -2.422801e-01 Time 1.3918498755e+01 Learning rate: 1.000000e-03
[Epoch 20] Train Loss: 4.874077e-02 Test Loss: -2.231176e-01 Time 1.3803688049e+01 Learning rate: 1.000000e-03
[Epoch 21] Train Loss: 2.028032e-03 Test Loss: -8.769272e-02 Time 1.3862815857e+01 Learning rate: 1.000000e-03
[Epoch 22] Train Loss: 4.853186e-02 Test Loss: -1.534725e-01 Time 1.3778804541e+01 Learning rate: 1.000000e-03
[Epoch 23] Train Loss: 3.473690e-02 Test Loss: -2.245697e-01 Time 1.3883745432e+01 Learning rate: 1.000000e-03
[Epoch 24] Train Loss: 4.208856e-02 Test Loss: -1.815412e-01 Time 1.3758890629e+01 Learning rate: 1.000000e-03
[Epoch 25] Train Loss: -5.628549e-02 Test Loss: -2.455416e-01 Time 1.3780155897e+01 Learning rate: 1.000000e-03
[Epoch 26] Train Loss: 8.037027e-03 Test Loss: -1.959493e-01 Time 1.3705143213e+01 Learning rate: 1.000000e-03
[Epoch 27] Train Loss: -8.046629e-02 Test Loss: -2.838662e-01 Time 1.3774254084e+01 Learning rate: 1.000000e-03
[Epoch 28] Train Loss: -1.121879e-01 Test Loss: -3.071688e-01 Time 1.3800916910e+01 Learning rate: 1.000000e-03
[Epoch 29] Train Loss: -1.328177e-01 Test Loss: -2.863504e-01 Time 1.3718285799e+01 Learning rate: 1.000000e-03
[Epoch 30] Train Loss: -1.332474e-01 Test Loss: -3.005782e-01 Time 1.3634153605e+01 Learning rate: 1.000000e-03
[Epoch 31] Train Loss: -1.526873e-01 Test Loss: -3.121864e-01 Time 1.3686498404e+01 Learning rate: 1.000000e-03
[Epoch 32] Train Loss: -1.683842e-01 Test Loss: -3.367476e-01 Time 1.3781964540e+01 Learning rate: 1.000000e-03
[Epoch 33] Train Loss: -1.637884e-01 Test Loss: -3.748871e-01 Time 1.3766848803e+01 Learning rate: 1.000000e-03
[Epoch 34] Train Loss: -1.815745e-01 Test Loss: -3.044608e-01 Time 1.3828524113e+01 Learning rate: 1.000000e-03
[Epoch 35] Train Loss: -1.814732e-01 Test Loss: -3.730425e-01 Time 1.3783271074e+01 Learning rate: 1.000000e-03
[Epoch 36] Train Loss: -2.025733e-01 Test Loss: -3.517277e-01 Time 1.3864562273e+01 Learning rate: 1.000000e-03
[Epoch 37] Train Loss: -1.777267e-01 Test Loss: -3.824564e-01 Time 1.3683208466e+01 Learning rate: 1.000000e-03
[Epoch 38] Train Loss: -2.151159e-01 Test Loss: -4.070195e-01 Time 1.3866191626e+01 Learning rate: 1.000000e-03
[Epoch 39] Train Loss: -2.129399e-01 Test Loss: -1.684355e-01 Time 1.3688006401e+01 Learning rate: 1.000000e-03
[Epoch 40] Train Loss: -2.079042e-01 Test Loss: -3.403603e-01 Time 1.3786194563e+01 Learning rate: 1.000000e-03
[Epoch 41] Train Loss: -2.195851e-01 Test Loss: -3.609407e-01 Time 1.3635561705e+01 Learning rate: 1.000000e-03
[Epoch 42] Train Loss: -2.167943e-01 Test Loss: -3.820780e-01 Time 1.3682353497e+01 Learning rate: 1.000000e-03
[Epoch 43] Train Loss: -2.525705e-01 Test Loss: -3.537818e-01 Time 1.3815786839e+01 Learning rate: 1.000000e-03
[Epoch 44] Train Loss: -2.467566e-01 Test Loss: -3.743195e-01 Time 1.3799884796e+01 Learning rate: 1.000000e-03
[Epoch 45] Train Loss: -2.170083e-01 Test Loss: -2.849030e-01 Time 1.3759456396e+01 Learning rate: 1.000000e-03
[Epoch 46] Train Loss: -2.613736e-01 Test Loss: -3.806602e-01 Time 1.3759198904e+01 Learning rate: 1.000000e-03
[Epoch 47] Train Loss: -2.671443e-01 Test Loss: -4.146919e-01 Time 1.3885624647e+01 Learning rate: 1.000000e-03
[Epoch 48] Train Loss: -2.572658e-01 Test Loss: -3.316337e-01 Time 1.3809222937e+01 Learning rate: 1.000000e-03
[Epoch 49] Train Loss: -2.478074e-01 Test Loss: -2.033146e-01 Time 1.3781342983e+01 Learning rate: 1.000000e-03
[Epoch 50] Train Loss: -2.989166e-02 Test Loss: -1.746978e-01 Time 1.3797694206e+01 Learning rate: 1.000000e-03
[Epoch 51] Train Loss: -2.377840e-01 Test Loss: -3.216355e-01 Time 1.3793121815e+01 Learning rate: 1.000000e-03
[Epoch 52] Train Loss: -2.643312e-01 Test Loss: -3.451779e-01 Time 1.3772697687e+01 Learning rate: 1.000000e-03
[Epoch 53] Train Loss: -2.748419e-01 Test Loss: -4.386326e-01 Time 1.3808516264e+01 Learning rate: 1.000000e-03
[Epoch 54] Train Loss: -2.907318e-01 Test Loss: -3.510852e-01 Time 1.3823930979e+01 Learning rate: 1.000000e-03
[Epoch 55] Train Loss: -2.739112e-01 Test Loss: -3.961891e-01 Time 1.3763340473e+01 Learning rate: 1.000000e-03
[Epoch 56] Train Loss: -2.855773e-01 Test Loss: -4.347839e-01 Time 1.3807891369e+01 Learning rate: 1.000000e-03
[Epoch 57] Train Loss: -2.873568e-01 Test Loss: -4.314829e-01 Time 1.3776967525e+01 Learning rate: 1.000000e-03
[Epoch 58] Train Loss: -2.841334e-01 Test Loss: -4.339756e-01 Time 1.3867523432e+01 Learning rate: 1.000000e-03
[Epoch 59] Train Loss: -2.770037e-01 Test Loss: -4.110242e-01 Time 1.3843271971e+01 Learning rate: 1.000000e-03
[Epoch 60] Train Loss: -2.815373e-01 Test Loss: -4.222329e-01 Time 1.3808738947e+01 Learning rate: 1.000000e-03
[Epoch 61] Train Loss: -3.117557e-01 Test Loss: -2.953178e-01 Time 1.3921826124e+01 Learning rate: 1.000000e-03
[Epoch 62] Train Loss: -2.915656e-01 Test Loss: -3.810971e-01 Time 1.3851118565e+01 Learning rate: 1.000000e-03
[Epoch 63] Train Loss: -2.825911e-01 Test Loss: -3.649494e-01 Time 1.3704354286e+01 Learning rate: 1.000000e-03
[Epoch 64] Train Loss: -2.947900e-01 Test Loss: -1.871849e-01 Time 1.3797905207e+01 Learning rate: 5.000000e-04
[Epoch 65] Train Loss: -3.590226e-01 Test Loss: -4.299010e-01 Time 1.3916370392e+01 Learning rate: 5.000000e-04
[Epoch 66] Train Loss: -3.598471e-01 Test Loss: -4.633181e-01 Time 1.3908793211e+01 Learning rate: 5.000000e-04
[Epoch 67] Train Loss: -3.491645e-01 Test Loss: -4.904326e-01 Time 1.3761037350e+01 Learning rate: 5.000000e-04
[Epoch 68] Train Loss: -3.564509e-01 Test Loss: -4.698224e-01 Time 1.3817709923e+01 Learning rate: 5.000000e-04
[Epoch 69] Train Loss: -3.547588e-01 Test Loss: -4.901464e-01 Time 1.3820585251e+01 Learning rate: 5.000000e-04
[Epoch 70] Train Loss: -3.652201e-01 Test Loss: -4.841824e-01 Time 1.3928903818e+01 Learning rate: 5.000000e-04
[Epoch 71] Train Loss: -3.547706e-01 Test Loss: -4.391750e-01 Time 1.3846867561e+01 Learning rate: 5.000000e-04
[Epoch 72] Train Loss: -3.732052e-01 Test Loss: -2.394065e-01 Time 1.3827477694e+01 Learning rate: 5.000000e-04
[Epoch 73] Train Loss: -3.588724e-01 Test Loss: -4.172609e-01 Time 1.3745220900e+01 Learning rate: 5.000000e-04
[Epoch 74] Train Loss: -3.586605e-01 Test Loss: -4.361442e-01 Time 1.3784207821e+01 Learning rate: 5.000000e-04
[Epoch 75] Train Loss: -3.572331e-01 Test Loss: -2.809981e-01 Time 1.3809209824e+01 Learning rate: 5.000000e-04
[Epoch 76] Train Loss: -3.692203e-01 Test Loss: -4.269187e-01 Time 1.3869226456e+01 Learning rate: 5.000000e-04
[Epoch 77] Train Loss: -3.564073e-01 Test Loss: -5.034717e-01 Time 1.3830899239e+01 Learning rate: 5.000000e-04
[Epoch 78] Train Loss: -3.829724e-01 Test Loss: -4.871502e-01 Time 1.3917987585e+01 Learning rate: 5.000000e-04
[Epoch 79] Train Loss: -3.329089e-01 Test Loss: -4.850206e-01 Time 1.3740782738e+01 Learning rate: 5.000000e-04
[Epoch 80] Train Loss: -3.837523e-01 Test Loss: -4.539339e-01 Time 1.3893979549e+01 Learning rate: 5.000000e-04
[Epoch 81] Train Loss: -3.623329e-01 Test Loss: -4.661645e-01 Time 1.3667358875e+01 Learning rate: 5.000000e-04
[Epoch 82] Train Loss: -3.652316e-01 Test Loss: -4.656955e-01 Time 1.3810367584e+01 Learning rate: 5.000000e-04
[Epoch 83] Train Loss: -3.881537e-01 Test Loss: -4.433350e-01 Time 1.3924828529e+01 Learning rate: 5.000000e-04
[Epoch 84] Train Loss: -3.821927e-01 Test Loss: -4.963863e-01 Time 1.3939021826e+01 Learning rate: 5.000000e-04
[Epoch 85] Train Loss: -3.613760e-01 Test Loss: -5.210188e-01 Time 1.3755233765e+01 Learning rate: 5.000000e-04
[Epoch 86] Train Loss: -3.862166e-01 Test Loss: -4.842013e-01 Time 1.3873364449e+01 Learning rate: 5.000000e-04
[Epoch 87] Train Loss: -3.792316e-01 Test Loss: -5.074018e-01 Time 1.3830009222e+01 Learning rate: 5.000000e-04
[Epoch 88] Train Loss: -3.748969e-01 Test Loss: -5.330024e-01 Time 1.3856135368e+01 Learning rate: 5.000000e-04
[Epoch 89] Train Loss: -3.799680e-01 Test Loss: -4.855767e-01 Time 1.3632839203e+01 Learning rate: 5.000000e-04
[Epoch 90] Train Loss: -3.919989e-01 Test Loss: -5.083462e-01 Time 1.3812941551e+01 Learning rate: 5.000000e-04
[Epoch 91] Train Loss: -3.880818e-01 Test Loss: -5.150009e-01 Time 1.3603199482e+01 Learning rate: 5.000000e-04
[Epoch 92] Train Loss: -3.933954e-01 Test Loss: -5.045781e-01 Time 1.3707123041e+01 Learning rate: 5.000000e-04
[Epoch 93] Train Loss: -3.975254e-01 Test Loss: -3.813024e-01 Time 1.3749702454e+01 Learning rate: 5.000000e-04
[Epoch 94] Train Loss: -3.885324e-01 Test Loss: -4.039819e-01 Time 1.3557490587e+01 Learning rate: 5.000000e-04
[Epoch 95] Train Loss: -4.073047e-01 Test Loss: -4.627166e-01 Time 1.3799191713e+01 Learning rate: 5.000000e-04
[Epoch 96] Train Loss: -3.951463e-01 Test Loss: -4.953075e-01 Time 1.3626998186e+01 Learning rate: 5.000000e-04
[Epoch 97] Train Loss: -3.932245e-01 Test Loss: -4.314451e-01 Time 1.3589920759e+01 Learning rate: 5.000000e-04
[Epoch 98] Train Loss: -3.833564e-01 Test Loss: -5.097206e-01 Time 1.3538887978e+01 Learning rate: 5.000000e-04
[Epoch 99] Train Loss: -4.020175e-01 Test Loss: -5.063363e-01 Time 1.3590179443e+01 Learning rate: 2.500000e-04
[Epoch 100] Train Loss: -4.235995e-01 Test Loss: -4.967894e-01 Time 1.3692160606e+01 Learning rate: 2.500000e-04
[Epoch 101] Train Loss: -4.189664e-01 Test Loss: -5.103912e-01 Time 1.3636671305e+01 Learning rate: 2.500000e-04
[Epoch 102] Train Loss: -4.207745e-01 Test Loss: -3.976263e-01 Time 1.3508270502e+01 Learning rate: 2.500000e-04
[Epoch 103] Train Loss: -4.477498e-01 Test Loss: -4.638405e-01 Time 1.3751723289e+01 Learning rate: 2.500000e-04
[Epoch 104] Train Loss: -4.159690e-01 Test Loss: -4.464967e-01 Time 1.3574461699e+01 Learning rate: 2.500000e-04
[Epoch 105] Train Loss: -4.208552e-01 Test Loss: -5.215958e-01 Time 1.3563621283e+01 Learning rate: 2.500000e-04
[Epoch 106] Train Loss: -4.335258e-01 Test Loss: -5.140491e-01 Time 1.3583586454e+01 Learning rate: 2.500000e-04
[Epoch 107] Train Loss: -4.165793e-01 Test Loss: -4.017720e-01 Time 1.3555225611e+01 Learning rate: 2.500000e-04
[Epoch 108] Train Loss: -4.162676e-01 Test Loss: -4.961934e-01 Time 1.3441315174e+01 Learning rate: 2.500000e-04
[Epoch 109] Train Loss: -4.239624e-01 Test Loss: -5.037482e-01 Time 1.3491081476e+01 Learning rate: 2.500000e-04
[Epoch 110] Train Loss: -4.392862e-01 Test Loss: -4.762436e-01 Time 1.3683345079e+01 Learning rate: 1.250000e-04
[Epoch 111] Train Loss: -4.388417e-01 Test Loss: -5.352631e-01 Time 1.3543790102e+01 Learning rate: 1.250000e-04
[Epoch 112] Train Loss: -4.411903e-01 Test Loss: -5.043149e-01 Time 1.3531393290e+01 Learning rate: 1.250000e-04
[Epoch 113] Train Loss: -4.309413e-01 Test Loss: -5.115059e-01 Time 1.3453837872e+01 Learning rate: 1.250000e-04
[Epoch 114] Train Loss: -4.389309e-01 Test Loss: -4.939447e-01 Time 1.3578960657e+01 Learning rate: 1.250000e-04
[Epoch 115] Train Loss: -4.426340e-01 Test Loss: -5.178972e-01 Time 1.3579173803e+01 Learning rate: 1.250000e-04
[Epoch 116] Train Loss: -4.171313e-01 Test Loss: -5.248015e-01 Time 1.3437795401e+01 Learning rate: 1.250000e-04
[Epoch 117] Train Loss: -4.536257e-01 Test Loss: -4.372583e-01 Time 1.3646876335e+01 Learning rate: 1.250000e-04
[Epoch 118] Train Loss: -4.472652e-01 Test Loss: -5.533263e-01 Time 1.3505858421e+01 Learning rate: 1.250000e-04
[Epoch 119] Train Loss: -4.562440e-01 Test Loss: -5.505268e-01 Time 1.3594328165e+01 Learning rate: 1.250000e-04
[Epoch 120] Train Loss: -4.486310e-01 Test Loss: -5.119522e-01 Time 1.3505909920e+01 Learning rate: 1.250000e-04
[Epoch 121] Train Loss: -4.551820e-01 Test Loss: -5.332667e-01 Time 1.3564994097e+01 Learning rate: 1.250000e-04
[Epoch 122] Train Loss: -4.514313e-01 Test Loss: -5.239940e-01 Time 1.3597883224e+01 Learning rate: 1.250000e-04
[Epoch 123] Train Loss: -4.604018e-01 Test Loss: -5.193314e-01 Time 1.3621539116e+01 Learning rate: 1.250000e-04
[Epoch 124] Train Loss: -4.500355e-01 Test Loss: -4.239715e-01 Time 1.3477566957e+01 Learning rate: 1.250000e-04
[Epoch 125] Train Loss: -4.600803e-01 Test Loss: -5.403508e-01 Time 1.3629897356e+01 Learning rate: 1.250000e-04
[Epoch 126] Train Loss: -4.532818e-01 Test Loss: -5.312203e-01 Time 1.3438029766e+01 Learning rate: 1.250000e-04
[Epoch 127] Train Loss: -4.673559e-01 Test Loss: -5.067807e-01 Time 1.3631264687e+01 Learning rate: 1.250000e-04
[Epoch 128] Train Loss: -4.657756e-01 Test Loss: -4.508695e-01 Time 1.3661650658e+01 Learning rate: 1.250000e-04
[Epoch 129] Train Loss: -4.498955e-01 Test Loss: -4.611695e-01 Time 1.3521157503e+01 Learning rate: 6.250000e-05
[Epoch 130] Train Loss: -4.564179e-01 Test Loss: -4.586003e-01 Time 1.3545618057e+01 Learning rate: 6.250000e-05
[Epoch 131] Train Loss: -4.530138e-01 Test Loss: -4.905092e-01 Time 1.3502334118e+01 Learning rate: 6.250000e-05
[Epoch 132] Train Loss: -4.628279e-01 Test Loss: -4.881684e-01 Time 1.3632986784e+01 Learning rate: 6.250000e-05
[Epoch 133] Train Loss: -4.638162e-01 Test Loss: -5.311925e-01 Time 1.3518730640e+01 Learning rate: 6.250000e-05
[Epoch 134] Train Loss: -4.760732e-01 Test Loss: -5.126190e-01 Time 1.3666580200e+01 Learning rate: 6.250000e-05
[Epoch 135] Train Loss: -4.637144e-01 Test Loss: -4.987948e-01 Time 1.3619979858e+01 Learning rate: 6.250000e-05
[Epoch 136] Train Loss: -4.582810e-01 Test Loss: -5.196782e-01 Time 1.3584518433e+01 Learning rate: 6.250000e-05
[Epoch 137] Train Loss: -4.469875e-01 Test Loss: -4.934404e-01 Time 1.3412626266e+01 Learning rate: 6.250000e-05
[Epoch 138] Train Loss: -4.784438e-01 Test Loss: -5.098853e-01 Time 1.3615779400e+01 Learning rate: 6.250000e-05
[Epoch 139] Train Loss: -4.623452e-01 Test Loss: -5.133866e-01 Time 1.3469115734e+01 Learning rate: 6.250000e-05
[Epoch 140] Train Loss: -4.723177e-01 Test Loss: -5.352051e-01 Time 1.3590009451e+01 Learning rate: 3.125000e-05
[Epoch 141] Train Loss: -4.739885e-01 Test Loss: -5.420024e-01 Time 1.3634589434e+01 Learning rate: 3.125000e-05
[Epoch 142] Train Loss: -4.646837e-01 Test Loss: -5.093624e-01 Time 1.3489468575e+01 Learning rate: 3.125000e-05
[Epoch 143] Train Loss: -4.732202e-01 Test Loss: -5.024181e-01 Time 1.3575532436e+01 Learning rate: 3.125000e-05
[Epoch 144] Train Loss: -4.682035e-01 Test Loss: -5.158489e-01 Time 1.3574308157e+01 Learning rate: 3.125000e-05
[Epoch 145] Train Loss: -4.803417e-01 Test Loss: -5.099399e-01 Time 1.3707880735e+01 Learning rate: 3.125000e-05
[Epoch 146] Train Loss: -4.626912e-01 Test Loss: -4.911089e-01 Time 1.3551413536e+01 Learning rate: 3.125000e-05
[Epoch 147] Train Loss: -4.646814e-01 Test Loss: -5.155939e-01 Time 1.3588582993e+01 Learning rate: 3.125000e-05
[Epoch 148] Train Loss: -4.688988e-01 Test Loss: -5.096534e-01 Time 1.3595326900e+01 Learning rate: 3.125000e-05
