[Epoch 1] Train Loss: 1.333390e+00 Test Loss: 1.822304e+00 Time 1.5770822525e+01 Learning rate: 1.000000e-03
[Epoch 2] Train Loss: 7.250253e-01 Test Loss: 1.399114e+00 Time 1.3890772343e+01 Learning rate: 1.000000e-03
[Epoch 3] Train Loss: 4.098388e-01 Test Loss: 9.577429e-01 Time 1.4010190248e+01 Learning rate: 1.000000e-03
[Epoch 4] Train Loss: 2.753073e-01 Test Loss: 1.505625e+00 Time 1.3896555424e+01 Learning rate: 1.000000e-03
[Epoch 5] Train Loss: 1.874690e-01 Test Loss: 1.576934e+00 Time 1.4121013403e+01 Learning rate: 1.000000e-03
[Epoch 6] Train Loss: 1.231802e-01 Test Loss: 1.758578e+00 Time 1.3990993738e+01 Learning rate: 1.000000e-03
[Epoch 7] Train Loss: 9.120101e-02 Test Loss: 6.693342e-01 Time 1.3925961018e+01 Learning rate: 1.000000e-03
[Epoch 8] Train Loss: 5.315682e-02 Test Loss: 8.540188e-01 Time 1.3971766472e+01 Learning rate: 1.000000e-03
[Epoch 9] Train Loss: 4.378686e-02 Test Loss: 5.352952e-01 Time 1.3909720898e+01 Learning rate: 1.000000e-03
[Epoch 10] Train Loss: 1.371234e-02 Test Loss: 2.759943e-01 Time 1.3936311007e+01 Learning rate: 1.000000e-03
[Epoch 11] Train Loss: 1.652810e-02 Test Loss: 3.797126e-01 Time 1.3947119951e+01 Learning rate: 1.000000e-03
[Epoch 12] Train Loss: -5.958009e-02 Test Loss: 1.256852e-01 Time 1.3918728113e+01 Learning rate: 1.000000e-03
[Epoch 13] Train Loss: -6.772259e-02 Test Loss: 2.144798e-01 Time 1.3963021040e+01 Learning rate: 1.000000e-03
[Epoch 14] Train Loss: -9.795871e-02 Test Loss: 2.154050e-01 Time 1.3978180170e+01 Learning rate: 1.000000e-03
[Epoch 15] Train Loss: -1.101650e-01 Test Loss: 2.397792e-01 Time 1.3917788267e+01 Learning rate: 1.000000e-03
[Epoch 16] Train Loss: -1.381496e-01 Test Loss: 1.966689e-01 Time 1.4006527662e+01 Learning rate: 1.000000e-03
[Epoch 17] Train Loss: -5.590284e-02 Test Loss: 2.666722e-01 Time 1.4000062704e+01 Learning rate: 1.000000e-03
[Epoch 18] Train Loss: -1.556565e-01 Test Loss: 2.288372e-01 Time 1.4053452015e+01 Learning rate: 1.000000e-03
[Epoch 19] Train Loss: -1.613118e-01 Test Loss: 1.953586e-01 Time 1.4009667397e+01 Learning rate: 1.000000e-03
[Epoch 20] Train Loss: -1.706679e-01 Test Loss: 1.421238e-01 Time 1.3995068312e+01 Learning rate: 1.000000e-03
[Epoch 21] Train Loss: -1.813877e-01 Test Loss: 1.627172e-01 Time 1.3959412813e+01 Learning rate: 1.000000e-03
[Epoch 22] Train Loss: -1.884958e-01 Test Loss: 3.411066e-02 Time 1.3972337008e+01 Learning rate: 1.000000e-03
[Epoch 23] Train Loss: -2.109189e-01 Test Loss: 5.466726e-02 Time 1.4055222750e+01 Learning rate: 1.000000e-03
[Epoch 24] Train Loss: -2.185513e-01 Test Loss: 2.160436e-02 Time 1.4040147305e+01 Learning rate: 1.000000e-03
[Epoch 25] Train Loss: -1.213347e-01 Test Loss: 1.651093e-01 Time 1.3930501938e+01 Learning rate: 1.000000e-03
[Epoch 26] Train Loss: -1.981790e-01 Test Loss: 1.851146e-02 Time 1.4142309427e+01 Learning rate: 1.000000e-03
[Epoch 27] Train Loss: -2.072968e-01 Test Loss: -2.956383e-02 Time 1.3979829311e+01 Learning rate: 1.000000e-03
[Epoch 28] Train Loss: -2.175936e-01 Test Loss: -1.037030e-01 Time 1.3996087074e+01 Learning rate: 1.000000e-03
[Epoch 29] Train Loss: -2.363362e-01 Test Loss: -3.921980e-01 Time 1.4095706224e+01 Learning rate: 1.000000e-03
[Epoch 30] Train Loss: -2.449971e-01 Test Loss: -3.750778e-01 Time 1.3950607777e+01 Learning rate: 1.000000e-03
[Epoch 31] Train Loss: -2.619357e-01 Test Loss: -4.250497e-01 Time 1.4008745670e+01 Learning rate: 1.000000e-03
[Epoch 32] Train Loss: -2.565629e-01 Test Loss: -4.001637e-01 Time 1.4034288645e+01 Learning rate: 1.000000e-03
[Epoch 33] Train Loss: -2.284474e-01 Test Loss: -4.195110e-01 Time 1.3990604639e+01 Learning rate: 1.000000e-03
[Epoch 34] Train Loss: -2.726616e-01 Test Loss: -3.743292e-01 Time 1.4212662220e+01 Learning rate: 1.000000e-03
[Epoch 35] Train Loss: -2.634616e-01 Test Loss: -4.237788e-01 Time 1.4009602308e+01 Learning rate: 1.000000e-03
[Epoch 36] Train Loss: -2.708704e-01 Test Loss: -3.747296e-01 Time 1.4068372011e+01 Learning rate: 1.000000e-03
[Epoch 37] Train Loss: -2.703402e-01 Test Loss: -4.021594e-01 Time 1.4204131603e+01 Learning rate: 1.000000e-03
[Epoch 38] Train Loss: -1.605012e-01 Test Loss: -4.104043e-01 Time 1.4013832569e+01 Learning rate: 1.000000e-03
[Epoch 39] Train Loss: -2.845374e-01 Test Loss: -3.199505e-01 Time 1.4302510738e+01 Learning rate: 1.000000e-03
[Epoch 40] Train Loss: -2.869205e-01 Test Loss: -4.345683e-01 Time 1.4285043716e+01 Learning rate: 1.000000e-03
[Epoch 41] Train Loss: -2.819651e-01 Test Loss: -4.256206e-01 Time 1.4145299911e+01 Learning rate: 1.000000e-03
[Epoch 42] Train Loss: -2.652694e-01 Test Loss: -4.288927e-01 Time 1.3968932629e+01 Learning rate: 1.000000e-03
[Epoch 43] Train Loss: -2.852178e-01 Test Loss: -4.337502e-01 Time 1.4079279661e+01 Learning rate: 1.000000e-03
[Epoch 44] Train Loss: -2.966128e-01 Test Loss: -4.260027e-01 Time 1.4232015133e+01 Learning rate: 1.000000e-03
[Epoch 45] Train Loss: -2.904651e-01 Test Loss: -4.061787e-01 Time 1.4126583815e+01 Learning rate: 1.000000e-03
[Epoch 46] Train Loss: -2.943353e-01 Test Loss: -4.284578e-01 Time 1.3991270065e+01 Learning rate: 1.000000e-03
[Epoch 47] Train Loss: -2.976014e-01 Test Loss: -4.075136e-01 Time 1.4127554417e+01 Learning rate: 1.000000e-03
[Epoch 48] Train Loss: -2.695693e-01 Test Loss: -3.678227e-01 Time 1.4116324425e+01 Learning rate: 1.000000e-03
[Epoch 49] Train Loss: -2.908155e-01 Test Loss: -4.736040e-01 Time 1.4114261150e+01 Learning rate: 1.000000e-03
[Epoch 50] Train Loss: -3.000732e-01 Test Loss: -4.241790e-01 Time 1.4127226591e+01 Learning rate: 1.000000e-03
[Epoch 51] Train Loss: -3.124651e-01 Test Loss: -3.884746e-01 Time 1.4217017174e+01 Learning rate: 1.000000e-03
[Epoch 52] Train Loss: -2.747088e-01 Test Loss: -3.829453e-01 Time 1.4054189444e+01 Learning rate: 1.000000e-03
[Epoch 53] Train Loss: -3.169311e-01 Test Loss: -4.181956e-01 Time 1.4173580408e+01 Learning rate: 1.000000e-03
[Epoch 54] Train Loss: -3.142735e-01 Test Loss: -3.950209e-01 Time 1.4123911142e+01 Learning rate: 1.000000e-03
[Epoch 55] Train Loss: -3.120622e-01 Test Loss: -4.508126e-01 Time 1.4024698973e+01 Learning rate: 1.000000e-03
[Epoch 56] Train Loss: -3.165161e-01 Test Loss: -4.682046e-01 Time 1.4126370668e+01 Learning rate: 1.000000e-03
[Epoch 57] Train Loss: -3.398116e-01 Test Loss: -4.443970e-01 Time 1.4217713594e+01 Learning rate: 1.000000e-03
[Epoch 58] Train Loss: -3.208838e-01 Test Loss: -3.534667e-01 Time 1.4096872568e+01 Learning rate: 1.000000e-03
[Epoch 59] Train Loss: -6.919229e-02 Test Loss: -3.222948e-01 Time 1.4028576374e+01 Learning rate: 1.000000e-03
[Epoch 60] Train Loss: -2.432217e-01 Test Loss: -4.447661e-01 Time 1.3968348503e+01 Learning rate: 5.000000e-04
[Epoch 61] Train Loss: -3.544842e-01 Test Loss: -4.515978e-01 Time 1.4231036663e+01 Learning rate: 5.000000e-04
[Epoch 62] Train Loss: -3.442635e-01 Test Loss: -5.039259e-01 Time 1.4067646742e+01 Learning rate: 5.000000e-04
[Epoch 63] Train Loss: -3.556253e-01 Test Loss: -4.413173e-01 Time 1.4099017859e+01 Learning rate: 5.000000e-04
[Epoch 64] Train Loss: -3.502966e-01 Test Loss: -5.087320e-01 Time 1.4146931410e+01 Learning rate: 5.000000e-04
[Epoch 65] Train Loss: -3.373273e-01 Test Loss: -4.159294e-01 Time 1.3935360193e+01 Learning rate: 5.000000e-04
[Epoch 66] Train Loss: -3.522406e-01 Test Loss: -5.137422e-01 Time 1.4038621426e+01 Learning rate: 5.000000e-04
[Epoch 67] Train Loss: -3.765251e-01 Test Loss: -5.041648e-01 Time 1.4186970234e+01 Learning rate: 5.000000e-04
[Epoch 68] Train Loss: -3.770352e-01 Test Loss: -4.988729e-01 Time 1.4112201214e+01 Learning rate: 5.000000e-04
[Epoch 69] Train Loss: -3.953457e-01 Test Loss: -4.385597e-01 Time 1.4241212368e+01 Learning rate: 5.000000e-04
[Epoch 70] Train Loss: -3.563063e-01 Test Loss: -5.087784e-01 Time 1.4009280920e+01 Learning rate: 5.000000e-04
[Epoch 71] Train Loss: -3.488284e-01 Test Loss: -4.882824e-01 Time 1.4166127443e+01 Learning rate: 5.000000e-04
[Epoch 72] Train Loss: -3.816233e-01 Test Loss: -4.941923e-01 Time 1.4096415520e+01 Learning rate: 5.000000e-04
[Epoch 73] Train Loss: -3.906830e-01 Test Loss: -4.947949e-01 Time 1.4232989311e+01 Learning rate: 5.000000e-04
[Epoch 74] Train Loss: -3.943762e-01 Test Loss: -5.081200e-01 Time 1.4187942743e+01 Learning rate: 5.000000e-04
[Epoch 75] Train Loss: -3.625489e-01 Test Loss: -4.866593e-01 Time 1.3961449385e+01 Learning rate: 5.000000e-04
[Epoch 76] Train Loss: -3.868735e-01 Test Loss: -4.965710e-01 Time 1.4091797352e+01 Learning rate: 5.000000e-04
[Epoch 77] Train Loss: -3.770814e-01 Test Loss: -5.030581e-01 Time 1.4082723618e+01 Learning rate: 2.500000e-04
[Epoch 78] Train Loss: -4.075438e-01 Test Loss: -5.152959e-01 Time 1.4158738375e+01 Learning rate: 2.500000e-04
[Epoch 79] Train Loss: -4.075597e-01 Test Loss: -5.160627e-01 Time 1.4025220394e+01 Learning rate: 2.500000e-04
[Epoch 80] Train Loss: -4.285314e-01 Test Loss: -4.752581e-01 Time 1.4187344313e+01 Learning rate: 2.500000e-04
[Epoch 81] Train Loss: -4.238478e-01 Test Loss: -5.329569e-01 Time 1.4237307072e+01 Learning rate: 2.500000e-04
[Epoch 82] Train Loss: -4.334234e-01 Test Loss: -5.085859e-01 Time 1.4214287281e+01 Learning rate: 2.500000e-04
[Epoch 83] Train Loss: -4.080933e-01 Test Loss: -4.870832e-01 Time 1.4079251766e+01 Learning rate: 2.500000e-04
[Epoch 84] Train Loss: -4.125698e-01 Test Loss: -4.980653e-01 Time 1.4141191721e+01 Learning rate: 2.500000e-04
[Epoch 85] Train Loss: -4.132856e-01 Test Loss: -5.249967e-01 Time 1.4048707247e+01 Learning rate: 2.500000e-04
[Epoch 86] Train Loss: -3.981777e-01 Test Loss: -4.692227e-01 Time 1.3949983120e+01 Learning rate: 2.500000e-04
[Epoch 87] Train Loss: -3.983432e-01 Test Loss: -5.259311e-01 Time 1.4049876451e+01 Learning rate: 2.500000e-04
[Epoch 88] Train Loss: -4.273319e-01 Test Loss: -5.439323e-01 Time 1.3934587955e+01 Learning rate: 2.500000e-04
[Epoch 89] Train Loss: -4.020885e-01 Test Loss: -5.019484e-01 Time 1.3715547800e+01 Learning rate: 2.500000e-04
[Epoch 90] Train Loss: -4.022793e-01 Test Loss: -5.319440e-01 Time 1.3658805370e+01 Learning rate: 2.500000e-04
[Epoch 91] Train Loss: -4.282521e-01 Test Loss: -5.262122e-01 Time 1.3904815674e+01 Learning rate: 2.500000e-04
[Epoch 92] Train Loss: -4.196747e-01 Test Loss: -5.239288e-01 Time 1.3753777981e+01 Learning rate: 2.500000e-04
[Epoch 93] Train Loss: -4.253090e-01 Test Loss: -5.129434e-01 Time 1.3850584507e+01 Learning rate: 2.500000e-04
[Epoch 94] Train Loss: -4.350457e-01 Test Loss: -5.385167e-01 Time 1.3881161451e+01 Learning rate: 2.500000e-04
[Epoch 95] Train Loss: -4.379902e-01 Test Loss: -4.916243e-01 Time 1.3893352747e+01 Learning rate: 2.500000e-04
[Epoch 96] Train Loss: -4.452515e-01 Test Loss: -5.235061e-01 Time 1.4037429333e+01 Learning rate: 2.500000e-04
[Epoch 97] Train Loss: -4.215623e-01 Test Loss: -4.650400e-01 Time 1.3719145298e+01 Learning rate: 2.500000e-04
[Epoch 98] Train Loss: -4.416200e-01 Test Loss: -5.276605e-01 Time 1.3872662306e+01 Learning rate: 2.500000e-04
[Epoch 99] Train Loss: -4.195947e-01 Test Loss: -5.171656e-01 Time 1.3791895628e+01 Learning rate: 1.250000e-04
[Epoch 100] Train Loss: -4.273793e-01 Test Loss: -5.328243e-01 Time 1.3722122192e+01 Learning rate: 1.250000e-04
[Epoch 101] Train Loss: -4.383806e-01 Test Loss: -4.916966e-01 Time 1.3765272379e+01 Learning rate: 1.250000e-04
[Epoch 102] Train Loss: -4.470108e-01 Test Loss: -4.867992e-01 Time 1.3783515692e+01 Learning rate: 1.250000e-04
[Epoch 103] Train Loss: -4.267683e-01 Test Loss: -4.968951e-01 Time 1.3896291733e+01 Learning rate: 1.250000e-04
[Epoch 104] Train Loss: -4.433601e-01 Test Loss: -4.663404e-01 Time 1.3807299376e+01 Learning rate: 1.250000e-04
[Epoch 105] Train Loss: -4.408395e-01 Test Loss: -5.020306e-01 Time 1.3758289576e+01 Learning rate: 1.250000e-04
[Epoch 106] Train Loss: -4.434428e-01 Test Loss: -5.341015e-01 Time 1.3749585152e+01 Learning rate: 1.250000e-04
[Epoch 107] Train Loss: -4.450195e-01 Test Loss: -5.400645e-01 Time 1.3788134813e+01 Learning rate: 1.250000e-04
[Epoch 108] Train Loss: -4.344624e-01 Test Loss: -5.518905e-01 Time 1.3785267830e+01 Learning rate: 1.250000e-04
[Epoch 109] Train Loss: -4.439043e-01 Test Loss: -5.460154e-01 Time 1.3808609962e+01 Learning rate: 1.250000e-04
[Epoch 110] Train Loss: -4.540468e-01 Test Loss: -5.475816e-01 Time 1.3846792698e+01 Learning rate: 1.250000e-04
[Epoch 111] Train Loss: -4.364468e-01 Test Loss: -5.486957e-01 Time 1.3742092133e+01 Learning rate: 1.250000e-04
[Epoch 112] Train Loss: -4.431113e-01 Test Loss: -5.054056e-01 Time 1.3769771338e+01 Learning rate: 1.250000e-04
[Epoch 113] Train Loss: -4.473395e-01 Test Loss: -5.003498e-01 Time 1.3776099682e+01 Learning rate: 1.250000e-04
[Epoch 114] Train Loss: -4.556755e-01 Test Loss: -5.330469e-01 Time 1.3886096954e+01 Learning rate: 1.250000e-04
[Epoch 115] Train Loss: -4.532623e-01 Test Loss: -5.416362e-01 Time 1.3742417574e+01 Learning rate: 1.250000e-04
[Epoch 116] Train Loss: -4.419317e-01 Test Loss: -5.372249e-01 Time 1.3624952793e+01 Learning rate: 1.250000e-04
[Epoch 117] Train Loss: -4.598986e-01 Test Loss: -5.307561e-01 Time 1.3836604118e+01 Learning rate: 1.250000e-04
[Epoch 118] Train Loss: -4.435832e-01 Test Loss: -5.251831e-01 Time 1.3733536243e+01 Learning rate: 1.250000e-04
[Epoch 119] Train Loss: -4.551377e-01 Test Loss: -5.391585e-01 Time 1.3862240076e+01 Learning rate: 6.250000e-05
[Epoch 120] Train Loss: -4.445280e-01 Test Loss: -5.317934e-01 Time 1.3714887857e+01 Learning rate: 6.250000e-05
[Epoch 121] Train Loss: -4.582419e-01 Test Loss: -5.330975e-01 Time 1.3713584900e+01 Learning rate: 6.250000e-05
[Epoch 122] Train Loss: -4.502515e-01 Test Loss: -5.610872e-01 Time 1.3656965733e+01 Learning rate: 6.250000e-05
[Epoch 123] Train Loss: -4.391198e-01 Test Loss: -5.458677e-01 Time 1.3617170095e+01 Learning rate: 6.250000e-05
[Epoch 124] Train Loss: -4.504477e-01 Test Loss: -5.426799e-01 Time 1.3749948502e+01 Learning rate: 6.250000e-05
[Epoch 125] Train Loss: -4.543388e-01 Test Loss: -5.488692e-01 Time 1.3720093966e+01 Learning rate: 6.250000e-05
[Epoch 126] Train Loss: -4.562809e-01 Test Loss: -5.410040e-01 Time 1.3667983294e+01 Learning rate: 6.250000e-05
[Epoch 127] Train Loss: -4.457951e-01 Test Loss: -5.246132e-01 Time 1.3774604559e+01 Learning rate: 6.250000e-05
[Epoch 128] Train Loss: -4.619686e-01 Test Loss: -5.358574e-01 Time 1.3763745546e+01 Learning rate: 6.250000e-05
[Epoch 129] Train Loss: -4.490623e-01 Test Loss: -5.601614e-01 Time 1.3697980404e+01 Learning rate: 6.250000e-05
[Epoch 130] Train Loss: -4.565557e-01 Test Loss: -5.391999e-01 Time 1.3783321381e+01 Learning rate: 6.250000e-05
[Epoch 131] Train Loss: -4.641240e-01 Test Loss: -5.604897e-01 Time 1.3784720182e+01 Learning rate: 6.250000e-05
[Epoch 132] Train Loss: -4.634067e-01 Test Loss: -5.506189e-01 Time 1.3766077042e+01 Learning rate: 6.250000e-05
[Epoch 133] Train Loss: -4.604997e-01 Test Loss: -5.244627e-01 Time 1.3752128839e+01 Learning rate: 3.125000e-05
[Epoch 134] Train Loss: -4.615042e-01 Test Loss: -5.429632e-01 Time 1.3769542217e+01 Learning rate: 3.125000e-05
[Epoch 135] Train Loss: -4.636257e-01 Test Loss: -5.535270e-01 Time 1.3821751595e+01 Learning rate: 3.125000e-05
[Epoch 136] Train Loss: -4.523040e-01 Test Loss: -5.453210e-01 Time 1.3638123035e+01 Learning rate: 3.125000e-05
[Epoch 137] Train Loss: -4.500228e-01 Test Loss: -5.443367e-01 Time 1.3644209385e+01 Learning rate: 3.125000e-05
[Epoch 138] Train Loss: -4.528567e-01 Test Loss: -5.444278e-01 Time 1.3626215219e+01 Learning rate: 3.125000e-05
[Epoch 139] Train Loss: -4.567288e-01 Test Loss: -5.378316e-01 Time 1.3735479593e+01 Learning rate: 3.125000e-05
[Epoch 140] Train Loss: -4.564276e-01 Test Loss: -5.459437e-01 Time 1.3757117510e+01 Learning rate: 3.125000e-05
[Epoch 141] Train Loss: -4.308958e-01 Test Loss: -5.396915e-01 Time 1.3623035192e+01 Learning rate: 3.125000e-05
[Epoch 142] Train Loss: -4.590492e-01 Test Loss: -5.474488e-01 Time 1.3751871586e+01 Learning rate: 3.125000e-05
[Epoch 143] Train Loss: -4.530167e-01 Test Loss: -5.402448e-01 Time 1.3726234198e+01 Learning rate: 3.125000e-05
[Epoch 144] Train Loss: -4.739591e-01 Test Loss: -5.406494e-01 Time 1.3903002501e+01 Learning rate: 1.562500e-05
[Epoch 145] Train Loss: -4.585308e-01 Test Loss: -5.460942e-01 Time 1.3719711542e+01 Learning rate: 1.562500e-05
[Epoch 146] Train Loss: -4.648660e-01 Test Loss: -5.375209e-01 Time 1.3720513344e+01 Learning rate: 1.562500e-05
[Epoch 147] Train Loss: -4.776283e-01 Test Loss: -5.522491e-01 Time 1.3856550694e+01 Learning rate: 1.562500e-05
[Epoch 148] Train Loss: -4.628123e-01 Test Loss: -5.472486e-01 Time 1.3787551165e+01 Learning rate: 1.562500e-05
[Epoch 149] Train Loss: -4.515257e-01 Test Loss: -5.455609e-01 Time 1.3408586740e+01 Learning rate: 1.562500e-05
[Epoch 150] Train Loss: -4.759559e-01 Test Loss: -5.535943e-01 Time 1.3492295504e+01 Learning rate: 1.562500e-05
[Epoch 151] Train Loss: -4.652933e-01 Test Loss: -5.416862e-01 Time 1.3433327198e+01 Learning rate: 1.562500e-05
[Epoch 152] Train Loss: -4.707397e-01 Test Loss: -5.333619e-01 Time 1.3508733511e+01 Learning rate: 1.562500e-05
