[Epoch 1] Train Loss: 1.340349e+00 Test Loss: 1.609516e+00 Time 1.5538089037e+01 Learning rate: 1.000000e-03
[Epoch 2] Train Loss: 6.477636e-01 Test Loss: 1.560281e+00 Time 1.4079452276e+01 Learning rate: 1.000000e-03
[Epoch 3] Train Loss: 4.359633e-01 Test Loss: 2.900714e+00 Time 1.3757673264e+01 Learning rate: 1.000000e-03
[Epoch 4] Train Loss: 4.127279e-01 Test Loss: 2.232011e+00 Time 1.3814499617e+01 Learning rate: 1.000000e-03
[Epoch 5] Train Loss: 2.293059e-01 Test Loss: 2.262573e+00 Time 1.4056795120e+01 Learning rate: 1.000000e-03
[Epoch 6] Train Loss: 1.986686e-01 Test Loss: 3.493656e+00 Time 1.3981404543e+01 Learning rate: 1.000000e-03
[Epoch 7] Train Loss: 1.473027e-01 Test Loss: 2.005135e+00 Time 1.3906137228e+01 Learning rate: 1.000000e-03
[Epoch 8] Train Loss: 1.095503e-01 Test Loss: 2.582449e+00 Time 1.4027998447e+01 Learning rate: 1.000000e-03
[Epoch 9] Train Loss: 7.177582e-02 Test Loss: 1.093371e+00 Time 1.4050527573e+01 Learning rate: 1.000000e-03
[Epoch 10] Train Loss: 1.091779e-01 Test Loss: 2.923901e+00 Time 1.3980030537e+01 Learning rate: 1.000000e-03
[Epoch 11] Train Loss: 6.451137e-02 Test Loss: 2.676063e+00 Time 1.3860929012e+01 Learning rate: 1.000000e-03
[Epoch 12] Train Loss: 1.286579e-02 Test Loss: 2.417960e+00 Time 1.3955269337e+01 Learning rate: 1.000000e-03
[Epoch 13] Train Loss: 5.121381e-02 Test Loss: 1.974264e+00 Time 1.3931626320e+01 Learning rate: 1.000000e-03
[Epoch 14] Train Loss: 3.599141e-02 Test Loss: 2.421376e+00 Time 1.3962869883e+01 Learning rate: 1.000000e-03
[Epoch 15] Train Loss: -1.014750e-02 Test Loss: 2.302315e+00 Time 1.3965341091e+01 Learning rate: 1.000000e-03
[Epoch 16] Train Loss: -3.582211e-04 Test Loss: 2.197834e+00 Time 1.3890507698e+01 Learning rate: 1.000000e-03
[Epoch 17] Train Loss: 5.863769e-03 Test Loss: 2.365697e+00 Time 1.4024344921e+01 Learning rate: 1.000000e-03
[Epoch 18] Train Loss: -4.687152e-02 Test Loss: 2.485606e+00 Time 1.4017671108e+01 Learning rate: 1.000000e-03
[Epoch 19] Train Loss: -4.490435e-02 Test Loss: 1.934649e+00 Time 1.4091790199e+01 Learning rate: 1.000000e-03
[Epoch 20] Train Loss: -4.819551e-02 Test Loss: 1.762715e+00 Time 1.4057141781e+01 Learning rate: 5.000000e-04
[Epoch 21] Train Loss: -1.142184e-01 Test Loss: 1.715954e+00 Time 1.4056063890e+01 Learning rate: 5.000000e-04
[Epoch 22] Train Loss: -1.023845e-01 Test Loss: 1.664436e+00 Time 1.3936015368e+01 Learning rate: 5.000000e-04
[Epoch 23] Train Loss: -1.228483e-01 Test Loss: 1.680677e+00 Time 1.4020436287e+01 Learning rate: 5.000000e-04
[Epoch 24] Train Loss: -1.164367e-01 Test Loss: 1.617213e+00 Time 1.3857766867e+01 Learning rate: 5.000000e-04
[Epoch 25] Train Loss: -1.360220e-01 Test Loss: 1.344189e+00 Time 1.4057157755e+01 Learning rate: 5.000000e-04
[Epoch 26] Train Loss: -1.117383e-01 Test Loss: 1.484164e+00 Time 1.4037455797e+01 Learning rate: 5.000000e-04
[Epoch 27] Train Loss: -1.666606e-01 Test Loss: 1.489583e+00 Time 1.4046532631e+01 Learning rate: 5.000000e-04
[Epoch 28] Train Loss: -1.488377e-01 Test Loss: 1.544345e+00 Time 1.4041633606e+01 Learning rate: 5.000000e-04
[Epoch 29] Train Loss: -1.302754e-01 Test Loss: 1.591972e+00 Time 1.3789148092e+01 Learning rate: 5.000000e-04
[Epoch 30] Train Loss: -1.533917e-01 Test Loss: 1.242707e+00 Time 1.3971876144e+01 Learning rate: 5.000000e-04
[Epoch 31] Train Loss: -1.426047e-01 Test Loss: 1.226746e+00 Time 1.3888805389e+01 Learning rate: 2.500000e-04
[Epoch 32] Train Loss: -1.689553e-01 Test Loss: 1.323426e+00 Time 1.3841310978e+01 Learning rate: 2.500000e-04
[Epoch 33] Train Loss: -1.960252e-01 Test Loss: 1.254436e+00 Time 1.4103488207e+01 Learning rate: 2.500000e-04
[Epoch 34] Train Loss: -2.030184e-01 Test Loss: 1.271071e+00 Time 1.3980716944e+01 Learning rate: 2.500000e-04
[Epoch 35] Train Loss: -2.009127e-01 Test Loss: 1.232960e+00 Time 1.4031689167e+01 Learning rate: 2.500000e-04
[Epoch 36] Train Loss: -2.157664e-01 Test Loss: 1.263804e+00 Time 1.4046651363e+01 Learning rate: 2.500000e-04
[Epoch 37] Train Loss: -2.000477e-01 Test Loss: 1.113885e+00 Time 1.3980733871e+01 Learning rate: 2.500000e-04
[Epoch 38] Train Loss: -1.955491e-01 Test Loss: 1.128016e+00 Time 1.4010626554e+01 Learning rate: 2.500000e-04
[Epoch 39] Train Loss: -2.100558e-01 Test Loss: 1.092925e+00 Time 1.4037719727e+01 Learning rate: 2.500000e-04
[Epoch 40] Train Loss: -2.175156e-01 Test Loss: 1.090161e+00 Time 1.3950716496e+01 Learning rate: 2.500000e-04
[Epoch 41] Train Loss: -2.236767e-01 Test Loss: 1.094605e+00 Time 1.4012161493e+01 Learning rate: 2.500000e-04
[Epoch 42] Train Loss: -2.242110e-01 Test Loss: 9.943285e-01 Time 1.3927089453e+01 Learning rate: 2.500000e-04
[Epoch 43] Train Loss: -2.230484e-01 Test Loss: 9.756415e-01 Time 1.3971697092e+01 Learning rate: 2.500000e-04
[Epoch 44] Train Loss: -2.264616e-01 Test Loss: 8.644405e-01 Time 1.3999428988e+01 Learning rate: 2.500000e-04
[Epoch 45] Train Loss: -2.329919e-01 Test Loss: 8.234717e-01 Time 1.4060586214e+01 Learning rate: 2.500000e-04
[Epoch 46] Train Loss: -2.440793e-01 Test Loss: 7.575838e-01 Time 1.3958410025e+01 Learning rate: 2.500000e-04
[Epoch 47] Train Loss: -2.301416e-01 Test Loss: 8.384710e-01 Time 1.3876577139e+01 Learning rate: 2.500000e-04
[Epoch 48] Train Loss: -2.291381e-01 Test Loss: 8.482890e-01 Time 1.3918435812e+01 Learning rate: 2.500000e-04
[Epoch 49] Train Loss: -2.645475e-01 Test Loss: 5.217365e-01 Time 1.4059796095e+01 Learning rate: 2.500000e-04
[Epoch 50] Train Loss: -2.444017e-01 Test Loss: 2.503254e-01 Time 1.3925828695e+01 Learning rate: 2.500000e-04
[Epoch 51] Train Loss: -2.727734e-01 Test Loss: 4.641646e-01 Time 1.4157428503e+01 Learning rate: 2.500000e-04
[Epoch 52] Train Loss: -2.506432e-01 Test Loss: 4.016429e-01 Time 1.3999544144e+01 Learning rate: 2.500000e-04
[Epoch 53] Train Loss: -2.674069e-01 Test Loss: 4.057915e-01 Time 1.3971852541e+01 Learning rate: 2.500000e-04
[Epoch 54] Train Loss: -2.586039e-01 Test Loss: 3.275066e-01 Time 1.3868511200e+01 Learning rate: 2.500000e-04
[Epoch 55] Train Loss: -2.657425e-01 Test Loss: 2.571175e-01 Time 1.3883094072e+01 Learning rate: 2.500000e-04
[Epoch 56] Train Loss: -2.728868e-01 Test Loss: 1.691183e-01 Time 1.4047504425e+01 Learning rate: 2.500000e-04
[Epoch 57] Train Loss: -2.663421e-01 Test Loss: -1.366137e-01 Time 1.3912907362e+01 Learning rate: 2.500000e-04
[Epoch 58] Train Loss: -2.851288e-01 Test Loss: 1.404402e-01 Time 1.4048659086e+01 Learning rate: 2.500000e-04
[Epoch 59] Train Loss: -2.798783e-01 Test Loss: 4.181380e-02 Time 1.3894464016e+01 Learning rate: 2.500000e-04
[Epoch 60] Train Loss: -2.689128e-01 Test Loss: 2.306383e-01 Time 1.3967041969e+01 Learning rate: 2.500000e-04
[Epoch 61] Train Loss: -2.966544e-01 Test Loss: 2.209949e-01 Time 1.4047163725e+01 Learning rate: 2.500000e-04
[Epoch 62] Train Loss: -2.892895e-01 Test Loss: 6.518399e-02 Time 1.3957060099e+01 Learning rate: 2.500000e-04
[Epoch 63] Train Loss: -2.946933e-01 Test Loss: 1.149923e-01 Time 1.3969639301e+01 Learning rate: 2.500000e-04
[Epoch 64] Train Loss: -2.966752e-01 Test Loss: 2.726457e-01 Time 1.3934612274e+01 Learning rate: 2.500000e-04
[Epoch 65] Train Loss: -3.032010e-01 Test Loss: 3.277119e-01 Time 1.4054382324e+01 Learning rate: 2.500000e-04
[Epoch 66] Train Loss: -2.965943e-01 Test Loss: 1.731517e-01 Time 1.3838075161e+01 Learning rate: 2.500000e-04
[Epoch 67] Train Loss: -3.062275e-01 Test Loss: 1.123912e-01 Time 1.3942512035e+01 Learning rate: 2.500000e-04
[Epoch 68] Train Loss: -2.830734e-01 Test Loss: 1.497351e-01 Time 1.3847165585e+01 Learning rate: 1.250000e-04
[Epoch 69] Train Loss: -3.086213e-01 Test Loss: 1.172265e-01 Time 1.3793570518e+01 Learning rate: 1.250000e-04
[Epoch 70] Train Loss: -3.149548e-01 Test Loss: 1.984785e-01 Time 1.3901521683e+01 Learning rate: 1.250000e-04
[Epoch 71] Train Loss: -3.265980e-01 Test Loss: 1.841588e-01 Time 1.4029808283e+01 Learning rate: 1.250000e-04
[Epoch 72] Train Loss: -3.128666e-01 Test Loss: 1.435738e-01 Time 1.3822799683e+01 Learning rate: 1.250000e-04
[Epoch 73] Train Loss: -3.339566e-01 Test Loss: 1.806855e-01 Time 1.3965775251e+01 Learning rate: 1.250000e-04
[Epoch 74] Train Loss: -3.386674e-01 Test Loss: 2.612093e-01 Time 1.4090759039e+01 Learning rate: 1.250000e-04
[Epoch 75] Train Loss: -3.378627e-01 Test Loss: 1.755525e-01 Time 1.3981293917e+01 Learning rate: 1.250000e-04
[Epoch 76] Train Loss: -3.332942e-01 Test Loss: 1.173104e-01 Time 1.4047619581e+01 Learning rate: 1.250000e-04
[Epoch 77] Train Loss: -3.350960e-01 Test Loss: 5.901151e-02 Time 1.3894433737e+01 Learning rate: 1.250000e-04
[Epoch 78] Train Loss: -3.467036e-01 Test Loss: 7.332260e-02 Time 1.4046415806e+01 Learning rate: 1.250000e-04
[Epoch 79] Train Loss: -3.522902e-01 Test Loss: 3.819825e-02 Time 1.3943435907e+01 Learning rate: 6.250000e-05
[Epoch 80] Train Loss: -3.601761e-01 Test Loss: 5.434050e-02 Time 1.4013225317e+01 Learning rate: 6.250000e-05
[Epoch 81] Train Loss: -3.645901e-01 Test Loss: 3.017787e-02 Time 1.4046196461e+01 Learning rate: 6.250000e-05
[Epoch 82] Train Loss: -3.513383e-01 Test Loss: 2.773660e-03 Time 1.3913074732e+01 Learning rate: 6.250000e-05
[Epoch 83] Train Loss: -3.392800e-01 Test Loss: 1.732673e-02 Time 1.3895687103e+01 Learning rate: 6.250000e-05
[Epoch 84] Train Loss: -3.578570e-01 Test Loss: -2.025283e-02 Time 1.3969936371e+01 Learning rate: 6.250000e-05
[Epoch 85] Train Loss: -3.663629e-01 Test Loss: -3.560096e-02 Time 1.4003636599e+01 Learning rate: 6.250000e-05
[Epoch 86] Train Loss: -3.648972e-01 Test Loss: -6.262867e-02 Time 1.4061577559e+01 Learning rate: 6.250000e-05
[Epoch 87] Train Loss: -3.604359e-01 Test Loss: -7.449425e-02 Time 1.3952400923e+01 Learning rate: 6.250000e-05
