[Epoch 1] Train Loss: 5.287348e-01 Test Loss: 5.135664e-01 Time 7.9014868736e+01 Learning rate: 1.000000e-03
[Epoch 2] Train Loss: 2.303101e-01 Test Loss: 2.075560e-01 Time 7.7393742085e+01 Learning rate: 1.000000e-03
[Epoch 3] Train Loss: 6.424601e-02 Test Loss: 3.941291e-01 Time 7.7391918898e+01 Learning rate: 1.000000e-03
[Epoch 4] Train Loss: -5.519753e-02 Test Loss: 6.161588e-01 Time 7.7269694567e+01 Learning rate: 1.000000e-03
[Epoch 5] Train Loss: -1.777292e-01 Test Loss: 7.025640e-01 Time 7.7462922812e+01 Learning rate: 1.000000e-03
[Epoch 6] Train Loss: -2.665568e-01 Test Loss: 1.352288e+00 Time 7.7444972038e+01 Learning rate: 1.000000e-03
[Epoch 7] Train Loss: -3.441936e-01 Test Loss: 1.254332e+00 Time 7.7161195517e+01 Learning rate: 1.000000e-03
[Epoch 8] Train Loss: -4.148197e-01 Test Loss: 1.904425e+00 Time 7.7431262970e+01 Learning rate: 1.000000e-03
[Epoch 9] Train Loss: 5.570652e-01 Test Loss: 1.034516e+00 Time 7.8459549665e+01 Learning rate: 1.000000e-03
[Epoch 10] Train Loss: 9.922263e-01 Test Loss: 1.202965e+00 Time 7.8305459499e+01 Learning rate: 1.000000e-03
[Epoch 11] Train Loss: 9.863927e-01 Test Loss: 1.069589e+00 Time 7.8050750017e+01 Learning rate: 1.000000e-03
[Epoch 12] Train Loss: 1.004741e+00 Test Loss: 1.067379e+00 Time 7.8236315727e+01 Learning rate: 1.000000e-03
[Epoch 13] Train Loss: 9.897739e-01 Test Loss: 1.107145e+00 Time 7.8272201538e+01 Learning rate: 5.000000e-04
[Epoch 14] Train Loss: 1.019519e+00 Test Loss: 1.107404e+00 Time 7.8198021412e+01 Learning rate: 5.000000e-04
[Epoch 15] Train Loss: 1.011324e+00 Test Loss: 1.160916e+00 Time 7.8067826986e+01 Learning rate: 5.000000e-04
[Epoch 16] Train Loss: 1.019905e+00 Test Loss: 1.071244e+00 Time 7.8318400860e+01 Learning rate: 5.000000e-04
[Epoch 17] Train Loss: 1.021573e+00 Test Loss: 1.099119e+00 Time 7.8263785839e+01 Learning rate: 5.000000e-04
[Epoch 18] Train Loss: 9.959591e-01 Test Loss: 1.045650e+00 Time 7.8096231222e+01 Learning rate: 5.000000e-04
[Epoch 19] Train Loss: 9.923316e-01 Test Loss: 1.089850e+00 Time 7.8293256283e+01 Learning rate: 5.000000e-04
[Epoch 20] Train Loss: 9.716238e-01 Test Loss: 1.089427e+00 Time 7.8331737518e+01 Learning rate: 5.000000e-04
[Epoch 21] Train Loss: 9.554043e-01 Test Loss: 1.077393e+00 Time 7.8307619810e+01 Learning rate: 5.000000e-04
[Epoch 22] Train Loss: 9.541559e-01 Test Loss: 1.078470e+00 Time 7.8454548836e+01 Learning rate: 5.000000e-04
[Epoch 23] Train Loss: 9.557020e-01 Test Loss: 1.122424e+00 Time 7.8341966867e+01 Learning rate: 5.000000e-04
[Epoch 24] Train Loss: 9.518039e-01 Test Loss: 1.081544e+00 Time 7.8557104111e+01 Learning rate: 2.500000e-04
[Epoch 25] Train Loss: 9.504714e-01 Test Loss: 1.077953e+00 Time 7.8277501822e+01 Learning rate: 2.500000e-04
[Epoch 26] Train Loss: 9.483206e-01 Test Loss: 1.096747e+00 Time 7.8195801020e+01 Learning rate: 2.500000e-04
[Epoch 27] Train Loss: 9.480299e-01 Test Loss: 1.087456e+00 Time 7.8317131758e+01 Learning rate: 2.500000e-04
[Epoch 28] Train Loss: 9.522941e-01 Test Loss: 1.119836e+00 Time 7.8287356138e+01 Learning rate: 2.500000e-04
[Epoch 29] Train Loss: 9.491648e-01 Test Loss: 1.099992e+00 Time 7.8248077631e+01 Learning rate: 2.500000e-04
[Epoch 30] Train Loss: 9.510249e-01 Test Loss: 1.060206e+00 Time 7.8212703228e+01 Learning rate: 2.500000e-04
[Epoch 31] Train Loss: 9.491626e-01 Test Loss: 1.102007e+00 Time 7.8201505899e+01 Learning rate: 2.500000e-04
[Epoch 32] Train Loss: 9.579340e-01 Test Loss: 1.091882e+00 Time 7.8235527277e+01 Learning rate: 2.500000e-04
