[Epoch 1] Train Loss: 1.054091e-01 Test Loss: -2.900169e-02 Time 5.2723048186e+02 Learning rate: 1.000000e-03
[Epoch 2] Train Loss: -1.142881e-01 Test Loss: -7.683511e-02 Time 5.1235373116e+02 Learning rate: 1.000000e-03
[Epoch 3] Train Loss: -1.836284e-01 Test Loss: -4.084396e-02 Time 5.1565706515e+02 Learning rate: 1.000000e-03
[Epoch 4] Train Loss: -2.534556e-01 Test Loss: 3.267285e-02 Time 5.1283172655e+02 Learning rate: 1.000000e-03
[Epoch 5] Train Loss: -3.217739e-01 Test Loss: 1.659388e-01 Time 5.0607256889e+02 Learning rate: 1.000000e-03
[Epoch 6] Train Loss: -3.813821e-01 Test Loss: 4.746126e-01 Time 4.9606806278e+02 Learning rate: 1.000000e-03
[Epoch 7] Train Loss: -4.345629e-01 Test Loss: 4.400060e-01 Time 4.9509973907e+02 Learning rate: 1.000000e-03
[Epoch 8] Train Loss: -4.793721e-01 Test Loss: 4.714127e-01 Time 4.9492318511e+02 Learning rate: 1.000000e-03
[Epoch 9] Train Loss: -5.232282e-01 Test Loss: 6.888591e-01 Time 4.9741860580e+02 Learning rate: 1.000000e-03
[Epoch 10] Train Loss: -5.565429e-01 Test Loss: 8.528282e-01 Time 4.9079741311e+02 Learning rate: 1.000000e-03
[Epoch 11] Train Loss: -5.867770e-01 Test Loss: 8.424683e-01 Time 4.9199325609e+02 Learning rate: 1.000000e-03
[Epoch 12] Train Loss: -6.120894e-01 Test Loss: 1.096249e+00 Time 4.9157329750e+02 Learning rate: 1.000000e-03
[Epoch 13] Train Loss: -6.341605e-01 Test Loss: 1.194533e+00 Time 4.9088990521e+02 Learning rate: 5.000000e-04
[Epoch 14] Train Loss: -7.655524e-01 Test Loss: 1.867664e+00 Time 4.9083199883e+02 Learning rate: 5.000000e-04
[Epoch 15] Train Loss: -7.956462e-01 Test Loss: 2.317511e+00 Time 4.9089913726e+02 Learning rate: 5.000000e-04
[Epoch 16] Train Loss: -8.130974e-01 Test Loss: 2.352735e+00 Time 4.9043973851e+02 Learning rate: 5.000000e-04
[Epoch 17] Train Loss: -8.271811e-01 Test Loss: 2.275137e+00 Time 4.9032106209e+02 Learning rate: 5.000000e-04
[Epoch 18] Train Loss: -8.385931e-01 Test Loss: 2.503863e+00 Time 4.9027120996e+02 Learning rate: 5.000000e-04
[Epoch 19] Train Loss: -8.526536e-01 Test Loss: 2.585842e+00 Time 4.9117758870e+02 Learning rate: 5.000000e-04
[Epoch 20] Train Loss: -8.630555e-01 Test Loss: 2.820917e+00 Time 4.9117082834e+02 Learning rate: 5.000000e-04
[Epoch 21] Train Loss: -8.713583e-01 Test Loss: 2.896744e+00 Time 4.9084008050e+02 Learning rate: 5.000000e-04
[Epoch 22] Train Loss: -8.817598e-01 Test Loss: 3.105556e+00 Time 4.9131248760e+02 Learning rate: 5.000000e-04
[Epoch 23] Train Loss: -8.893833e-01 Test Loss: 2.818882e+00 Time 4.9054215455e+02 Learning rate: 5.000000e-04
[Epoch 24] Train Loss: -8.982057e-01 Test Loss: 2.975848e+00 Time 4.9031175351e+02 Learning rate: 2.500000e-04
[Epoch 25] Train Loss: -9.774540e-01 Test Loss: 4.206351e+00 Time 4.9152121496e+02 Learning rate: 2.500000e-04
[Epoch 26] Train Loss: -9.915673e-01 Test Loss: 4.202587e+00 Time 4.9138136387e+02 Learning rate: 2.500000e-04
[Epoch 27] Train Loss: -9.995460e-01 Test Loss: 4.301012e+00 Time 4.9022670174e+02 Learning rate: 2.500000e-04
[Epoch 28] Train Loss: -1.007211e+00 Test Loss: 4.280265e+00 Time 4.9115925074e+02 Learning rate: 2.500000e-04
[Epoch 29] Train Loss: -1.009208e+00 Test Loss: 4.771566e+00 Time 4.9070698190e+02 Learning rate: 2.500000e-04
[Epoch 30] Train Loss: -1.017308e+00 Test Loss: 4.975075e+00 Time 4.9077820778e+02 Learning rate: 2.500000e-04
[Epoch 31] Train Loss: -1.020328e+00 Test Loss: 4.858643e+00 Time 4.9107945299e+02 Learning rate: 2.500000e-04
[Epoch 32] Train Loss: -1.025903e+00 Test Loss: 5.018453e+00 Time 4.9099166536e+02 Learning rate: 2.500000e-04
