[Epoch 1] Train Loss: 9.051118e-02 Test Loss: -2.411626e-03 Time 4.6482598734e+02 Learning rate: 1.000000e-03
[Epoch 2] Train Loss: -1.131081e-01 Test Loss: -2.345905e-02 Time 4.6271206069e+02 Learning rate: 1.000000e-03
[Epoch 3] Train Loss: -1.874397e-01 Test Loss: 5.742979e-02 Time 4.6204808331e+02 Learning rate: 1.000000e-03
[Epoch 4] Train Loss: -2.641951e-01 Test Loss: 4.428689e-02 Time 4.6306888795e+02 Learning rate: 1.000000e-03
[Epoch 5] Train Loss: -1.518813e-01 Test Loss: 8.053064e-02 Time 4.6281589174e+02 Learning rate: 1.000000e-03
[Epoch 6] Train Loss: -3.592609e-01 Test Loss: 2.686146e-01 Time 4.6290796876e+02 Learning rate: 1.000000e-03
[Epoch 7] Train Loss: -4.295876e-01 Test Loss: 4.147865e-01 Time 4.6371997929e+02 Learning rate: 1.000000e-03
[Epoch 8] Train Loss: -4.811168e-01 Test Loss: 4.710832e-01 Time 4.6238657808e+02 Learning rate: 1.000000e-03
[Epoch 9] Train Loss: -5.248182e-01 Test Loss: 6.710220e-01 Time 4.6367651772e+02 Learning rate: 1.000000e-03
[Epoch 10] Train Loss: -5.602958e-01 Test Loss: 8.098347e-01 Time 4.6335629869e+02 Learning rate: 1.000000e-03
[Epoch 11] Train Loss: -5.942550e-01 Test Loss: 1.037722e+00 Time 4.6333838987e+02 Learning rate: 1.000000e-03
[Epoch 12] Train Loss: -6.199252e-01 Test Loss: 9.527492e-01 Time 4.6406319022e+02 Learning rate: 1.000000e-03
[Epoch 13] Train Loss: -6.431786e-01 Test Loss: 1.332375e+00 Time 4.6390840101e+02 Learning rate: 5.000000e-04
[Epoch 14] Train Loss: -7.784954e-01 Test Loss: 2.177681e+00 Time 4.6330593371e+02 Learning rate: 5.000000e-04
[Epoch 15] Train Loss: -8.108451e-01 Test Loss: 2.262678e+00 Time 4.6350153065e+02 Learning rate: 5.000000e-04
[Epoch 16] Train Loss: -8.304296e-01 Test Loss: 2.621062e+00 Time 4.6398496962e+02 Learning rate: 5.000000e-04
[Epoch 17] Train Loss: -8.440510e-01 Test Loss: 2.344198e+00 Time 4.6438014793e+02 Learning rate: 5.000000e-04
[Epoch 18] Train Loss: -8.566674e-01 Test Loss: 2.743107e+00 Time 4.6379011369e+02 Learning rate: 5.000000e-04
[Epoch 19] Train Loss: -8.702164e-01 Test Loss: 2.832185e+00 Time 4.6401447439e+02 Learning rate: 5.000000e-04
[Epoch 20] Train Loss: -8.800758e-01 Test Loss: 2.691959e+00 Time 4.6302289534e+02 Learning rate: 5.000000e-04
[Epoch 21] Train Loss: -8.901780e-01 Test Loss: 2.966133e+00 Time 4.6452587390e+02 Learning rate: 5.000000e-04
[Epoch 22] Train Loss: -8.993563e-01 Test Loss: 3.253903e+00 Time 4.6445265818e+02 Learning rate: 5.000000e-04
[Epoch 23] Train Loss: -9.077088e-01 Test Loss: 3.055588e+00 Time 4.6398970985e+02 Learning rate: 5.000000e-04
[Epoch 24] Train Loss: -9.161407e-01 Test Loss: 3.159174e+00 Time 4.6377405047e+02 Learning rate: 2.500000e-04
[Epoch 25] Train Loss: -9.971547e-01 Test Loss: 4.380471e+00 Time 4.6460687137e+02 Learning rate: 2.500000e-04
[Epoch 26] Train Loss: -1.012764e+00 Test Loss: 4.625542e+00 Time 4.6400828815e+02 Learning rate: 2.500000e-04
[Epoch 27] Train Loss: -1.021273e+00 Test Loss: 4.749098e+00 Time 4.6438757753e+02 Learning rate: 2.500000e-04
[Epoch 28] Train Loss: -1.028494e+00 Test Loss: 4.912252e+00 Time 4.6424712586e+02 Learning rate: 2.500000e-04
[Epoch 29] Train Loss: -1.033627e+00 Test Loss: 5.087505e+00 Time 4.6439003229e+02 Learning rate: 2.500000e-04
[Epoch 30] Train Loss: -1.038962e+00 Test Loss: 5.131141e+00 Time 4.6405812407e+02 Learning rate: 2.500000e-04
[Epoch 31] Train Loss: -1.043649e+00 Test Loss: 4.712132e+00 Time 4.6403662539e+02 Learning rate: 2.500000e-04
[Epoch 32] Train Loss: -1.047905e+00 Test Loss: 5.214391e+00 Time 4.6436708665e+02 Learning rate: 2.500000e-04
