[Epoch 1] Train Loss: 9.621600e-02 Test Loss: -3.475414e-02 Time 4.6098817539e+02 Learning rate: 1.000000e-03
[Epoch 2] Train Loss: -1.121862e-01 Test Loss: -6.334463e-02 Time 4.5756276274e+02 Learning rate: 1.000000e-03
[Epoch 3] Train Loss: -1.877484e-01 Test Loss: -1.951593e-02 Time 4.5810829043e+02 Learning rate: 1.000000e-03
[Epoch 4] Train Loss: -2.618549e-01 Test Loss: 8.488387e-02 Time 4.5933941889e+02 Learning rate: 1.000000e-03
[Epoch 5] Train Loss: -3.300841e-01 Test Loss: 2.071071e-01 Time 4.5918043971e+02 Learning rate: 1.000000e-03
[Epoch 6] Train Loss: -3.929307e-01 Test Loss: 2.441256e-01 Time 4.5900560856e+02 Learning rate: 1.000000e-03
[Epoch 7] Train Loss: -4.466699e-01 Test Loss: 3.440693e-01 Time 4.5950070024e+02 Learning rate: 1.000000e-03
[Epoch 8] Train Loss: -4.920802e-01 Test Loss: 7.388914e-01 Time 4.6001492095e+02 Learning rate: 1.000000e-03
[Epoch 9] Train Loss: -5.258888e-01 Test Loss: 8.317927e-01 Time 4.5918561554e+02 Learning rate: 1.000000e-03
[Epoch 10] Train Loss: -5.618998e-01 Test Loss: 7.848813e-01 Time 4.5886132503e+02 Learning rate: 1.000000e-03
[Epoch 11] Train Loss: -5.919780e-01 Test Loss: 1.062075e+00 Time 4.6014365196e+02 Learning rate: 1.000000e-03
[Epoch 12] Train Loss: -6.160576e-01 Test Loss: 1.121246e+00 Time 4.5949946427e+02 Learning rate: 1.000000e-03
[Epoch 13] Train Loss: -6.376797e-01 Test Loss: 1.147675e+00 Time 4.5929749560e+02 Learning rate: 5.000000e-04
[Epoch 14] Train Loss: -7.715605e-01 Test Loss: 2.109830e+00 Time 4.5988353705e+02 Learning rate: 5.000000e-04
[Epoch 15] Train Loss: -8.049044e-01 Test Loss: 2.443024e+00 Time 4.6002510238e+02 Learning rate: 5.000000e-04
[Epoch 16] Train Loss: -8.224288e-01 Test Loss: 2.546699e+00 Time 4.6013338542e+02 Learning rate: 5.000000e-04
[Epoch 17] Train Loss: -8.371954e-01 Test Loss: 2.367405e+00 Time 4.5977838707e+02 Learning rate: 5.000000e-04
[Epoch 18] Train Loss: -8.491936e-01 Test Loss: 2.829040e+00 Time 4.6019673657e+02 Learning rate: 5.000000e-04
[Epoch 19] Train Loss: -8.599817e-01 Test Loss: 2.833119e+00 Time 4.5977453828e+02 Learning rate: 5.000000e-04
[Epoch 20] Train Loss: -8.710363e-01 Test Loss: 2.984577e+00 Time 4.6043485117e+02 Learning rate: 5.000000e-04
[Epoch 21] Train Loss: -8.801288e-01 Test Loss: 3.011796e+00 Time 4.6056675816e+02 Learning rate: 5.000000e-04
[Epoch 22] Train Loss: -8.867196e-01 Test Loss: 3.057128e+00 Time 4.5892544270e+02 Learning rate: 5.000000e-04
[Epoch 23] Train Loss: -8.978382e-01 Test Loss: 3.544241e+00 Time 4.6054050541e+02 Learning rate: 5.000000e-04
[Epoch 24] Train Loss: -9.017078e-01 Test Loss: 3.248640e+00 Time 4.5960489559e+02 Learning rate: 2.500000e-04
[Epoch 25] Train Loss: -9.843415e-01 Test Loss: 4.245187e+00 Time 4.5920388603e+02 Learning rate: 2.500000e-04
[Epoch 26] Train Loss: -9.992972e-01 Test Loss: 4.856498e+00 Time 4.6040474939e+02 Learning rate: 2.500000e-04
[Epoch 27] Train Loss: -1.006309e+00 Test Loss: 4.608239e+00 Time 4.6025150490e+02 Learning rate: 2.500000e-04
[Epoch 28] Train Loss: -1.013676e+00 Test Loss: 4.740753e+00 Time 4.5957038760e+02 Learning rate: 2.500000e-04
[Epoch 29] Train Loss: -1.020187e+00 Test Loss: 4.862039e+00 Time 4.6059638858e+02 Learning rate: 2.500000e-04
[Epoch 30] Train Loss: -1.024347e+00 Test Loss: 4.845142e+00 Time 4.6012550449e+02 Learning rate: 2.500000e-04
[Epoch 31] Train Loss: -1.029163e+00 Test Loss: 5.030166e+00 Time 4.6053311181e+02 Learning rate: 2.500000e-04
[Epoch 32] Train Loss: -1.032437e+00 Test Loss: 5.218392e+00 Time 4.6026302576e+02 Learning rate: 2.500000e-04
