[Epoch 1] Train Loss: 2.386205e-01 Test Loss: 9.435970e+00 Time 9.2493465900e+01 Learning rate: 1.000000e-03
[Epoch 2] Train Loss: -2.627550e-01 Test Loss: 1.100705e+01 Time 9.0430329800e+01 Learning rate: 1.000000e-03
[Epoch 3] Train Loss: -4.350522e-01 Test Loss: 9.453936e+00 Time 9.0700046301e+01 Learning rate: 1.000000e-03
[Epoch 4] Train Loss: -4.887081e-01 Test Loss: 7.885868e+00 Time 9.0872603655e+01 Learning rate: 1.000000e-03
[Epoch 5] Train Loss: -5.465011e-01 Test Loss: 6.443185e+00 Time 9.1524283409e+01 Learning rate: 1.000000e-03
[Epoch 6] Train Loss: -4.901268e-01 Test Loss: 1.419207e+00 Time 9.0774850845e+01 Learning rate: 1.000000e-03
[Epoch 7] Train Loss: -5.433417e-01 Test Loss: 1.032222e+01 Time 9.0931189299e+01 Learning rate: 1.000000e-03
[Epoch 8] Train Loss: -6.133205e-01 Test Loss: 1.073564e+01 Time 9.0874289513e+01 Learning rate: 1.000000e-03
[Epoch 9] Train Loss: -5.789463e-01 Test Loss: 4.172873e+00 Time 9.0883052349e+01 Learning rate: 1.000000e-03
[Epoch 10] Train Loss: -6.159741e-01 Test Loss: 1.130557e+01 Time 9.0551019430e+01 Learning rate: 1.000000e-03
[Epoch 11] Train Loss: -6.360860e-01 Test Loss: -8.948324e-01 Time 9.1092051268e+01 Learning rate: 1.000000e-03
[Epoch 12] Train Loss: -6.319783e-01 Test Loss: -7.301825e-01 Time 9.1041371346e+01 Learning rate: 1.000000e-03
[Epoch 13] Train Loss: -5.458011e-01 Test Loss: 8.057347e+00 Time 9.1146165371e+01 Learning rate: 1.000000e-03
[Epoch 14] Train Loss: -6.409768e-01 Test Loss: 2.354601e+00 Time 9.0809886932e+01 Learning rate: 1.000000e-03
[Epoch 15] Train Loss: -6.656622e-01 Test Loss: 7.708790e+00 Time 9.0926071882e+01 Learning rate: 1.000000e-03
[Epoch 16] Train Loss: -6.550303e-01 Test Loss: 1.021204e+01 Time 9.0927722216e+01 Learning rate: 1.000000e-03
[Epoch 17] Train Loss: -6.699535e-01 Test Loss: 6.295395e+00 Time 9.1536888361e+01 Learning rate: 1.000000e-03
[Epoch 18] Train Loss: -6.196430e-01 Test Loss: 1.122338e+01 Time 9.1312860489e+01 Learning rate: 1.000000e-03
[Epoch 19] Train Loss: -6.779094e-01 Test Loss: 1.046044e+01 Time 9.1169673920e+01 Learning rate: 1.000000e-03
[Epoch 20] Train Loss: -6.681437e-01 Test Loss: 1.039565e+01 Time 9.0663475990e+01 Learning rate: 1.000000e-03
[Epoch 21] Train Loss: -6.796373e-01 Test Loss: -1.361011e-01 Time 9.0796764851e+01 Learning rate: 1.000000e-03
[Epoch 22] Train Loss: -6.910066e-01 Test Loss: 1.142486e+01 Time 9.1372307777e+01 Learning rate: 5.000000e-04
[Epoch 23] Train Loss: -7.293776e-01 Test Loss: 9.016380e+00 Time 9.1862653017e+01 Learning rate: 5.000000e-04
[Epoch 24] Train Loss: -7.268567e-01 Test Loss: 9.398911e+00 Time 9.1281885386e+01 Learning rate: 5.000000e-04
[Epoch 25] Train Loss: -7.318900e-01 Test Loss: -6.171024e-01 Time 9.0868036985e+01 Learning rate: 5.000000e-04
[Epoch 26] Train Loss: -7.221051e-01 Test Loss: -9.620634e-01 Time 9.1129994869e+01 Learning rate: 5.000000e-04
[Epoch 27] Train Loss: -7.357854e-01 Test Loss: -9.831403e-01 Time 9.1257769585e+01 Learning rate: 5.000000e-04
[Epoch 28] Train Loss: -7.452442e-01 Test Loss: -9.652475e-01 Time 9.1409476995e+01 Learning rate: 5.000000e-04
[Epoch 29] Train Loss: -7.495582e-01 Test Loss: -8.726907e-01 Time 8.1107626200e+01 Learning rate: 5.000000e-04
[Epoch 30] Train Loss: -7.527420e-01 Test Loss: -1.022023e+00 Time 7.9213709354e+01 Learning rate: 5.000000e-04
[Epoch 31] Train Loss: -7.554306e-01 Test Loss: -8.629086e-01 Time 7.8876083612e+01 Learning rate: 5.000000e-04
[Epoch 32] Train Loss: -7.688903e-01 Test Loss: -1.003506e+00 Time 7.9296971798e+01 Learning rate: 5.000000e-04
[Epoch 33] Train Loss: -7.778459e-01 Test Loss: -9.911486e-01 Time 7.9284477949e+01 Learning rate: 5.000000e-04
[Epoch 34] Train Loss: -7.903161e-01 Test Loss: -9.718524e-01 Time 7.9617908001e+01 Learning rate: 5.000000e-04
[Epoch 35] Train Loss: -8.055514e-01 Test Loss: -9.879114e-01 Time 7.9630239010e+01 Learning rate: 5.000000e-04
[Epoch 36] Train Loss: -8.063587e-01 Test Loss: -1.100399e+00 Time 7.9398326159e+01 Learning rate: 5.000000e-04
[Epoch 37] Train Loss: -8.198365e-01 Test Loss: -1.085062e+00 Time 7.9573817730e+01 Learning rate: 5.000000e-04
[Epoch 38] Train Loss: -8.262964e-01 Test Loss: -1.011826e+00 Time 7.9917124271e+01 Learning rate: 5.000000e-04
[Epoch 39] Train Loss: -8.362674e-01 Test Loss: -1.031803e+00 Time 8.0136593103e+01 Learning rate: 5.000000e-04
[Epoch 40] Train Loss: -8.405303e-01 Test Loss: -9.626464e-01 Time 8.0188517809e+01 Learning rate: 5.000000e-04
[Epoch 41] Train Loss: -8.412602e-01 Test Loss: -1.061666e+00 Time 8.0311568022e+01 Learning rate: 5.000000e-04
[Epoch 42] Train Loss: -8.487910e-01 Test Loss: -1.111779e+00 Time 8.0248921633e+01 Learning rate: 5.000000e-04
[Epoch 43] Train Loss: -8.607918e-01 Test Loss: -1.148155e+00 Time 8.0734941721e+01 Learning rate: 5.000000e-04
[Epoch 44] Train Loss: -8.595217e-01 Test Loss: -1.044934e+00 Time 8.0249537468e+01 Learning rate: 5.000000e-04
[Epoch 45] Train Loss: -8.596783e-01 Test Loss: -1.005892e+00 Time 8.0438352823e+01 Learning rate: 5.000000e-04
[Epoch 46] Train Loss: -8.669630e-01 Test Loss: -1.021007e+00 Time 8.0598345995e+01 Learning rate: 5.000000e-04
[Epoch 47] Train Loss: -8.665102e-01 Test Loss: -1.128968e+00 Time 8.0595982790e+01 Learning rate: 5.000000e-04
[Epoch 48] Train Loss: -8.662482e-01 Test Loss: -1.094128e+00 Time 8.0500710011e+01 Learning rate: 5.000000e-04
[Epoch 49] Train Loss: -8.829040e-01 Test Loss: -1.130461e+00 Time 8.1147213936e+01 Learning rate: 5.000000e-04
[Epoch 50] Train Loss: -8.853466e-01 Test Loss: -1.036352e+00 Time 8.0856873751e+01 Learning rate: 5.000000e-04
[Epoch 51] Train Loss: -8.894833e-01 Test Loss: -1.139213e+00 Time 8.0856535435e+01 Learning rate: 5.000000e-04
[Epoch 52] Train Loss: -8.852660e-01 Test Loss: -8.790132e-01 Time 8.0791975260e+01 Learning rate: 5.000000e-04
[Epoch 53] Train Loss: -8.956615e-01 Test Loss: -1.135606e+00 Time 8.0909664392e+01 Learning rate: 5.000000e-04
[Epoch 54] Train Loss: -8.987508e-01 Test Loss: -1.195506e+00 Time 8.1223882914e+01 Learning rate: 5.000000e-04
[Epoch 55] Train Loss: -9.063940e-01 Test Loss: -1.181355e+00 Time 8.1286075592e+01 Learning rate: 5.000000e-04
[Epoch 56] Train Loss: -9.027683e-01 Test Loss: -1.108499e+00 Time 8.0932254076e+01 Learning rate: 5.000000e-04
[Epoch 57] Train Loss: -9.183115e-01 Test Loss: -1.145981e+00 Time 8.1208045721e+01 Learning rate: 5.000000e-04
[Epoch 58] Train Loss: -9.191097e-01 Test Loss: -1.020714e+00 Time 8.1185593843e+01 Learning rate: 5.000000e-04
[Epoch 59] Train Loss: -9.275324e-01 Test Loss: -1.198084e+00 Time 8.1378986597e+01 Learning rate: 5.000000e-04
[Epoch 60] Train Loss: -9.328887e-01 Test Loss: -1.176633e+00 Time 8.1383962870e+01 Learning rate: 5.000000e-04
[Epoch 61] Train Loss: -9.406406e-01 Test Loss: -1.181169e+00 Time 8.1281637669e+01 Learning rate: 5.000000e-04
[Epoch 62] Train Loss: -9.403010e-01 Test Loss: -1.199348e+00 Time 8.1119361877e+01 Learning rate: 5.000000e-04
[Epoch 63] Train Loss: -9.459286e-01 Test Loss: -1.247814e+00 Time 8.1256645203e+01 Learning rate: 5.000000e-04
[Epoch 64] Train Loss: -9.524579e-01 Test Loss: -1.196748e+00 Time 8.1201002121e+01 Learning rate: 5.000000e-04
[Epoch 65] Train Loss: -9.540638e-01 Test Loss: -1.149747e+00 Time 8.1623270512e+01 Learning rate: 5.000000e-04
[Epoch 66] Train Loss: -9.550894e-01 Test Loss: -1.187233e+00 Time 8.1273078442e+01 Learning rate: 5.000000e-04
[Epoch 67] Train Loss: -9.628870e-01 Test Loss: -1.254247e+00 Time 8.1421414614e+01 Learning rate: 5.000000e-04
[Epoch 68] Train Loss: -9.632298e-01 Test Loss: -1.179212e+00 Time 8.1448488712e+01 Learning rate: 5.000000e-04
[Epoch 69] Train Loss: -9.609220e-01 Test Loss: -1.241701e+00 Time 8.1296701670e+01 Learning rate: 5.000000e-04
[Epoch 70] Train Loss: -9.659596e-01 Test Loss: -1.200789e+00 Time 8.1444186687e+01 Learning rate: 5.000000e-04
[Epoch 71] Train Loss: -9.738172e-01 Test Loss: -1.157144e+00 Time 8.1667605639e+01 Learning rate: 5.000000e-04
[Epoch 72] Train Loss: -9.624023e-01 Test Loss: -1.269402e+00 Time 8.1226516008e+01 Learning rate: 5.000000e-04
[Epoch 73] Train Loss: -9.870924e-01 Test Loss: -1.261554e+00 Time 8.2092218161e+01 Learning rate: 5.000000e-04
[Epoch 74] Train Loss: -9.792797e-01 Test Loss: -1.270574e+00 Time 8.1523581505e+01 Learning rate: 5.000000e-04
[Epoch 75] Train Loss: -9.833692e-01 Test Loss: -1.263517e+00 Time 8.2060316801e+01 Learning rate: 5.000000e-04
[Epoch 76] Train Loss: -9.773868e-01 Test Loss: -1.155341e+00 Time 8.1320274115e+01 Learning rate: 5.000000e-04
[Epoch 77] Train Loss: -9.824901e-01 Test Loss: -1.269082e+00 Time 8.1702563286e+01 Learning rate: 5.000000e-04
[Epoch 78] Train Loss: -9.819116e-01 Test Loss: -1.293007e+00 Time 8.1799480200e+01 Learning rate: 5.000000e-04
[Epoch 79] Train Loss: -9.880337e-01 Test Loss: -1.177403e+00 Time 8.1686658382e+01 Learning rate: 5.000000e-04
[Epoch 80] Train Loss: -9.937098e-01 Test Loss: -1.234367e+00 Time 8.1911533594e+01 Learning rate: 5.000000e-04
[Epoch 81] Train Loss: -9.895738e-01 Test Loss: -1.221259e+00 Time 8.1660013199e+01 Learning rate: 5.000000e-04
[Epoch 82] Train Loss: -9.929032e-01 Test Loss: -1.206205e+00 Time 8.2009883881e+01 Learning rate: 5.000000e-04
[Epoch 83] Train Loss: -9.957019e-01 Test Loss: -1.247338e+00 Time 8.1754833937e+01 Learning rate: 5.000000e-04
[Epoch 84] Train Loss: -9.909923e-01 Test Loss: -1.297528e+00 Time 8.1652756214e+01 Learning rate: 5.000000e-04
[Epoch 85] Train Loss: -1.007148e+00 Test Loss: -1.294540e+00 Time 8.2113595486e+01 Learning rate: 5.000000e-04
[Epoch 86] Train Loss: -1.004625e+00 Test Loss: -1.245946e+00 Time 8.2031893969e+01 Learning rate: 5.000000e-04
[Epoch 87] Train Loss: -1.001366e+00 Test Loss: -1.282378e+00 Time 8.1979302168e+01 Learning rate: 5.000000e-04
[Epoch 88] Train Loss: -1.004421e+00 Test Loss: -1.273270e+00 Time 8.1955823898e+01 Learning rate: 5.000000e-04
[Epoch 89] Train Loss: -1.013418e+00 Test Loss: -1.292229e+00 Time 8.2168264389e+01 Learning rate: 5.000000e-04
[Epoch 90] Train Loss: -1.009034e+00 Test Loss: -1.282750e+00 Time 8.2331925631e+01 Learning rate: 5.000000e-04
[Epoch 91] Train Loss: -1.007949e+00 Test Loss: -1.296092e+00 Time 8.2197707415e+01 Learning rate: 5.000000e-04
[Epoch 92] Train Loss: -1.021977e+00 Test Loss: -1.265583e+00 Time 8.2320502043e+01 Learning rate: 5.000000e-04
[Epoch 93] Train Loss: -1.010327e+00 Test Loss: -1.307635e+00 Time 8.1357424974e+01 Learning rate: 5.000000e-04
[Epoch 94] Train Loss: -1.013523e+00 Test Loss: -1.259407e+00 Time 8.2277894258e+01 Learning rate: 5.000000e-04
[Epoch 95] Train Loss: -1.018390e+00 Test Loss: -1.152291e+00 Time 8.2113099575e+01 Learning rate: 5.000000e-04
[Epoch 96] Train Loss: -1.020349e+00 Test Loss: -1.265574e+00 Time 8.2113860846e+01 Learning rate: 5.000000e-04
[Epoch 97] Train Loss: -1.021050e+00 Test Loss: -1.288687e+00 Time 8.2115387440e+01 Learning rate: 5.000000e-04
[Epoch 98] Train Loss: -1.032373e+00 Test Loss: -1.143927e+00 Time 8.2482980728e+01 Learning rate: 5.000000e-04
[Epoch 99] Train Loss: -1.026514e+00 Test Loss: -1.254857e+00 Time 8.2156929731e+01 Learning rate: 5.000000e-04
[Epoch 100] Train Loss: -1.030096e+00 Test Loss: -1.237886e+00 Time 8.2331465244e+01 Learning rate: 5.000000e-04
[Epoch 101] Train Loss: -1.032351e+00 Test Loss: -1.182617e+00 Time 8.2080713034e+01 Learning rate: 5.000000e-04
[Epoch 102] Train Loss: -1.035320e+00 Test Loss: -1.300749e+00 Time 8.2181514025e+01 Learning rate: 5.000000e-04
[Epoch 103] Train Loss: -1.031310e+00 Test Loss: -1.277569e+00 Time 8.2013947010e+01 Learning rate: 5.000000e-04
[Epoch 104] Train Loss: -1.042705e+00 Test Loss: -1.301119e+00 Time 8.2376775742e+01 Learning rate: 2.500000e-04
[Epoch 105] Train Loss: -1.064785e+00 Test Loss: -1.338749e+00 Time 8.2190139532e+01 Learning rate: 2.500000e-04
[Epoch 106] Train Loss: -1.068309e+00 Test Loss: -1.217921e+00 Time 8.2219068050e+01 Learning rate: 2.500000e-04
[Epoch 107] Train Loss: -1.076050e+00 Test Loss: -1.295826e+00 Time 8.2337830782e+01 Learning rate: 2.500000e-04
[Epoch 108] Train Loss: -1.075477e+00 Test Loss: -1.318048e+00 Time 8.2449911594e+01 Learning rate: 2.500000e-04
[Epoch 109] Train Loss: -1.069993e+00 Test Loss: -1.362713e+00 Time 8.2002311230e+01 Learning rate: 2.500000e-04
[Epoch 110] Train Loss: -1.078324e+00 Test Loss: -1.366058e+00 Time 8.2211026669e+01 Learning rate: 2.500000e-04
[Epoch 111] Train Loss: -1.083428e+00 Test Loss: -1.289316e+00 Time 8.2360668421e+01 Learning rate: 2.500000e-04
[Epoch 112] Train Loss: -1.077653e+00 Test Loss: -1.252470e+00 Time 8.2224805832e+01 Learning rate: 2.500000e-04
[Epoch 113] Train Loss: -1.074680e+00 Test Loss: -1.301514e+00 Time 8.1787257195e+01 Learning rate: 2.500000e-04
[Epoch 114] Train Loss: -1.084269e+00 Test Loss: -1.327119e+00 Time 8.1987143993e+01 Learning rate: 2.500000e-04
[Epoch 115] Train Loss: -1.082164e+00 Test Loss: -1.307565e+00 Time 8.1821379662e+01 Learning rate: 2.500000e-04
[Epoch 116] Train Loss: -1.089306e+00 Test Loss: -1.330052e+00 Time 8.2019427776e+01 Learning rate: 2.500000e-04
[Epoch 117] Train Loss: -1.094520e+00 Test Loss: -1.344461e+00 Time 8.2119252443e+01 Learning rate: 2.500000e-04
[Epoch 118] Train Loss: -1.081428e+00 Test Loss: -1.329829e+00 Time 8.1693589687e+01 Learning rate: 2.500000e-04
[Epoch 119] Train Loss: -1.087353e+00 Test Loss: -1.347609e+00 Time 8.1409846067e+01 Learning rate: 2.500000e-04
[Epoch 120] Train Loss: -1.088490e+00 Test Loss: -1.356823e+00 Time 8.1487190723e+01 Learning rate: 2.500000e-04
[Epoch 121] Train Loss: -1.089036e+00 Test Loss: -1.315259e+00 Time 8.1544639587e+01 Learning rate: 1.250000e-04
[Epoch 122] Train Loss: -1.109208e+00 Test Loss: -1.367970e+00 Time 8.1422051191e+01 Learning rate: 1.250000e-04
[Epoch 123] Train Loss: -1.107633e+00 Test Loss: -1.334701e+00 Time 8.1224697590e+01 Learning rate: 1.250000e-04
[Epoch 124] Train Loss: -1.105251e+00 Test Loss: -1.358291e+00 Time 8.1301774502e+01 Learning rate: 1.250000e-04
[Epoch 125] Train Loss: -1.116848e+00 Test Loss: -1.342815e+00 Time 8.1738094568e+01 Learning rate: 1.250000e-04
[Epoch 126] Train Loss: -1.109190e+00 Test Loss: -1.342809e+00 Time 8.0930462837e+01 Learning rate: 1.250000e-04
[Epoch 127] Train Loss: -1.113096e+00 Test Loss: -1.366041e+00 Time 8.0954870462e+01 Learning rate: 1.250000e-04
[Epoch 128] Train Loss: -1.113529e+00 Test Loss: -1.340161e+00 Time 8.1052897692e+01 Learning rate: 1.250000e-04
[Epoch 129] Train Loss: -1.117939e+00 Test Loss: -1.345874e+00 Time 8.1310508251e+01 Learning rate: 1.250000e-04
[Epoch 130] Train Loss: -1.108951e+00 Test Loss: -1.340740e+00 Time 8.0762926102e+01 Learning rate: 1.250000e-04
[Epoch 131] Train Loss: -1.108150e+00 Test Loss: -1.312241e+00 Time 8.0724610329e+01 Learning rate: 1.250000e-04
[Epoch 132] Train Loss: -1.114047e+00 Test Loss: -1.316452e+00 Time 8.0747310162e+01 Learning rate: 1.250000e-04
[Epoch 133] Train Loss: -1.118756e+00 Test Loss: -1.280590e+00 Time 8.0770731688e+01 Learning rate: 6.250000e-05
[Epoch 134] Train Loss: -1.121841e+00 Test Loss: -1.346053e+00 Time 8.0668073177e+01 Learning rate: 6.250000e-05
[Epoch 135] Train Loss: -1.120768e+00 Test Loss: -1.360534e+00 Time 8.0386845350e+01 Learning rate: 6.250000e-05
[Epoch 136] Train Loss: -1.120097e+00 Test Loss: -1.357382e+00 Time 8.0462737799e+01 Learning rate: 6.250000e-05
[Epoch 137] Train Loss: -1.132022e+00 Test Loss: -1.348452e+00 Time 8.0661214828e+01 Learning rate: 6.250000e-05
[Epoch 138] Train Loss: -1.130442e+00 Test Loss: -1.364211e+00 Time 8.0456778765e+01 Learning rate: 6.250000e-05
[Epoch 139] Train Loss: -1.125950e+00 Test Loss: -1.287063e+00 Time 8.0285320997e+01 Learning rate: 6.250000e-05
[Epoch 140] Train Loss: -1.127511e+00 Test Loss: -1.322163e+00 Time 8.0099403381e+01 Learning rate: 6.250000e-05
[Epoch 141] Train Loss: -1.129882e+00 Test Loss: -1.388798e+00 Time 8.0331154823e+01 Learning rate: 6.250000e-05
[Epoch 142] Train Loss: -1.128203e+00 Test Loss: -1.329430e+00 Time 8.0355379343e+01 Learning rate: 6.250000e-05
[Epoch 143] Train Loss: -1.131291e+00 Test Loss: -1.286768e+00 Time 8.0511200666e+01 Learning rate: 6.250000e-05
[Epoch 144] Train Loss: -1.129561e+00 Test Loss: -1.348476e+00 Time 8.0472429276e+01 Learning rate: 6.250000e-05
[Epoch 145] Train Loss: -1.125025e+00 Test Loss: -1.370308e+00 Time 8.0464438915e+01 Learning rate: 6.250000e-05
[Epoch 146] Train Loss: -1.126728e+00 Test Loss: -1.370859e+00 Time 8.0709876060e+01 Learning rate: 6.250000e-05
[Epoch 147] Train Loss: -1.128001e+00 Test Loss: -1.383166e+00 Time 8.0475580454e+01 Learning rate: 6.250000e-05
[Epoch 148] Train Loss: -1.132780e+00 Test Loss: -1.341799e+00 Time 8.0950982571e+01 Learning rate: 6.250000e-05
[Epoch 149] Train Loss: -1.129886e+00 Test Loss: -1.321935e+00 Time 8.1143282652e+01 Learning rate: 6.250000e-05
[Epoch 150] Train Loss: -1.125304e+00 Test Loss: -1.330457e+00 Time 8.0672840118e+01 Learning rate: 6.250000e-05
[Epoch 151] Train Loss: -1.122593e+00 Test Loss: -1.357160e+00 Time 8.0820165396e+01 Learning rate: 6.250000e-05
[Epoch 152] Train Loss: -1.131286e+00 Test Loss: -1.315611e+00 Time 8.0975491762e+01 Learning rate: 3.125000e-05
[Epoch 153] Train Loss: -1.131795e+00 Test Loss: -1.343925e+00 Time 8.1152385712e+01 Learning rate: 3.125000e-05
[Epoch 154] Train Loss: -1.139518e+00 Test Loss: -1.350525e+00 Time 8.1715492010e+01 Learning rate: 3.125000e-05
[Epoch 155] Train Loss: -1.130546e+00 Test Loss: -1.346942e+00 Time 8.1297703028e+01 Learning rate: 3.125000e-05
[Epoch 156] Train Loss: -1.139154e+00 Test Loss: -1.349916e+00 Time 8.1832712173e+01 Learning rate: 3.125000e-05
[Epoch 157] Train Loss: -1.137811e+00 Test Loss: -1.350549e+00 Time 8.1890761375e+01 Learning rate: 3.125000e-05
[Epoch 158] Train Loss: -1.145282e+00 Test Loss: -1.344577e+00 Time 8.2564814091e+01 Learning rate: 3.125000e-05
[Epoch 159] Train Loss: -1.140628e+00 Test Loss: -1.369241e+00 Time 8.2167432785e+01 Learning rate: 3.125000e-05
[Epoch 160] Train Loss: -1.138104e+00 Test Loss: -1.369639e+00 Time 8.2046468019e+01 Learning rate: 3.125000e-05
[Epoch 161] Train Loss: -1.142307e+00 Test Loss: -1.380750e+00 Time 8.6555631161e+01 Learning rate: 3.125000e-05
[Epoch 162] Train Loss: -1.133618e+00 Test Loss: -1.358469e+00 Time 8.2715734720e+01 Learning rate: 3.125000e-05
[Epoch 163] Train Loss: -1.134570e+00 Test Loss: -1.319617e+00 Time 8.3469406366e+01 Learning rate: 1.562500e-05
[Epoch 164] Train Loss: -1.136679e+00 Test Loss: -1.346832e+00 Time 8.2716130257e+01 Learning rate: 1.562500e-05
[Epoch 165] Train Loss: -1.140370e+00 Test Loss: -1.353843e+00 Time 8.2275442839e+01 Learning rate: 1.562500e-05
[Epoch 166] Train Loss: -1.137929e+00 Test Loss: -1.335047e+00 Time 8.2194814444e+01 Learning rate: 1.562500e-05
[Epoch 167] Train Loss: -1.146212e+00 Test Loss: -1.348267e+00 Time 8.2228678226e+01 Learning rate: 1.562500e-05
[Epoch 168] Train Loss: -1.138103e+00 Test Loss: -1.339086e+00 Time 8.2211848021e+01 Learning rate: 1.562500e-05
[Epoch 169] Train Loss: -1.136473e+00 Test Loss: -1.337667e+00 Time 8.1829579353e+01 Learning rate: 1.562500e-05
[Epoch 170] Train Loss: -1.140741e+00 Test Loss: -1.345834e+00 Time 8.2310237885e+01 Learning rate: 1.562500e-05
[Epoch 171] Train Loss: -1.139535e+00 Test Loss: -1.337836e+00 Time 8.1971194744e+01 Learning rate: 1.562500e-05
