[Epoch 1] Train Loss: 2.765279e-01 Test Loss: 6.134284e+00 Time 9.2576993227e+01 Learning rate: 1.000000e-03
[Epoch 2] Train Loss: -2.926393e-01 Test Loss: 4.271227e+00 Time 9.1272734165e+01 Learning rate: 1.000000e-03
[Epoch 3] Train Loss: -4.363662e-01 Test Loss: 1.865355e+00 Time 9.1122543812e+01 Learning rate: 1.000000e-03
[Epoch 4] Train Loss: -5.161676e-01 Test Loss: 3.519821e+00 Time 9.1316444635e+01 Learning rate: 1.000000e-03
[Epoch 5] Train Loss: -5.302391e-01 Test Loss: -7.331242e-01 Time 9.0935357809e+01 Learning rate: 1.000000e-03
[Epoch 6] Train Loss: -5.745478e-01 Test Loss: -8.006296e-01 Time 9.1321050167e+01 Learning rate: 1.000000e-03
[Epoch 7] Train Loss: -5.624479e-01 Test Loss: -8.306725e-01 Time 9.1400609255e+01 Learning rate: 1.000000e-03
[Epoch 8] Train Loss: -6.015845e-01 Test Loss: -5.162736e-01 Time 9.1144959927e+01 Learning rate: 1.000000e-03
[Epoch 9] Train Loss: -6.131307e-01 Test Loss: -8.349036e-01 Time 9.1061671257e+01 Learning rate: 1.000000e-03
[Epoch 10] Train Loss: -6.165490e-01 Test Loss: -8.092005e-01 Time 9.0945359230e+01 Learning rate: 1.000000e-03
[Epoch 11] Train Loss: -6.440423e-01 Test Loss: -8.070912e-01 Time 9.1270076275e+01 Learning rate: 1.000000e-03
[Epoch 12] Train Loss: -6.248669e-01 Test Loss: -8.536431e-01 Time 9.0995356560e+01 Learning rate: 1.000000e-03
[Epoch 13] Train Loss: -6.504159e-01 Test Loss: -8.889376e-01 Time 9.0958197832e+01 Learning rate: 1.000000e-03
[Epoch 14] Train Loss: -6.147093e-01 Test Loss: -9.132581e-01 Time 9.0723624945e+01 Learning rate: 1.000000e-03
[Epoch 15] Train Loss: -6.671091e-01 Test Loss: -8.271756e-01 Time 9.1095730305e+01 Learning rate: 1.000000e-03
[Epoch 16] Train Loss: -6.419858e-01 Test Loss: -9.144405e-01 Time 9.1390604496e+01 Learning rate: 1.000000e-03
[Epoch 17] Train Loss: -6.709646e-01 Test Loss: -8.025183e-01 Time 9.1319386005e+01 Learning rate: 1.000000e-03
[Epoch 18] Train Loss: -6.775673e-01 Test Loss: -8.985968e-01 Time 9.1201075554e+01 Learning rate: 1.000000e-03
[Epoch 19] Train Loss: -6.811788e-01 Test Loss: -7.914209e-01 Time 9.0803602219e+01 Learning rate: 1.000000e-03
[Epoch 20] Train Loss: -7.154935e-01 Test Loss: -9.770249e-01 Time 9.1320234299e+01 Learning rate: 1.000000e-03
[Epoch 21] Train Loss: -7.201959e-01 Test Loss: -1.006739e+00 Time 9.1274696827e+01 Learning rate: 1.000000e-03
[Epoch 22] Train Loss: -7.365180e-01 Test Loss: -9.853974e-01 Time 9.1172301531e+01 Learning rate: 1.000000e-03
[Epoch 23] Train Loss: -7.487509e-01 Test Loss: -1.018853e+00 Time 9.1220367670e+01 Learning rate: 1.000000e-03
[Epoch 24] Train Loss: -7.523223e-01 Test Loss: -9.191380e-01 Time 9.1650598764e+01 Learning rate: 1.000000e-03
[Epoch 25] Train Loss: -7.731950e-01 Test Loss: -9.799344e-01 Time 9.1845450401e+01 Learning rate: 1.000000e-03
[Epoch 26] Train Loss: -7.800076e-01 Test Loss: -1.039490e+00 Time 9.0923712492e+01 Learning rate: 1.000000e-03
[Epoch 27] Train Loss: -7.983014e-01 Test Loss: -1.096377e+00 Time 9.1441720486e+01 Learning rate: 1.000000e-03
[Epoch 28] Train Loss: -8.259917e-01 Test Loss: -1.101205e+00 Time 9.1247456551e+01 Learning rate: 1.000000e-03
[Epoch 29] Train Loss: -8.527025e-01 Test Loss: -1.144836e+00 Time 8.1408184290e+01 Learning rate: 1.000000e-03
[Epoch 30] Train Loss: -8.665095e-01 Test Loss: -1.076916e+00 Time 7.9972932816e+01 Learning rate: 1.000000e-03
[Epoch 31] Train Loss: -8.741961e-01 Test Loss: -1.125524e+00 Time 8.0450047255e+01 Learning rate: 1.000000e-03
[Epoch 32] Train Loss: -8.751173e-01 Test Loss: -1.094165e+00 Time 7.9738977194e+01 Learning rate: 1.000000e-03
[Epoch 33] Train Loss: -8.766994e-01 Test Loss: -1.149897e+00 Time 7.9885057926e+01 Learning rate: 1.000000e-03
[Epoch 34] Train Loss: -9.006481e-01 Test Loss: -1.114961e+00 Time 8.0060264587e+01 Learning rate: 1.000000e-03
[Epoch 35] Train Loss: -9.053411e-01 Test Loss: -1.184513e+00 Time 8.0062575579e+01 Learning rate: 1.000000e-03
[Epoch 36] Train Loss: -9.122614e-01 Test Loss: -1.048946e+00 Time 7.9913648367e+01 Learning rate: 1.000000e-03
[Epoch 37] Train Loss: -9.172174e-01 Test Loss: -1.172082e+00 Time 8.0446037769e+01 Learning rate: 1.000000e-03
[Epoch 38] Train Loss: -9.350693e-01 Test Loss: -1.193461e+00 Time 8.0295854807e+01 Learning rate: 1.000000e-03
[Epoch 39] Train Loss: -9.456719e-01 Test Loss: -1.200158e+00 Time 8.0482142925e+01 Learning rate: 1.000000e-03
[Epoch 40] Train Loss: -9.507396e-01 Test Loss: -1.264118e+00 Time 8.0705012798e+01 Learning rate: 1.000000e-03
[Epoch 41] Train Loss: -9.521918e-01 Test Loss: -1.146492e+00 Time 8.0276759624e+01 Learning rate: 1.000000e-03
[Epoch 42] Train Loss: -9.582692e-01 Test Loss: -1.243801e+00 Time 8.0644442558e+01 Learning rate: 1.000000e-03
[Epoch 43] Train Loss: -9.715854e-01 Test Loss: -1.261557e+00 Time 8.0625788689e+01 Learning rate: 1.000000e-03
[Epoch 44] Train Loss: -9.767283e-01 Test Loss: -1.229332e+00 Time 8.0810989857e+01 Learning rate: 1.000000e-03
[Epoch 45] Train Loss: -9.776976e-01 Test Loss: -1.228870e+00 Time 8.0624866962e+01 Learning rate: 1.000000e-03
[Epoch 46] Train Loss: -9.934209e-01 Test Loss: -1.220623e+00 Time 8.0818379641e+01 Learning rate: 1.000000e-03
[Epoch 47] Train Loss: -9.819187e-01 Test Loss: -1.296925e+00 Time 8.0566107273e+01 Learning rate: 1.000000e-03
[Epoch 48] Train Loss: -9.951641e-01 Test Loss: -1.238184e+00 Time 8.0659843922e+01 Learning rate: 1.000000e-03
[Epoch 49] Train Loss: -1.003302e+00 Test Loss: -1.213669e+00 Time 8.1411113501e+01 Learning rate: 1.000000e-03
[Epoch 50] Train Loss: -1.003062e+00 Test Loss: -1.265823e+00 Time 8.0888571024e+01 Learning rate: 1.000000e-03
[Epoch 51] Train Loss: -1.002807e+00 Test Loss: -1.238013e+00 Time 8.1165689468e+01 Learning rate: 1.000000e-03
[Epoch 52] Train Loss: -1.008118e+00 Test Loss: -1.092831e+00 Time 8.1381669283e+01 Learning rate: 1.000000e-03
[Epoch 53] Train Loss: -1.009493e+00 Test Loss: -1.134512e+00 Time 8.0991157770e+01 Learning rate: 1.000000e-03
[Epoch 54] Train Loss: -1.014804e+00 Test Loss: -1.134150e+00 Time 8.1523592710e+01 Learning rate: 1.000000e-03
[Epoch 55] Train Loss: -1.002965e+00 Test Loss: -1.239970e+00 Time 8.1414953470e+01 Learning rate: 1.000000e-03
[Epoch 56] Train Loss: -1.027825e+00 Test Loss: -1.290270e+00 Time 8.1690528870e+01 Learning rate: 1.000000e-03
[Epoch 57] Train Loss: -1.008407e+00 Test Loss: -1.281046e+00 Time 8.1304836512e+01 Learning rate: 1.000000e-03
[Epoch 58] Train Loss: -1.023100e+00 Test Loss: -1.279264e+00 Time 8.1621539831e+01 Learning rate: 5.000000e-04
[Epoch 59] Train Loss: -1.073566e+00 Test Loss: -1.332761e+00 Time 8.1554692507e+01 Learning rate: 5.000000e-04
[Epoch 60] Train Loss: -1.076086e+00 Test Loss: -1.345288e+00 Time 8.1523804188e+01 Learning rate: 5.000000e-04
[Epoch 61] Train Loss: -1.085228e+00 Test Loss: -1.371569e+00 Time 8.1705778599e+01 Learning rate: 5.000000e-04
[Epoch 62] Train Loss: -1.081010e+00 Test Loss: -1.366369e+00 Time 8.1392772675e+01 Learning rate: 5.000000e-04
[Epoch 63] Train Loss: -1.075448e+00 Test Loss: -1.310575e+00 Time 8.1405801296e+01 Learning rate: 5.000000e-04
[Epoch 64] Train Loss: -1.080680e+00 Test Loss: -1.360073e+00 Time 8.1463960886e+01 Learning rate: 5.000000e-04
[Epoch 65] Train Loss: -1.092766e+00 Test Loss: -1.365019e+00 Time 8.1977871895e+01 Learning rate: 5.000000e-04
[Epoch 66] Train Loss: -1.088447e+00 Test Loss: -1.360697e+00 Time 8.1504348040e+01 Learning rate: 5.000000e-04
[Epoch 67] Train Loss: -1.095815e+00 Test Loss: -1.132988e+00 Time 8.2071460247e+01 Learning rate: 5.000000e-04
[Epoch 68] Train Loss: -1.088177e+00 Test Loss: -1.298809e+00 Time 8.1719358683e+01 Learning rate: 5.000000e-04
[Epoch 69] Train Loss: -1.089108e+00 Test Loss: -1.299711e+00 Time 8.1810515642e+01 Learning rate: 5.000000e-04
[Epoch 70] Train Loss: -1.103301e+00 Test Loss: -1.371005e+00 Time 8.2115249157e+01 Learning rate: 5.000000e-04
[Epoch 71] Train Loss: -1.106090e+00 Test Loss: -1.342464e+00 Time 8.2288231611e+01 Learning rate: 5.000000e-04
[Epoch 72] Train Loss: -1.098211e+00 Test Loss: -1.345275e+00 Time 8.2066658020e+01 Learning rate: 2.500000e-04
[Epoch 73] Train Loss: -1.131397e+00 Test Loss: -1.345936e+00 Time 8.2123647928e+01 Learning rate: 2.500000e-04
[Epoch 74] Train Loss: -1.129465e+00 Test Loss: -1.334273e+00 Time 8.2036182404e+01 Learning rate: 2.500000e-04
[Epoch 75] Train Loss: -1.143698e+00 Test Loss: -1.382433e+00 Time 8.2629156590e+01 Learning rate: 2.500000e-04
[Epoch 76] Train Loss: -1.137943e+00 Test Loss: -1.293012e+00 Time 8.2232566833e+01 Learning rate: 2.500000e-04
[Epoch 77] Train Loss: -1.129876e+00 Test Loss: -1.321280e+00 Time 8.2029796124e+01 Learning rate: 2.500000e-04
[Epoch 78] Train Loss: -1.148412e+00 Test Loss: -1.279037e+00 Time 8.2517223120e+01 Learning rate: 2.500000e-04
[Epoch 79] Train Loss: -1.143145e+00 Test Loss: -1.391440e+00 Time 8.2376364946e+01 Learning rate: 2.500000e-04
[Epoch 80] Train Loss: -1.134430e+00 Test Loss: -1.395667e+00 Time 8.2080451965e+01 Learning rate: 2.500000e-04
[Epoch 81] Train Loss: -1.142569e+00 Test Loss: -1.344649e+00 Time 8.2531033993e+01 Learning rate: 2.500000e-04
[Epoch 82] Train Loss: -1.137022e+00 Test Loss: -1.357971e+00 Time 8.2048479319e+01 Learning rate: 2.500000e-04
[Epoch 83] Train Loss: -1.137990e+00 Test Loss: -1.394421e+00 Time 8.2442430735e+01 Learning rate: 2.500000e-04
[Epoch 84] Train Loss: -1.150196e+00 Test Loss: -1.390708e+00 Time 8.2540584564e+01 Learning rate: 2.500000e-04
[Epoch 85] Train Loss: -1.140672e+00 Test Loss: -1.343344e+00 Time 8.2242992163e+01 Learning rate: 2.500000e-04
[Epoch 86] Train Loss: -1.142404e+00 Test Loss: -1.352812e+00 Time 8.2235996246e+01 Learning rate: 2.500000e-04
[Epoch 87] Train Loss: -1.136563e+00 Test Loss: -1.393872e+00 Time 8.2181021452e+01 Learning rate: 2.500000e-04
[Epoch 88] Train Loss: -1.144044e+00 Test Loss: -1.324490e+00 Time 8.2590546608e+01 Learning rate: 2.500000e-04
[Epoch 89] Train Loss: -1.138667e+00 Test Loss: -1.276803e+00 Time 8.2100696802e+01 Learning rate: 2.500000e-04
[Epoch 90] Train Loss: -1.140765e+00 Test Loss: -1.395427e+00 Time 8.2451914310e+01 Learning rate: 2.500000e-04
[Epoch 91] Train Loss: -1.140667e+00 Test Loss: -1.351918e+00 Time 8.2333410501e+01 Learning rate: 1.250000e-04
[Epoch 92] Train Loss: -1.163435e+00 Test Loss: -1.342962e+00 Time 8.2931583881e+01 Learning rate: 1.250000e-04
[Epoch 93] Train Loss: -1.157866e+00 Test Loss: -1.395339e+00 Time 8.2544643164e+01 Learning rate: 1.250000e-04
[Epoch 94] Train Loss: -1.169246e+00 Test Loss: -1.379068e+00 Time 8.2946738005e+01 Learning rate: 1.250000e-04
[Epoch 95] Train Loss: -1.163646e+00 Test Loss: -1.346204e+00 Time 8.2794952631e+01 Learning rate: 1.250000e-04
[Epoch 96] Train Loss: -1.163135e+00 Test Loss: -1.394778e+00 Time 8.2624381304e+01 Learning rate: 1.250000e-04
[Epoch 97] Train Loss: -1.163935e+00 Test Loss: -1.380079e+00 Time 8.2941240788e+01 Learning rate: 1.250000e-04
[Epoch 98] Train Loss: -1.160257e+00 Test Loss: -1.374887e+00 Time 8.2530908346e+01 Learning rate: 1.250000e-04
[Epoch 99] Train Loss: -1.163005e+00 Test Loss: -1.413771e+00 Time 8.2845061541e+01 Learning rate: 1.250000e-04
[Epoch 100] Train Loss: -1.166699e+00 Test Loss: -1.381917e+00 Time 8.2663003445e+01 Learning rate: 1.250000e-04
[Epoch 101] Train Loss: -1.170094e+00 Test Loss: -1.400419e+00 Time 8.2964531183e+01 Learning rate: 1.250000e-04
[Epoch 102] Train Loss: -1.168909e+00 Test Loss: -1.377550e+00 Time 8.2805881739e+01 Learning rate: 1.250000e-04
[Epoch 103] Train Loss: -1.177056e+00 Test Loss: -1.413515e+00 Time 8.3093345165e+01 Learning rate: 1.250000e-04
[Epoch 104] Train Loss: -1.168195e+00 Test Loss: -1.356939e+00 Time 8.2913298845e+01 Learning rate: 1.250000e-04
[Epoch 105] Train Loss: -1.159043e+00 Test Loss: -1.365438e+00 Time 8.2574295998e+01 Learning rate: 1.250000e-04
[Epoch 106] Train Loss: -1.173491e+00 Test Loss: -1.306786e+00 Time 8.3237853289e+01 Learning rate: 1.250000e-04
[Epoch 107] Train Loss: -1.167218e+00 Test Loss: -1.378701e+00 Time 8.2886455297e+01 Learning rate: 1.250000e-04
[Epoch 108] Train Loss: -1.172739e+00 Test Loss: -1.297788e+00 Time 8.3245091200e+01 Learning rate: 1.250000e-04
[Epoch 109] Train Loss: -1.174522e+00 Test Loss: -1.364283e+00 Time 8.3029324293e+01 Learning rate: 1.250000e-04
[Epoch 110] Train Loss: -1.174774e+00 Test Loss: -1.414579e+00 Time 8.3008454323e+01 Learning rate: 1.250000e-04
[Epoch 111] Train Loss: -1.175720e+00 Test Loss: -1.413552e+00 Time 8.3293286324e+01 Learning rate: 1.250000e-04
[Epoch 112] Train Loss: -1.172298e+00 Test Loss: -1.361991e+00 Time 8.2979266405e+01 Learning rate: 1.250000e-04
[Epoch 113] Train Loss: -1.177792e+00 Test Loss: -1.339293e+00 Time 8.3156425714e+01 Learning rate: 1.250000e-04
[Epoch 114] Train Loss: -1.180910e+00 Test Loss: -1.413889e+00 Time 8.3002019405e+01 Learning rate: 1.250000e-04
[Epoch 115] Train Loss: -1.166967e+00 Test Loss: -1.411147e+00 Time 8.2700057745e+01 Learning rate: 1.250000e-04
[Epoch 116] Train Loss: -1.172826e+00 Test Loss: -1.376684e+00 Time 8.2752033472e+01 Learning rate: 1.250000e-04
[Epoch 117] Train Loss: -1.181886e+00 Test Loss: -1.379899e+00 Time 8.2843474150e+01 Learning rate: 1.250000e-04
[Epoch 118] Train Loss: -1.169587e+00 Test Loss: -1.395327e+00 Time 8.2795339584e+01 Learning rate: 1.250000e-04
[Epoch 119] Train Loss: -1.168515e+00 Test Loss: -1.396171e+00 Time 8.2519856215e+01 Learning rate: 1.250000e-04
[Epoch 120] Train Loss: -1.175547e+00 Test Loss: -1.413812e+00 Time 8.2865862846e+01 Learning rate: 1.250000e-04
[Epoch 121] Train Loss: -1.174400e+00 Test Loss: -1.351687e+00 Time 8.2755562782e+01 Learning rate: 6.250000e-05
[Epoch 122] Train Loss: -1.184570e+00 Test Loss: -1.397520e+00 Time 8.2997324467e+01 Learning rate: 6.250000e-05
[Epoch 123] Train Loss: -1.185911e+00 Test Loss: -1.409371e+00 Time 8.2960464239e+01 Learning rate: 6.250000e-05
[Epoch 124] Train Loss: -1.190322e+00 Test Loss: -1.398931e+00 Time 8.3063375473e+01 Learning rate: 6.250000e-05
[Epoch 125] Train Loss: -1.185654e+00 Test Loss: -1.403193e+00 Time 8.2747697115e+01 Learning rate: 6.250000e-05
[Epoch 126] Train Loss: -1.181822e+00 Test Loss: -1.410946e+00 Time 8.2755368948e+01 Learning rate: 6.250000e-05
[Epoch 127] Train Loss: -1.181305e+00 Test Loss: -1.414864e+00 Time 8.2666662931e+01 Learning rate: 6.250000e-05
[Epoch 128] Train Loss: -1.185793e+00 Test Loss: -1.398779e+00 Time 8.2876125813e+01 Learning rate: 6.250000e-05
[Epoch 129] Train Loss: -1.187770e+00 Test Loss: -1.405916e+00 Time 8.2898897886e+01 Learning rate: 6.250000e-05
[Epoch 130] Train Loss: -1.184925e+00 Test Loss: -1.392246e+00 Time 8.2746288538e+01 Learning rate: 6.250000e-05
[Epoch 131] Train Loss: -1.189244e+00 Test Loss: -1.373723e+00 Time 8.2974541664e+01 Learning rate: 6.250000e-05
[Epoch 132] Train Loss: -1.181663e+00 Test Loss: -1.400999e+00 Time 8.2699915648e+01 Learning rate: 6.250000e-05
[Epoch 133] Train Loss: -1.190611e+00 Test Loss: -1.365908e+00 Time 8.2836100101e+01 Learning rate: 6.250000e-05
[Epoch 134] Train Loss: -1.186055e+00 Test Loss: -1.398502e+00 Time 8.2968888283e+01 Learning rate: 6.250000e-05
[Epoch 135] Train Loss: -1.192054e+00 Test Loss: -1.376246e+00 Time 8.2806294918e+01 Learning rate: 6.250000e-05
[Epoch 136] Train Loss: -1.186017e+00 Test Loss: -1.414457e+00 Time 8.2632276058e+01 Learning rate: 6.250000e-05
[Epoch 137] Train Loss: -1.182421e+00 Test Loss: -1.392237e+00 Time 8.2438400984e+01 Learning rate: 6.250000e-05
[Epoch 138] Train Loss: -1.189573e+00 Test Loss: -1.389530e+00 Time 8.2927014351e+01 Learning rate: 3.125000e-05
[Epoch 139] Train Loss: -1.202086e+00 Test Loss: -1.397044e+00 Time 8.3226039648e+01 Learning rate: 3.125000e-05
[Epoch 140] Train Loss: -1.195698e+00 Test Loss: -1.391053e+00 Time 8.2466252565e+01 Learning rate: 3.125000e-05
[Epoch 141] Train Loss: -1.201261e+00 Test Loss: -1.356444e+00 Time 8.2777837515e+01 Learning rate: 3.125000e-05
[Epoch 142] Train Loss: -1.197298e+00 Test Loss: -1.403658e+00 Time 8.2739294291e+01 Learning rate: 3.125000e-05
[Epoch 143] Train Loss: -1.205634e+00 Test Loss: -1.397311e+00 Time 8.2756553173e+01 Learning rate: 3.125000e-05
[Epoch 144] Train Loss: -1.189475e+00 Test Loss: -1.407371e+00 Time 8.2180458546e+01 Learning rate: 3.125000e-05
[Epoch 145] Train Loss: -1.190730e+00 Test Loss: -1.409841e+00 Time 8.2045812845e+01 Learning rate: 3.125000e-05
[Epoch 146] Train Loss: -1.192033e+00 Test Loss: -1.417524e+00 Time 8.1852322340e+01 Learning rate: 3.125000e-05
[Epoch 147] Train Loss: -1.196713e+00 Test Loss: -1.402730e+00 Time 8.2229639292e+01 Learning rate: 3.125000e-05
[Epoch 148] Train Loss: -1.197885e+00 Test Loss: -1.395841e+00 Time 8.2214669228e+01 Learning rate: 3.125000e-05
[Epoch 149] Train Loss: -1.193103e+00 Test Loss: -1.411796e+00 Time 8.1757801533e+01 Learning rate: 3.125000e-05
[Epoch 150] Train Loss: -1.202819e+00 Test Loss: -1.401464e+00 Time 8.1979184628e+01 Learning rate: 3.125000e-05
[Epoch 151] Train Loss: -1.192345e+00 Test Loss: -1.375129e+00 Time 8.1674018383e+01 Learning rate: 3.125000e-05
[Epoch 152] Train Loss: -1.197680e+00 Test Loss: -1.377968e+00 Time 8.1847533703e+01 Learning rate: 3.125000e-05
[Epoch 153] Train Loss: -1.198243e+00 Test Loss: -1.371330e+00 Time 8.1704207897e+01 Learning rate: 3.125000e-05
[Epoch 154] Train Loss: -1.196928e+00 Test Loss: -1.389741e+00 Time 8.1661797285e+01 Learning rate: 3.125000e-05
[Epoch 155] Train Loss: -1.197701e+00 Test Loss: -1.417139e+00 Time 8.1375821590e+01 Learning rate: 3.125000e-05
[Epoch 156] Train Loss: -1.203394e+00 Test Loss: -1.383265e+00 Time 8.1858370304e+01 Learning rate: 3.125000e-05
[Epoch 157] Train Loss: -1.201126e+00 Test Loss: -1.409681e+00 Time 8.1387413263e+01 Learning rate: 1.562500e-05
[Epoch 158] Train Loss: -1.203612e+00 Test Loss: -1.403606e+00 Time 8.1301743507e+01 Learning rate: 1.562500e-05
[Epoch 159] Train Loss: -1.201617e+00 Test Loss: -1.405753e+00 Time 8.1026496887e+01 Learning rate: 1.562500e-05
[Epoch 160] Train Loss: -1.202853e+00 Test Loss: -1.393221e+00 Time 8.1332499027e+01 Learning rate: 1.562500e-05
[Epoch 161] Train Loss: -1.203175e+00 Test Loss: -1.415995e+00 Time 8.3890999556e+01 Learning rate: 1.562500e-05
[Epoch 162] Train Loss: -1.198336e+00 Test Loss: -1.405688e+00 Time 8.3699027061e+01 Learning rate: 1.562500e-05
[Epoch 163] Train Loss: -1.202852e+00 Test Loss: -1.409667e+00 Time 8.2566624880e+01 Learning rate: 1.562500e-05
[Epoch 164] Train Loss: -1.203299e+00 Test Loss: -1.395179e+00 Time 8.2069991350e+01 Learning rate: 1.562500e-05
[Epoch 165] Train Loss: -1.197480e+00 Test Loss: -1.403905e+00 Time 8.0020077229e+01 Learning rate: 1.562500e-05
[Epoch 166] Train Loss: -1.203168e+00 Test Loss: -1.399315e+00 Time 8.0483611345e+01 Learning rate: 1.562500e-05
[Epoch 167] Train Loss: -1.194579e+00 Test Loss: -1.410251e+00 Time 8.0082567453e+01 Learning rate: 1.562500e-05
[Epoch 168] Train Loss: -1.195056e+00 Test Loss: -1.411212e+00 Time 8.0269917250e+01 Learning rate: 7.812500e-06
[Epoch 169] Train Loss: -1.197972e+00 Test Loss: -1.408581e+00 Time 8.0356805801e+01 Learning rate: 7.812500e-06
[Epoch 170] Train Loss: -1.202083e+00 Test Loss: -1.399010e+00 Time 8.0456412315e+01 Learning rate: 7.812500e-06
[Epoch 171] Train Loss: -1.203143e+00 Test Loss: -1.407581e+00 Time 8.0574816227e+01 Learning rate: 7.812500e-06
[Epoch 172] Train Loss: -1.200377e+00 Test Loss: -1.405439e+00 Time 8.0472337246e+01 Learning rate: 7.812500e-06
[Epoch 173] Train Loss: -1.199721e+00 Test Loss: -1.399791e+00 Time 7.8960455656e+01 Learning rate: 7.812500e-06
[Epoch 174] Train Loss: -1.199840e+00 Test Loss: -1.400087e+00 Time 7.7180987358e+01 Learning rate: 7.812500e-06
[Epoch 175] Train Loss: -1.199123e+00 Test Loss: -1.404184e+00 Time 7.7239946127e+01 Learning rate: 7.812500e-06
[Epoch 176] Train Loss: -1.196483e+00 Test Loss: -1.400124e+00 Time 7.6987432003e+01 Learning rate: 7.812500e-06
