[Epoch 1] Train Loss: 2.608109e-01 Test Loss: 8.208090e+00 Time 9.1346065521e+01 Learning rate: 1.000000e-03
[Epoch 2] Train Loss: -2.993196e-01 Test Loss: 8.388769e+00 Time 9.0441495657e+01 Learning rate: 1.000000e-03
[Epoch 3] Train Loss: -4.521682e-01 Test Loss: 1.034391e+01 Time 9.0139402866e+01 Learning rate: 1.000000e-03
[Epoch 4] Train Loss: -5.226015e-01 Test Loss: 6.073816e-02 Time 9.0199357271e+01 Learning rate: 1.000000e-03
[Epoch 5] Train Loss: -5.524446e-01 Test Loss: -6.433672e-01 Time 9.0420215130e+01 Learning rate: 1.000000e-03
[Epoch 6] Train Loss: -5.697098e-01 Test Loss: -7.035668e-01 Time 8.9874315023e+01 Learning rate: 1.000000e-03
[Epoch 7] Train Loss: -6.029907e-01 Test Loss: -8.525768e-01 Time 9.0359998226e+01 Learning rate: 1.000000e-03
[Epoch 8] Train Loss: -5.367609e-01 Test Loss: -6.749453e-01 Time 9.0165827513e+01 Learning rate: 1.000000e-03
[Epoch 9] Train Loss: -6.266093e-01 Test Loss: -8.731764e-01 Time 9.0349062681e+01 Learning rate: 1.000000e-03
[Epoch 10] Train Loss: -6.145256e-01 Test Loss: -8.628345e-01 Time 9.0029504299e+01 Learning rate: 1.000000e-03
[Epoch 11] Train Loss: -6.451899e-01 Test Loss: -8.992832e-01 Time 9.0858495951e+01 Learning rate: 1.000000e-03
[Epoch 12] Train Loss: -6.408439e-01 Test Loss: -7.348399e-01 Time 8.9990933180e+01 Learning rate: 1.000000e-03
[Epoch 13] Train Loss: -6.559487e-01 Test Loss: -8.875806e-01 Time 9.0088047504e+01 Learning rate: 1.000000e-03
[Epoch 14] Train Loss: -5.973922e-01 Test Loss: -8.532541e-01 Time 8.9836095095e+01 Learning rate: 1.000000e-03
[Epoch 15] Train Loss: -6.648665e-01 Test Loss: -9.085035e-01 Time 9.0298224926e+01 Learning rate: 1.000000e-03
[Epoch 16] Train Loss: -6.740098e-01 Test Loss: -9.179918e-01 Time 9.0608755827e+01 Learning rate: 1.000000e-03
[Epoch 17] Train Loss: -6.738845e-01 Test Loss: -8.329265e-01 Time 9.0530629873e+01 Learning rate: 1.000000e-03
[Epoch 18] Train Loss: -6.808254e-01 Test Loss: -9.050544e-01 Time 9.0292139769e+01 Learning rate: 1.000000e-03
[Epoch 19] Train Loss: -6.071255e-01 Test Loss: -8.841011e-01 Time 8.9978837013e+01 Learning rate: 1.000000e-03
[Epoch 20] Train Loss: -6.797166e-01 Test Loss: -7.219521e-01 Time 8.9992703915e+01 Learning rate: 1.000000e-03
[Epoch 21] Train Loss: -6.577926e-01 Test Loss: -6.918654e-01 Time 9.0079670429e+01 Learning rate: 1.000000e-03
[Epoch 22] Train Loss: -6.755266e-01 Test Loss: -9.305541e-01 Time 9.0132338047e+01 Learning rate: 1.000000e-03
[Epoch 23] Train Loss: -6.866316e-01 Test Loss: -8.692579e-01 Time 9.0132902384e+01 Learning rate: 1.000000e-03
[Epoch 24] Train Loss: -6.203016e-01 Test Loss: -8.784562e-01 Time 9.0954010010e+01 Learning rate: 1.000000e-03
[Epoch 25] Train Loss: -7.018957e-01 Test Loss: -9.033764e-01 Time 9.0706283808e+01 Learning rate: 1.000000e-03
[Epoch 26] Train Loss: -6.872611e-01 Test Loss: -9.390915e-01 Time 9.0414302111e+01 Learning rate: 1.000000e-03
[Epoch 27] Train Loss: -7.018578e-01 Test Loss: -8.873046e-01 Time 9.0229610205e+01 Learning rate: 1.000000e-03
[Epoch 28] Train Loss: -6.664164e-01 Test Loss: -9.128186e-01 Time 9.0323462963e+01 Learning rate: 1.000000e-03
[Epoch 29] Train Loss: -7.019299e-01 Test Loss: -8.417092e-01 Time 8.2661640167e+01 Learning rate: 1.000000e-03
[Epoch 30] Train Loss: -6.996546e-01 Test Loss: -9.627414e-01 Time 7.9127521038e+01 Learning rate: 1.000000e-03
[Epoch 31] Train Loss: -7.060968e-01 Test Loss: -9.360158e-01 Time 7.9427037001e+01 Learning rate: 1.000000e-03
[Epoch 32] Train Loss: -6.836011e-01 Test Loss: -8.797791e-01 Time 7.9091313124e+01 Learning rate: 1.000000e-03
[Epoch 33] Train Loss: -7.033915e-01 Test Loss: -9.305353e-01 Time 7.9001576662e+01 Learning rate: 1.000000e-03
[Epoch 34] Train Loss: -7.128396e-01 Test Loss: -9.153961e-01 Time 7.9657476664e+01 Learning rate: 1.000000e-03
[Epoch 35] Train Loss: -6.452053e-01 Test Loss: -8.791224e-01 Time 7.9402209759e+01 Learning rate: 1.000000e-03
[Epoch 36] Train Loss: -7.117887e-01 Test Loss: -9.508047e-01 Time 7.9780984640e+01 Learning rate: 1.000000e-03
[Epoch 37] Train Loss: -7.237303e-01 Test Loss: -8.961945e-01 Time 8.0300160170e+01 Learning rate: 1.000000e-03
[Epoch 38] Train Loss: -6.395004e-01 Test Loss: -9.586607e-01 Time 8.0391372681e+01 Learning rate: 1.000000e-03
[Epoch 39] Train Loss: -7.077402e-01 Test Loss: -8.623477e-01 Time 7.9835666180e+01 Learning rate: 1.000000e-03
[Epoch 40] Train Loss: -7.142739e-01 Test Loss: -9.341907e-01 Time 8.0479506016e+01 Learning rate: 1.000000e-03
[Epoch 41] Train Loss: -7.172596e-01 Test Loss: -9.385641e-01 Time 8.0159390688e+01 Learning rate: 5.000000e-04
[Epoch 42] Train Loss: -7.519053e-01 Test Loss: -9.449426e-01 Time 8.0468031883e+01 Learning rate: 5.000000e-04
[Epoch 43] Train Loss: -7.398023e-01 Test Loss: -9.674272e-01 Time 8.0633783579e+01 Learning rate: 5.000000e-04
[Epoch 44] Train Loss: -7.557942e-01 Test Loss: -9.469052e-01 Time 8.0662796736e+01 Learning rate: 5.000000e-04
[Epoch 45] Train Loss: -7.535310e-01 Test Loss: -8.131731e-01 Time 8.0640457630e+01 Learning rate: 5.000000e-04
[Epoch 46] Train Loss: -7.643642e-01 Test Loss: -1.057942e+00 Time 8.0285261393e+01 Learning rate: 5.000000e-04
[Epoch 47] Train Loss: -7.678812e-01 Test Loss: -4.243438e-01 Time 8.0469713926e+01 Learning rate: 5.000000e-04
[Epoch 48] Train Loss: -7.697381e-01 Test Loss: -1.058917e+00 Time 8.0334218264e+01 Learning rate: 5.000000e-04
[Epoch 49] Train Loss: -7.782015e-01 Test Loss: -9.463177e-01 Time 8.0996256828e+01 Learning rate: 5.000000e-04
[Epoch 50] Train Loss: -7.787880e-01 Test Loss: -1.060936e+00 Time 8.0504721165e+01 Learning rate: 5.000000e-04
[Epoch 51] Train Loss: -7.881970e-01 Test Loss: -7.945804e-01 Time 8.0368335724e+01 Learning rate: 5.000000e-04
[Epoch 52] Train Loss: -7.942228e-01 Test Loss: -1.059367e+00 Time 8.1061490297e+01 Learning rate: 5.000000e-04
[Epoch 53] Train Loss: -8.165586e-01 Test Loss: -9.553256e-01 Time 8.1096854925e+01 Learning rate: 5.000000e-04
[Epoch 54] Train Loss: -8.394270e-01 Test Loss: -1.108160e+00 Time 8.1200391054e+01 Learning rate: 5.000000e-04
[Epoch 55] Train Loss: -8.420220e-01 Test Loss: -1.112709e+00 Time 8.0995917320e+01 Learning rate: 5.000000e-04
[Epoch 56] Train Loss: -8.584632e-01 Test Loss: -1.093244e+00 Time 8.1520089865e+01 Learning rate: 5.000000e-04
[Epoch 57] Train Loss: -8.552925e-01 Test Loss: -1.144065e+00 Time 8.1244167805e+01 Learning rate: 5.000000e-04
[Epoch 58] Train Loss: -8.608527e-01 Test Loss: -1.168666e+00 Time 8.1196833849e+01 Learning rate: 5.000000e-04
[Epoch 59] Train Loss: -8.791073e-01 Test Loss: -1.141440e+00 Time 8.1166852951e+01 Learning rate: 5.000000e-04
[Epoch 60] Train Loss: -8.851981e-01 Test Loss: -1.099694e+00 Time 8.0838407278e+01 Learning rate: 5.000000e-04
[Epoch 61] Train Loss: -8.980462e-01 Test Loss: -1.191955e+00 Time 8.1495163679e+01 Learning rate: 5.000000e-04
[Epoch 62] Train Loss: -9.045058e-01 Test Loss: -1.210100e+00 Time 8.1260987759e+01 Learning rate: 5.000000e-04
[Epoch 63] Train Loss: -9.227934e-01 Test Loss: -1.166666e+00 Time 8.1453376770e+01 Learning rate: 5.000000e-04
[Epoch 64] Train Loss: -9.196850e-01 Test Loss: -1.157388e+00 Time 8.1354773998e+01 Learning rate: 5.000000e-04
[Epoch 65] Train Loss: -9.338263e-01 Test Loss: -1.217178e+00 Time 8.1418853283e+01 Learning rate: 5.000000e-04
[Epoch 66] Train Loss: -9.410107e-01 Test Loss: -1.224516e+00 Time 8.1378434896e+01 Learning rate: 5.000000e-04
[Epoch 67] Train Loss: -9.465208e-01 Test Loss: -1.114151e+00 Time 8.1613091707e+01 Learning rate: 5.000000e-04
[Epoch 68] Train Loss: -9.552895e-01 Test Loss: -1.246770e+00 Time 8.1645494223e+01 Learning rate: 5.000000e-04
[Epoch 69] Train Loss: -9.609390e-01 Test Loss: -1.295840e+00 Time 8.1291536570e+01 Learning rate: 5.000000e-04
[Epoch 70] Train Loss: -9.644249e-01 Test Loss: -1.227939e+00 Time 8.1470386505e+01 Learning rate: 5.000000e-04
[Epoch 71] Train Loss: -9.658784e-01 Test Loss: -1.255087e+00 Time 8.1218801975e+01 Learning rate: 5.000000e-04
[Epoch 72] Train Loss: -9.752852e-01 Test Loss: -1.247534e+00 Time 8.1460857868e+01 Learning rate: 5.000000e-04
[Epoch 73] Train Loss: -9.872038e-01 Test Loss: -1.231037e+00 Time 8.1902819395e+01 Learning rate: 5.000000e-04
[Epoch 74] Train Loss: -9.734354e-01 Test Loss: -1.220775e+00 Time 8.1026174784e+01 Learning rate: 5.000000e-04
[Epoch 75] Train Loss: -9.818584e-01 Test Loss: -1.282065e+00 Time 8.1321463346e+01 Learning rate: 5.000000e-04
[Epoch 76] Train Loss: -9.840402e-01 Test Loss: -1.234091e+00 Time 8.1654863358e+01 Learning rate: 5.000000e-04
[Epoch 77] Train Loss: -9.982764e-01 Test Loss: -1.259882e+00 Time 8.1602059364e+01 Learning rate: 5.000000e-04
[Epoch 78] Train Loss: -9.999320e-01 Test Loss: -1.294761e+00 Time 8.1462881804e+01 Learning rate: 5.000000e-04
[Epoch 79] Train Loss: -1.000884e+00 Test Loss: -1.240881e+00 Time 8.1496054411e+01 Learning rate: 5.000000e-04
[Epoch 80] Train Loss: -1.005649e+00 Test Loss: -1.256867e+00 Time 8.1617743969e+01 Learning rate: 2.500000e-04
[Epoch 81] Train Loss: -1.048400e+00 Test Loss: -1.296913e+00 Time 8.1965563536e+01 Learning rate: 2.500000e-04
[Epoch 82] Train Loss: -1.047624e+00 Test Loss: -1.323501e+00 Time 8.1509623528e+01 Learning rate: 2.500000e-04
[Epoch 83] Train Loss: -1.047793e+00 Test Loss: -1.262195e+00 Time 8.1557802916e+01 Learning rate: 2.500000e-04
[Epoch 84] Train Loss: -1.049389e+00 Test Loss: -1.295645e+00 Time 8.1346256256e+01 Learning rate: 2.500000e-04
[Epoch 85] Train Loss: -1.059283e+00 Test Loss: -1.327316e+00 Time 8.1712361813e+01 Learning rate: 2.500000e-04
[Epoch 86] Train Loss: -1.062359e+00 Test Loss: -1.322814e+00 Time 8.1976019144e+01 Learning rate: 2.500000e-04
[Epoch 87] Train Loss: -1.058334e+00 Test Loss: -1.266208e+00 Time 8.1699656010e+01 Learning rate: 2.500000e-04
[Epoch 88] Train Loss: -1.076762e+00 Test Loss: -1.315641e+00 Time 8.2193682671e+01 Learning rate: 2.500000e-04
[Epoch 89] Train Loss: -1.070167e+00 Test Loss: -1.305153e+00 Time 8.1823351860e+01 Learning rate: 2.500000e-04
[Epoch 90] Train Loss: -1.068728e+00 Test Loss: -1.338027e+00 Time 8.1914466619e+01 Learning rate: 2.500000e-04
[Epoch 91] Train Loss: -1.071261e+00 Test Loss: -1.339216e+00 Time 8.1981701612e+01 Learning rate: 2.500000e-04
[Epoch 92] Train Loss: -1.074244e+00 Test Loss: -1.338582e+00 Time 8.2033572435e+01 Learning rate: 2.500000e-04
[Epoch 93] Train Loss: -1.070241e+00 Test Loss: -1.317809e+00 Time 8.1552214861e+01 Learning rate: 2.500000e-04
[Epoch 94] Train Loss: -1.070394e+00 Test Loss: -1.299399e+00 Time 8.1498763084e+01 Learning rate: 2.500000e-04
[Epoch 95] Train Loss: -1.071940e+00 Test Loss: -1.339705e+00 Time 8.1595493078e+01 Learning rate: 2.500000e-04
[Epoch 96] Train Loss: -1.076609e+00 Test Loss: -1.307778e+00 Time 8.1583646536e+01 Learning rate: 2.500000e-04
[Epoch 97] Train Loss: -1.081865e+00 Test Loss: -1.329825e+00 Time 8.1713247538e+01 Learning rate: 2.500000e-04
[Epoch 98] Train Loss: -1.080640e+00 Test Loss: -1.369695e+00 Time 8.1552204847e+01 Learning rate: 2.500000e-04
[Epoch 99] Train Loss: -1.083016e+00 Test Loss: -1.375319e+00 Time 8.1483191013e+01 Learning rate: 2.500000e-04
[Epoch 100] Train Loss: -1.089685e+00 Test Loss: -1.356936e+00 Time 8.1723102570e+01 Learning rate: 2.500000e-04
[Epoch 101] Train Loss: -1.087021e+00 Test Loss: -1.357252e+00 Time 8.1801858902e+01 Learning rate: 2.500000e-04
[Epoch 102] Train Loss: -1.092524e+00 Test Loss: -1.211574e+00 Time 8.1924923420e+01 Learning rate: 2.500000e-04
[Epoch 103] Train Loss: -1.092157e+00 Test Loss: -1.301561e+00 Time 8.1497897387e+01 Learning rate: 2.500000e-04
[Epoch 104] Train Loss: -1.095074e+00 Test Loss: -1.372442e+00 Time 8.1457646370e+01 Learning rate: 2.500000e-04
[Epoch 105] Train Loss: -1.095988e+00 Test Loss: -1.374141e+00 Time 8.1613813162e+01 Learning rate: 2.500000e-04
[Epoch 106] Train Loss: -1.091966e+00 Test Loss: -1.366220e+00 Time 8.1888540268e+01 Learning rate: 2.500000e-04
[Epoch 107] Train Loss: -1.098558e+00 Test Loss: -1.333547e+00 Time 8.1538238049e+01 Learning rate: 2.500000e-04
[Epoch 108] Train Loss: -1.097905e+00 Test Loss: -1.349458e+00 Time 8.1649146080e+01 Learning rate: 2.500000e-04
[Epoch 109] Train Loss: -1.094076e+00 Test Loss: -1.325641e+00 Time 8.1236721277e+01 Learning rate: 2.500000e-04
[Epoch 110] Train Loss: -1.096047e+00 Test Loss: -1.333333e+00 Time 8.1540184736e+01 Learning rate: 1.250000e-04
[Epoch 111] Train Loss: -1.125337e+00 Test Loss: -1.370787e+00 Time 8.1242947340e+01 Learning rate: 1.250000e-04
[Epoch 112] Train Loss: -1.130982e+00 Test Loss: -1.390653e+00 Time 8.2051899195e+01 Learning rate: 1.250000e-04
[Epoch 113] Train Loss: -1.134144e+00 Test Loss: -1.376781e+00 Time 8.1767122030e+01 Learning rate: 1.250000e-04
[Epoch 114] Train Loss: -1.131990e+00 Test Loss: -1.325252e+00 Time 8.1771258354e+01 Learning rate: 1.250000e-04
[Epoch 115] Train Loss: -1.120017e+00 Test Loss: -1.371163e+00 Time 8.1092206240e+01 Learning rate: 1.250000e-04
[Epoch 116] Train Loss: -1.127976e+00 Test Loss: -1.365076e+00 Time 8.1173192978e+01 Learning rate: 1.250000e-04
[Epoch 117] Train Loss: -1.129647e+00 Test Loss: -1.382943e+00 Time 8.1392840385e+01 Learning rate: 1.250000e-04
[Epoch 118] Train Loss: -1.131025e+00 Test Loss: -1.371617e+00 Time 8.1182151079e+01 Learning rate: 1.250000e-04
[Epoch 119] Train Loss: -1.131478e+00 Test Loss: -1.381796e+00 Time 8.1180072546e+01 Learning rate: 1.250000e-04
[Epoch 120] Train Loss: -1.135132e+00 Test Loss: -1.372174e+00 Time 8.1103892565e+01 Learning rate: 1.250000e-04
[Epoch 121] Train Loss: -1.134789e+00 Test Loss: -1.364371e+00 Time 8.0993403196e+01 Learning rate: 1.250000e-04
[Epoch 122] Train Loss: -1.136893e+00 Test Loss: -1.394612e+00 Time 8.0941256523e+01 Learning rate: 1.250000e-04
[Epoch 123] Train Loss: -1.133308e+00 Test Loss: -1.398458e+00 Time 8.0876263380e+01 Learning rate: 1.250000e-04
[Epoch 124] Train Loss: -1.138901e+00 Test Loss: -1.392010e+00 Time 8.0611955404e+01 Learning rate: 1.250000e-04
[Epoch 125] Train Loss: -1.132828e+00 Test Loss: -1.389468e+00 Time 8.0581871986e+01 Learning rate: 1.250000e-04
[Epoch 126] Train Loss: -1.136859e+00 Test Loss: -1.382086e+00 Time 8.0435523272e+01 Learning rate: 1.250000e-04
[Epoch 127] Train Loss: -1.137526e+00 Test Loss: -1.367065e+00 Time 8.0196068287e+01 Learning rate: 1.250000e-04
[Epoch 128] Train Loss: -1.142571e+00 Test Loss: -1.394695e+00 Time 8.0193825960e+01 Learning rate: 1.250000e-04
[Epoch 129] Train Loss: -1.148214e+00 Test Loss: -1.390350e+00 Time 8.0410914421e+01 Learning rate: 1.250000e-04
[Epoch 130] Train Loss: -1.139486e+00 Test Loss: -1.329978e+00 Time 8.0169944048e+01 Learning rate: 1.250000e-04
[Epoch 131] Train Loss: -1.146153e+00 Test Loss: -1.374859e+00 Time 8.0288201094e+01 Learning rate: 1.250000e-04
[Epoch 132] Train Loss: -1.141522e+00 Test Loss: -1.396283e+00 Time 8.0187585354e+01 Learning rate: 1.250000e-04
[Epoch 133] Train Loss: -1.140151e+00 Test Loss: -1.374836e+00 Time 8.0054019213e+01 Learning rate: 1.250000e-04
[Epoch 134] Train Loss: -1.154137e+00 Test Loss: -1.403045e+00 Time 8.0316485882e+01 Learning rate: 1.250000e-04
[Epoch 135] Train Loss: -1.138743e+00 Test Loss: -1.408861e+00 Time 7.9632623196e+01 Learning rate: 1.250000e-04
[Epoch 136] Train Loss: -1.145618e+00 Test Loss: -1.383730e+00 Time 7.9855839252e+01 Learning rate: 1.250000e-04
[Epoch 137] Train Loss: -1.145590e+00 Test Loss: -1.377555e+00 Time 7.9659715176e+01 Learning rate: 1.250000e-04
[Epoch 138] Train Loss: -1.150568e+00 Test Loss: -1.397016e+00 Time 7.9567851782e+01 Learning rate: 1.250000e-04
[Epoch 139] Train Loss: -1.150523e+00 Test Loss: -1.371707e+00 Time 7.9370283365e+01 Learning rate: 1.250000e-04
[Epoch 140] Train Loss: -1.147690e+00 Test Loss: -1.383235e+00 Time 7.9115587711e+01 Learning rate: 1.250000e-04
[Epoch 141] Train Loss: -1.155224e+00 Test Loss: -1.398339e+00 Time 7.9271478891e+01 Learning rate: 1.250000e-04
[Epoch 142] Train Loss: -1.157069e+00 Test Loss: -1.413877e+00 Time 7.9741490126e+01 Learning rate: 1.250000e-04
[Epoch 143] Train Loss: -1.153338e+00 Test Loss: -1.394548e+00 Time 7.9484994650e+01 Learning rate: 1.250000e-04
[Epoch 144] Train Loss: -1.143425e+00 Test Loss: -1.404168e+00 Time 7.9076008558e+01 Learning rate: 1.250000e-04
[Epoch 145] Train Loss: -1.155789e+00 Test Loss: -1.326954e+00 Time 7.9315193653e+01 Learning rate: 1.250000e-04
[Epoch 146] Train Loss: -1.143634e+00 Test Loss: -1.414100e+00 Time 7.8765499353e+01 Learning rate: 1.250000e-04
[Epoch 147] Train Loss: -1.154832e+00 Test Loss: -1.397227e+00 Time 7.9185365200e+01 Learning rate: 1.250000e-04
[Epoch 148] Train Loss: -1.153604e+00 Test Loss: -1.365695e+00 Time 7.9083431244e+01 Learning rate: 1.250000e-04
[Epoch 149] Train Loss: -1.155820e+00 Test Loss: -1.398124e+00 Time 7.9202526093e+01 Learning rate: 1.250000e-04
[Epoch 150] Train Loss: -1.164739e+00 Test Loss: -1.395681e+00 Time 7.9463566303e+01 Learning rate: 1.250000e-04
[Epoch 151] Train Loss: -1.153245e+00 Test Loss: -1.395561e+00 Time 7.9351520777e+01 Learning rate: 1.250000e-04
[Epoch 152] Train Loss: -1.157514e+00 Test Loss: -1.402880e+00 Time 7.9256163836e+01 Learning rate: 1.250000e-04
[Epoch 153] Train Loss: -1.163887e+00 Test Loss: -1.402737e+00 Time 7.9723069429e+01 Learning rate: 1.250000e-04
[Epoch 154] Train Loss: -1.154155e+00 Test Loss: -1.398821e+00 Time 7.9020316362e+01 Learning rate: 1.250000e-04
[Epoch 155] Train Loss: -1.163524e+00 Test Loss: -1.411596e+00 Time 7.9302617550e+01 Learning rate: 1.250000e-04
[Epoch 156] Train Loss: -1.157802e+00 Test Loss: -1.374642e+00 Time 7.9193637609e+01 Learning rate: 1.250000e-04
[Epoch 157] Train Loss: -1.164059e+00 Test Loss: -1.410466e+00 Time 7.9440289497e+01 Learning rate: 6.250000e-05
[Epoch 158] Train Loss: -1.175476e+00 Test Loss: -1.404277e+00 Time 7.9158680916e+01 Learning rate: 6.250000e-05
[Epoch 159] Train Loss: -1.166818e+00 Test Loss: -1.394025e+00 Time 7.9042056084e+01 Learning rate: 6.250000e-05
[Epoch 160] Train Loss: -1.182170e+00 Test Loss: -1.410784e+00 Time 7.9826745272e+01 Learning rate: 6.250000e-05
[Epoch 161] Train Loss: -1.178058e+00 Test Loss: -1.414405e+00 Time 7.9856391191e+01 Learning rate: 6.250000e-05
[Epoch 162] Train Loss: -1.179695e+00 Test Loss: -1.396599e+00 Time 8.3137904882e+01 Learning rate: 6.250000e-05
[Epoch 163] Train Loss: -1.174194e+00 Test Loss: -1.413808e+00 Time 8.2162050962e+01 Learning rate: 6.250000e-05
[Epoch 164] Train Loss: -1.174462e+00 Test Loss: -1.423328e+00 Time 8.0990160227e+01 Learning rate: 6.250000e-05
[Epoch 165] Train Loss: -1.181243e+00 Test Loss: -1.424560e+00 Time 8.0200414896e+01 Learning rate: 6.250000e-05
[Epoch 166] Train Loss: -1.177483e+00 Test Loss: -1.411806e+00 Time 7.8910483599e+01 Learning rate: 6.250000e-05
[Epoch 167] Train Loss: -1.181586e+00 Test Loss: -1.428951e+00 Time 7.9204406500e+01 Learning rate: 6.250000e-05
[Epoch 168] Train Loss: -1.178532e+00 Test Loss: -1.402622e+00 Time 7.9273428202e+01 Learning rate: 6.250000e-05
[Epoch 169] Train Loss: -1.178786e+00 Test Loss: -1.416546e+00 Time 7.9221598864e+01 Learning rate: 6.250000e-05
[Epoch 170] Train Loss: -1.188146e+00 Test Loss: -1.403754e+00 Time 7.9471966267e+01 Learning rate: 6.250000e-05
[Epoch 171] Train Loss: -1.174253e+00 Test Loss: -1.411442e+00 Time 7.8977108717e+01 Learning rate: 6.250000e-05
[Epoch 172] Train Loss: -1.181926e+00 Test Loss: -1.400156e+00 Time 7.9472923994e+01 Learning rate: 6.250000e-05
[Epoch 173] Train Loss: -1.186517e+00 Test Loss: -1.400205e+00 Time 7.9605401278e+01 Learning rate: 6.250000e-05
[Epoch 174] Train Loss: -1.190351e+00 Test Loss: -1.394242e+00 Time 7.9146223545e+01 Learning rate: 6.250000e-05
[Epoch 175] Train Loss: -1.187151e+00 Test Loss: -1.422982e+00 Time 7.6552385569e+01 Learning rate: 6.250000e-05
[Epoch 176] Train Loss: -1.177389e+00 Test Loss: -1.399223e+00 Time 7.6167083740e+01 Learning rate: 6.250000e-05
[Epoch 177] Train Loss: -1.185512e+00 Test Loss: -1.410589e+00 Time 7.6291595936e+01 Learning rate: 6.250000e-05
[Epoch 178] Train Loss: -1.182867e+00 Test Loss: -1.413069e+00 Time 7.7272047520e+01 Learning rate: 3.125000e-05
[Epoch 179] Train Loss: -1.187171e+00 Test Loss: -1.421007e+00 Time 7.3412830830e+01 Learning rate: 3.125000e-05
[Epoch 180] Train Loss: -1.190425e+00 Test Loss: -1.428282e+00 Time 7.3646667242e+01 Learning rate: 3.125000e-05
[Epoch 181] Train Loss: -1.195790e+00 Test Loss: -1.416104e+00 Time 7.3650470972e+01 Learning rate: 3.125000e-05
[Epoch 182] Train Loss: -1.189759e+00 Test Loss: -1.416982e+00 Time 7.3499154568e+01 Learning rate: 3.125000e-05
[Epoch 183] Train Loss: -1.198403e+00 Test Loss: -1.413227e+00 Time 7.3800527573e+01 Learning rate: 3.125000e-05
[Epoch 184] Train Loss: -1.197622e+00 Test Loss: -1.421804e+00 Time 7.3792394876e+01 Learning rate: 3.125000e-05
[Epoch 185] Train Loss: -1.192550e+00 Test Loss: -1.422652e+00 Time 7.3492755175e+01 Learning rate: 3.125000e-05
[Epoch 186] Train Loss: -1.194569e+00 Test Loss: -1.420854e+00 Time 7.3779137611e+01 Learning rate: 3.125000e-05
[Epoch 187] Train Loss: -1.182383e+00 Test Loss: -1.417665e+00 Time 7.3334243536e+01 Learning rate: 3.125000e-05
[Epoch 188] Train Loss: -1.200689e+00 Test Loss: -1.423792e+00 Time 7.3930540085e+01 Learning rate: 3.125000e-05
[Epoch 189] Train Loss: -1.192275e+00 Test Loss: -1.422261e+00 Time 7.3595041037e+01 Learning rate: 1.562500e-05
[Epoch 190] Train Loss: -1.201199e+00 Test Loss: -1.414699e+00 Time 7.4006443739e+01 Learning rate: 1.562500e-05
[Epoch 191] Train Loss: -1.197289e+00 Test Loss: -1.428466e+00 Time 7.3496930599e+01 Learning rate: 1.562500e-05
[Epoch 192] Train Loss: -1.193992e+00 Test Loss: -1.412092e+00 Time 7.3536256552e+01 Learning rate: 1.562500e-05
[Epoch 193] Train Loss: -1.197956e+00 Test Loss: -1.421918e+00 Time 7.3719022512e+01 Learning rate: 1.562500e-05
[Epoch 194] Train Loss: -1.196184e+00 Test Loss: -1.418648e+00 Time 7.3662897110e+01 Learning rate: 1.562500e-05
[Epoch 195] Train Loss: -1.193530e+00 Test Loss: -1.422373e+00 Time 7.3551757097e+01 Learning rate: 1.562500e-05
[Epoch 196] Train Loss: -1.200191e+00 Test Loss: -1.415674e+00 Time 7.3788393259e+01 Learning rate: 1.562500e-05
[Epoch 197] Train Loss: -1.199419e+00 Test Loss: -1.423576e+00 Time 7.3615753174e+01 Learning rate: 1.562500e-05
