[Epoch 1] Train Loss: 3.247689e-01 Test Loss: 7.595491e+00 Time 7.8399795771e+01 Learning rate: 1.000000e-03
[Epoch 2] Train Loss: -2.607232e-01 Test Loss: 6.643246e+00 Time 7.5970273972e+01 Learning rate: 1.000000e-03
[Epoch 3] Train Loss: -3.830962e-01 Test Loss: 1.033338e+01 Time 7.6388376951e+01 Learning rate: 1.000000e-03
[Epoch 4] Train Loss: -4.876189e-01 Test Loss: 9.256516e+00 Time 7.6812889814e+01 Learning rate: 1.000000e-03
[Epoch 5] Train Loss: -4.780945e-01 Test Loss: 1.180782e+01 Time 7.6369550943e+01 Learning rate: 1.000000e-03
[Epoch 6] Train Loss: -5.523022e-01 Test Loss: 1.007497e+01 Time 7.6529542685e+01 Learning rate: 1.000000e-03
[Epoch 7] Train Loss: -5.851735e-01 Test Loss: 5.994108e+00 Time 7.6470844984e+01 Learning rate: 1.000000e-03
[Epoch 8] Train Loss: -5.846664e-01 Test Loss: -8.742624e-01 Time 7.6299748421e+01 Learning rate: 1.000000e-03
[Epoch 9] Train Loss: -6.253262e-01 Test Loss: -9.220914e-01 Time 7.6361320734e+01 Learning rate: 1.000000e-03
[Epoch 10] Train Loss: -4.743676e-01 Test Loss: -7.375688e-01 Time 7.6478926897e+01 Learning rate: 1.000000e-03
[Epoch 11] Train Loss: -5.315882e-01 Test Loss: -9.128446e-01 Time 7.6276477337e+01 Learning rate: 1.000000e-03
[Epoch 12] Train Loss: -6.390033e-01 Test Loss: -8.933081e-01 Time 7.6385803461e+01 Learning rate: 1.000000e-03
[Epoch 13] Train Loss: -6.498531e-01 Test Loss: -9.131285e-01 Time 7.6538348436e+01 Learning rate: 1.000000e-03
[Epoch 14] Train Loss: -6.323177e-01 Test Loss: 7.280298e+00 Time 7.6590309143e+01 Learning rate: 1.000000e-03
[Epoch 15] Train Loss: -6.760563e-01 Test Loss: -9.064613e-01 Time 7.6892045021e+01 Learning rate: 1.000000e-03
[Epoch 16] Train Loss: -6.525562e-01 Test Loss: -9.272256e-01 Time 7.6052119017e+01 Learning rate: 1.000000e-03
[Epoch 17] Train Loss: -6.629330e-01 Test Loss: -9.084896e-01 Time 7.6161224127e+01 Learning rate: 1.000000e-03
[Epoch 18] Train Loss: -6.873910e-01 Test Loss: -9.592068e-01 Time 7.6510204315e+01 Learning rate: 1.000000e-03
[Epoch 19] Train Loss: -6.151257e-01 Test Loss: -9.137266e-01 Time 7.6508901119e+01 Learning rate: 1.000000e-03
[Epoch 20] Train Loss: -6.860967e-01 Test Loss: -9.377176e-01 Time 7.6530283213e+01 Learning rate: 1.000000e-03
[Epoch 21] Train Loss: -6.785025e-01 Test Loss: -9.738522e-01 Time 7.6031905651e+01 Learning rate: 1.000000e-03
[Epoch 22] Train Loss: -6.822900e-01 Test Loss: -9.496919e-01 Time 7.5513583422e+01 Learning rate: 1.000000e-03
[Epoch 23] Train Loss: -6.965409e-01 Test Loss: -9.703766e-01 Time 7.5510634422e+01 Learning rate: 1.000000e-03
[Epoch 24] Train Loss: -6.890716e-01 Test Loss: -9.143491e-01 Time 7.5076772213e+01 Learning rate: 1.000000e-03
[Epoch 25] Train Loss: -7.039656e-01 Test Loss: -9.601804e-01 Time 7.5138683558e+01 Learning rate: 1.000000e-03
[Epoch 26] Train Loss: -6.871633e-01 Test Loss: -9.664576e-01 Time 7.4918696642e+01 Learning rate: 1.000000e-03
[Epoch 27] Train Loss: -7.122689e-01 Test Loss: -1.001616e+00 Time 7.5279321671e+01 Learning rate: 1.000000e-03
[Epoch 28] Train Loss: -7.115649e-01 Test Loss: -9.607868e-01 Time 7.5110344887e+01 Learning rate: 1.000000e-03
[Epoch 29] Train Loss: -7.307304e-01 Test Loss: -9.758673e-01 Time 7.5158900976e+01 Learning rate: 1.000000e-03
[Epoch 30] Train Loss: -7.543484e-01 Test Loss: -1.005292e+00 Time 7.5051223516e+01 Learning rate: 1.000000e-03
[Epoch 31] Train Loss: -7.780589e-01 Test Loss: -1.072381e+00 Time 7.5311884642e+01 Learning rate: 1.000000e-03
[Epoch 32] Train Loss: -7.875543e-01 Test Loss: -1.020191e+00 Time 7.5020057440e+01 Learning rate: 1.000000e-03
[Epoch 33] Train Loss: -8.155100e-01 Test Loss: -1.115481e+00 Time 7.5502181292e+01 Learning rate: 1.000000e-03
[Epoch 34] Train Loss: -8.220411e-01 Test Loss: -1.112825e+00 Time 7.3642711163e+01 Learning rate: 1.000000e-03
[Epoch 35] Train Loss: -8.385956e-01 Test Loss: -1.123005e+00 Time 7.3611091852e+01 Learning rate: 1.000000e-03
[Epoch 36] Train Loss: -8.452754e-01 Test Loss: -1.101874e+00 Time 7.3634300947e+01 Learning rate: 1.000000e-03
[Epoch 37] Train Loss: -8.541612e-01 Test Loss: -1.075759e+00 Time 7.3450299978e+01 Learning rate: 1.000000e-03
[Epoch 38] Train Loss: -8.581496e-01 Test Loss: -1.163912e+00 Time 7.3605556250e+01 Learning rate: 1.000000e-03
[Epoch 39] Train Loss: -8.699727e-01 Test Loss: -1.166931e+00 Time 7.3488236189e+01 Learning rate: 1.000000e-03
[Epoch 40] Train Loss: -8.743837e-01 Test Loss: -8.868994e-01 Time 7.3574186325e+01 Learning rate: 1.000000e-03
[Epoch 41] Train Loss: -8.588027e-01 Test Loss: -1.183454e+00 Time 7.3608785868e+01 Learning rate: 1.000000e-03
[Epoch 42] Train Loss: -8.931479e-01 Test Loss: -1.175323e+00 Time 7.3692440271e+01 Learning rate: 1.000000e-03
[Epoch 43] Train Loss: -8.938146e-01 Test Loss: -1.111579e+00 Time 7.3288129807e+01 Learning rate: 1.000000e-03
[Epoch 44] Train Loss: -9.029980e-01 Test Loss: -1.195451e+00 Time 7.3344624996e+01 Learning rate: 1.000000e-03
[Epoch 45] Train Loss: -9.184820e-01 Test Loss: -1.209090e+00 Time 7.3564232111e+01 Learning rate: 1.000000e-03
[Epoch 46] Train Loss: -9.059565e-01 Test Loss: -1.179356e+00 Time 7.3775874138e+01 Learning rate: 1.000000e-03
[Epoch 47] Train Loss: -9.178513e-01 Test Loss: -1.164755e+00 Time 7.3528010368e+01 Learning rate: 1.000000e-03
[Epoch 48] Train Loss: -9.207125e-01 Test Loss: -1.093677e+00 Time 7.3501207829e+01 Learning rate: 1.000000e-03
[Epoch 49] Train Loss: -9.358146e-01 Test Loss: -1.186403e+00 Time 7.3968099833e+01 Learning rate: 1.000000e-03
[Epoch 50] Train Loss: -9.371775e-01 Test Loss: -1.220730e+00 Time 7.3587040663e+01 Learning rate: 1.000000e-03
[Epoch 51] Train Loss: -9.388924e-01 Test Loss: -1.150459e+00 Time 7.3340352297e+01 Learning rate: 1.000000e-03
[Epoch 52] Train Loss: -9.397439e-01 Test Loss: -1.124047e+00 Time 7.3464442253e+01 Learning rate: 1.000000e-03
[Epoch 53] Train Loss: -9.530232e-01 Test Loss: -1.221093e+00 Time 7.3618398428e+01 Learning rate: 1.000000e-03
[Epoch 54] Train Loss: -9.572749e-01 Test Loss: -1.198635e+00 Time 7.3590597630e+01 Learning rate: 1.000000e-03
[Epoch 55] Train Loss: -9.594854e-01 Test Loss: -1.246160e+00 Time 7.3587378502e+01 Learning rate: 1.000000e-03
[Epoch 56] Train Loss: -9.640408e-01 Test Loss: -1.198703e+00 Time 7.3630448103e+01 Learning rate: 1.000000e-03
[Epoch 57] Train Loss: -9.622338e-01 Test Loss: -1.212134e+00 Time 7.3623020172e+01 Learning rate: 1.000000e-03
[Epoch 58] Train Loss: -9.611275e-01 Test Loss: -1.060894e+00 Time 7.3274005413e+01 Learning rate: 1.000000e-03
[Epoch 59] Train Loss: -9.713546e-01 Test Loss: -1.272248e+00 Time 7.3824161530e+01 Learning rate: 1.000000e-03
[Epoch 60] Train Loss: -9.814057e-01 Test Loss: -1.205549e+00 Time 7.3680954933e+01 Learning rate: 1.000000e-03
[Epoch 61] Train Loss: -9.798397e-01 Test Loss: -1.210630e+00 Time 7.3582228184e+01 Learning rate: 1.000000e-03
[Epoch 62] Train Loss: -9.750005e-01 Test Loss: -1.204522e+00 Time 7.3494615316e+01 Learning rate: 1.000000e-03
[Epoch 63] Train Loss: -9.839753e-01 Test Loss: -1.284569e+00 Time 7.3312249660e+01 Learning rate: 1.000000e-03
[Epoch 64] Train Loss: -9.894183e-01 Test Loss: -1.266035e+00 Time 7.3498350859e+01 Learning rate: 1.000000e-03
[Epoch 65] Train Loss: -9.811490e-01 Test Loss: -1.273249e+00 Time 7.3331840515e+01 Learning rate: 1.000000e-03
[Epoch 66] Train Loss: -9.926141e-01 Test Loss: -1.105662e+00 Time 7.3484237194e+01 Learning rate: 1.000000e-03
[Epoch 67] Train Loss: -9.909357e-01 Test Loss: -1.262750e+00 Time 7.3283787012e+01 Learning rate: 1.000000e-03
[Epoch 68] Train Loss: -9.966789e-01 Test Loss: -1.284522e+00 Time 7.3481526852e+01 Learning rate: 1.000000e-03
[Epoch 69] Train Loss: -1.001540e+00 Test Loss: -1.154884e+00 Time 7.3481903791e+01 Learning rate: 1.000000e-03
[Epoch 70] Train Loss: -1.007000e+00 Test Loss: -1.197173e+00 Time 7.3611362219e+01 Learning rate: 1.000000e-03
[Epoch 71] Train Loss: -1.001098e+00 Test Loss: -1.202111e+00 Time 7.3526101351e+01 Learning rate: 1.000000e-03
[Epoch 72] Train Loss: -9.991821e-01 Test Loss: -1.196514e+00 Time 7.3344485760e+01 Learning rate: 1.000000e-03
[Epoch 73] Train Loss: -1.012820e+00 Test Loss: -1.266579e+00 Time 7.3564056635e+01 Learning rate: 1.000000e-03
[Epoch 74] Train Loss: -1.013638e+00 Test Loss: -1.236364e+00 Time 7.3482579470e+01 Learning rate: 1.000000e-03
[Epoch 75] Train Loss: -1.010162e+00 Test Loss: -1.160305e+00 Time 7.3435696125e+01 Learning rate: 1.000000e-03
[Epoch 76] Train Loss: -1.009600e+00 Test Loss: -1.300231e+00 Time 7.3146887541e+01 Learning rate: 1.000000e-03
[Epoch 77] Train Loss: -1.008967e+00 Test Loss: -1.307523e+00 Time 7.3516894817e+01 Learning rate: 1.000000e-03
[Epoch 78] Train Loss: -1.012496e+00 Test Loss: -1.289063e+00 Time 7.3512720108e+01 Learning rate: 1.000000e-03
[Epoch 79] Train Loss: -1.024972e+00 Test Loss: -1.217747e+00 Time 7.1558217287e+01 Learning rate: 1.000000e-03
[Epoch 80] Train Loss: -1.025729e+00 Test Loss: -1.083494e+00 Time 7.1685881615e+01 Learning rate: 1.000000e-03
[Epoch 81] Train Loss: -1.018600e+00 Test Loss: -1.309228e+00 Time 7.1196545839e+01 Learning rate: 1.000000e-03
[Epoch 82] Train Loss: -1.021667e+00 Test Loss: -1.278148e+00 Time 7.1427230835e+01 Learning rate: 1.000000e-03
[Epoch 83] Train Loss: -1.018893e+00 Test Loss: -1.270937e+00 Time 7.1426575899e+01 Learning rate: 1.000000e-03
[Epoch 84] Train Loss: -1.022320e+00 Test Loss: -1.247553e+00 Time 7.1346693993e+01 Learning rate: 1.000000e-03
[Epoch 85] Train Loss: -1.026599e+00 Test Loss: -1.296592e+00 Time 7.1365899563e+01 Learning rate: 1.000000e-03
[Epoch 86] Train Loss: -1.030354e+00 Test Loss: -1.248057e+00 Time 7.1379486799e+01 Learning rate: 1.000000e-03
[Epoch 87] Train Loss: -1.027409e+00 Test Loss: -1.285244e+00 Time 7.1406594753e+01 Learning rate: 1.000000e-03
[Epoch 88] Train Loss: -1.026530e+00 Test Loss: -1.099584e+00 Time 7.1344734669e+01 Learning rate: 1.000000e-03
[Epoch 89] Train Loss: -1.031731e+00 Test Loss: -1.305792e+00 Time 7.1559288025e+01 Learning rate: 1.000000e-03
[Epoch 90] Train Loss: -1.035089e+00 Test Loss: -1.275053e+00 Time 7.1467499256e+01 Learning rate: 1.000000e-03
[Epoch 91] Train Loss: -1.028487e+00 Test Loss: -1.255172e+00 Time 7.1342494488e+01 Learning rate: 1.000000e-03
[Epoch 92] Train Loss: -1.032450e+00 Test Loss: -1.251353e+00 Time 7.1448233843e+01 Learning rate: 5.000000e-04
[Epoch 93] Train Loss: -1.080736e+00 Test Loss: -1.326217e+00 Time 7.1446255922e+01 Learning rate: 5.000000e-04
[Epoch 94] Train Loss: -1.080242e+00 Test Loss: -1.330358e+00 Time 7.1226291180e+01 Learning rate: 5.000000e-04
[Epoch 95] Train Loss: -1.089072e+00 Test Loss: -1.363594e+00 Time 7.1537921667e+01 Learning rate: 5.000000e-04
[Epoch 96] Train Loss: -1.082798e+00 Test Loss: -1.331278e+00 Time 7.1240849733e+01 Learning rate: 5.000000e-04
[Epoch 97] Train Loss: -1.091088e+00 Test Loss: -1.308980e+00 Time 7.1495246887e+01 Learning rate: 5.000000e-04
[Epoch 98] Train Loss: -1.086411e+00 Test Loss: -1.282665e+00 Time 7.1247523069e+01 Learning rate: 5.000000e-04
[Epoch 99] Train Loss: -1.086931e+00 Test Loss: -1.323185e+00 Time 7.1188780069e+01 Learning rate: 5.000000e-04
[Epoch 100] Train Loss: -1.091238e+00 Test Loss: -1.259929e+00 Time 7.1341701031e+01 Learning rate: 5.000000e-04
[Epoch 101] Train Loss: -1.090425e+00 Test Loss: -1.349978e+00 Time 7.1397585869e+01 Learning rate: 5.000000e-04
[Epoch 102] Train Loss: -1.092226e+00 Test Loss: -1.319543e+00 Time 7.1427103519e+01 Learning rate: 5.000000e-04
[Epoch 103] Train Loss: -1.094980e+00 Test Loss: -1.339428e+00 Time 7.1480612993e+01 Learning rate: 5.000000e-04
[Epoch 104] Train Loss: -1.095503e+00 Test Loss: -1.364680e+00 Time 7.1411654949e+01 Learning rate: 5.000000e-04
[Epoch 105] Train Loss: -1.094410e+00 Test Loss: -1.349364e+00 Time 7.1236790419e+01 Learning rate: 5.000000e-04
[Epoch 106] Train Loss: -1.092187e+00 Test Loss: -1.335509e+00 Time 7.1271562099e+01 Learning rate: 5.000000e-04
[Epoch 107] Train Loss: -1.091989e+00 Test Loss: -1.224198e+00 Time 7.1202061653e+01 Learning rate: 5.000000e-04
[Epoch 108] Train Loss: -1.098281e+00 Test Loss: -1.324585e+00 Time 7.1396797895e+01 Learning rate: 5.000000e-04
[Epoch 109] Train Loss: -1.096532e+00 Test Loss: -1.358629e+00 Time 7.1356850147e+01 Learning rate: 5.000000e-04
[Epoch 110] Train Loss: -1.096401e+00 Test Loss: -1.364067e+00 Time 7.1310674429e+01 Learning rate: 5.000000e-04
[Epoch 111] Train Loss: -1.106066e+00 Test Loss: -1.374552e+00 Time 7.1691284180e+01 Learning rate: 5.000000e-04
[Epoch 112] Train Loss: -1.101952e+00 Test Loss: -1.335745e+00 Time 7.1635380268e+01 Learning rate: 5.000000e-04
[Epoch 113] Train Loss: -1.105545e+00 Test Loss: -1.347227e+00 Time 7.1585196495e+01 Learning rate: 5.000000e-04
[Epoch 114] Train Loss: -1.101369e+00 Test Loss: -1.337500e+00 Time 7.1384893656e+01 Learning rate: 5.000000e-04
[Epoch 115] Train Loss: -1.102337e+00 Test Loss: -1.324671e+00 Time 7.1511559963e+01 Learning rate: 5.000000e-04
[Epoch 116] Train Loss: -1.098489e+00 Test Loss: -1.337642e+00 Time 7.1245214701e+01 Learning rate: 5.000000e-04
[Epoch 117] Train Loss: -1.100886e+00 Test Loss: -1.371906e+00 Time 7.1365572929e+01 Learning rate: 5.000000e-04
[Epoch 118] Train Loss: -1.105639e+00 Test Loss: -1.328802e+00 Time 7.1479606867e+01 Learning rate: 5.000000e-04
[Epoch 119] Train Loss: -1.101833e+00 Test Loss: -1.304954e+00 Time 7.1324215412e+01 Learning rate: 5.000000e-04
[Epoch 120] Train Loss: -1.104344e+00 Test Loss: -1.304546e+00 Time 7.1297442913e+01 Learning rate: 5.000000e-04
[Epoch 121] Train Loss: -1.103819e+00 Test Loss: -1.285413e+00 Time 7.1412101984e+01 Learning rate: 5.000000e-04
[Epoch 122] Train Loss: -1.105469e+00 Test Loss: -1.330762e+00 Time 7.1356215239e+01 Learning rate: 2.500000e-04
[Epoch 123] Train Loss: -1.135587e+00 Test Loss: -1.369120e+00 Time 7.1586995363e+01 Learning rate: 2.500000e-04
[Epoch 124] Train Loss: -1.138350e+00 Test Loss: -1.320982e+00 Time 7.1522677183e+01 Learning rate: 2.500000e-04
[Epoch 125] Train Loss: -1.125390e+00 Test Loss: -1.353331e+00 Time 7.1008595705e+01 Learning rate: 2.500000e-04
[Epoch 126] Train Loss: -1.142132e+00 Test Loss: -1.375478e+00 Time 7.1591055393e+01 Learning rate: 2.500000e-04
[Epoch 127] Train Loss: -1.135193e+00 Test Loss: -1.379020e+00 Time 7.1486726522e+01 Learning rate: 2.500000e-04
[Epoch 128] Train Loss: -1.135040e+00 Test Loss: -1.305508e+00 Time 7.1270836115e+01 Learning rate: 2.500000e-04
[Epoch 129] Train Loss: -1.132010e+00 Test Loss: -1.368752e+00 Time 7.1152255774e+01 Learning rate: 2.500000e-04
[Epoch 130] Train Loss: -1.136795e+00 Test Loss: -1.305455e+00 Time 7.1423490524e+01 Learning rate: 2.500000e-04
[Epoch 131] Train Loss: -1.135835e+00 Test Loss: -1.382958e+00 Time 7.1275637865e+01 Learning rate: 2.500000e-04
[Epoch 132] Train Loss: -1.133644e+00 Test Loss: -1.387191e+00 Time 7.1108052492e+01 Learning rate: 2.500000e-04
[Epoch 133] Train Loss: -1.140525e+00 Test Loss: -1.386136e+00 Time 7.1502619982e+01 Learning rate: 2.500000e-04
[Epoch 134] Train Loss: -1.147761e+00 Test Loss: -1.374893e+00 Time 7.1702663183e+01 Learning rate: 2.500000e-04
[Epoch 135] Train Loss: -1.139097e+00 Test Loss: -1.392493e+00 Time 7.1353327751e+01 Learning rate: 2.500000e-04
[Epoch 136] Train Loss: -1.141633e+00 Test Loss: -1.362684e+00 Time 7.1526623964e+01 Learning rate: 2.500000e-04
[Epoch 137] Train Loss: -1.140597e+00 Test Loss: -1.367712e+00 Time 7.1490578890e+01 Learning rate: 2.500000e-04
[Epoch 138] Train Loss: -1.132849e+00 Test Loss: -1.376391e+00 Time 7.1069775581e+01 Learning rate: 2.500000e-04
[Epoch 139] Train Loss: -1.144206e+00 Test Loss: -1.369233e+00 Time 7.1566684961e+01 Learning rate: 2.500000e-04
[Epoch 140] Train Loss: -1.142580e+00 Test Loss: -1.379686e+00 Time 7.1364370108e+01 Learning rate: 2.500000e-04
[Epoch 141] Train Loss: -1.146155e+00 Test Loss: -1.368433e+00 Time 7.1527793169e+01 Learning rate: 2.500000e-04
[Epoch 142] Train Loss: -1.150374e+00 Test Loss: -1.396721e+00 Time 7.1735321045e+01 Learning rate: 2.500000e-04
[Epoch 143] Train Loss: -1.147634e+00 Test Loss: -1.383356e+00 Time 7.1621318340e+01 Learning rate: 2.500000e-04
[Epoch 144] Train Loss: -1.146373e+00 Test Loss: -1.376066e+00 Time 7.1521316051e+01 Learning rate: 2.500000e-04
[Epoch 145] Train Loss: -1.143792e+00 Test Loss: -1.353153e+00 Time 7.1374693394e+01 Learning rate: 2.500000e-04
[Epoch 146] Train Loss: -1.146243e+00 Test Loss: -1.391588e+00 Time 7.1487255096e+01 Learning rate: 2.500000e-04
[Epoch 147] Train Loss: -1.145422e+00 Test Loss: -1.330958e+00 Time 7.1396427631e+01 Learning rate: 2.500000e-04
[Epoch 148] Train Loss: -1.141770e+00 Test Loss: -1.399539e+00 Time 7.1316687584e+01 Learning rate: 2.500000e-04
[Epoch 149] Train Loss: -1.149869e+00 Test Loss: -1.395340e+00 Time 7.1524091721e+01 Learning rate: 2.500000e-04
[Epoch 150] Train Loss: -1.146379e+00 Test Loss: -1.302418e+00 Time 7.1298604012e+01 Learning rate: 2.500000e-04
[Epoch 151] Train Loss: -1.143890e+00 Test Loss: -1.365117e+00 Time 7.1331551313e+01 Learning rate: 2.500000e-04
[Epoch 152] Train Loss: -1.155140e+00 Test Loss: -1.392562e+00 Time 7.1737956047e+01 Learning rate: 2.500000e-04
[Epoch 153] Train Loss: -1.156423e+00 Test Loss: -1.366138e+00 Time 7.1734142780e+01 Learning rate: 2.500000e-04
[Epoch 154] Train Loss: -1.143967e+00 Test Loss: -1.277373e+00 Time 7.1329495907e+01 Learning rate: 2.500000e-04
[Epoch 155] Train Loss: -1.144496e+00 Test Loss: -1.399347e+00 Time 7.1325620651e+01 Learning rate: 2.500000e-04
[Epoch 156] Train Loss: -1.150214e+00 Test Loss: -1.389527e+00 Time 7.1411302090e+01 Learning rate: 2.500000e-04
[Epoch 157] Train Loss: -1.147801e+00 Test Loss: -1.319926e+00 Time 7.1583948374e+01 Learning rate: 2.500000e-04
[Epoch 158] Train Loss: -1.143866e+00 Test Loss: -1.376612e+00 Time 7.1302405357e+01 Learning rate: 2.500000e-04
[Epoch 159] Train Loss: -1.139719e+00 Test Loss: -1.389779e+00 Time 7.1044191360e+01 Learning rate: 1.250000e-04
[Epoch 160] Train Loss: -1.164780e+00 Test Loss: -1.401501e+00 Time 7.1503026724e+01 Learning rate: 1.250000e-04
[Epoch 161] Train Loss: -1.160278e+00 Test Loss: -1.392468e+00 Time 7.1213606119e+01 Learning rate: 1.250000e-04
[Epoch 162] Train Loss: -1.170381e+00 Test Loss: -1.396880e+00 Time 7.1567937851e+01 Learning rate: 1.250000e-04
[Epoch 163] Train Loss: -1.165817e+00 Test Loss: -1.397177e+00 Time 7.1470294237e+01 Learning rate: 1.250000e-04
[Epoch 164] Train Loss: -1.166314e+00 Test Loss: -1.307231e+00 Time 7.1486618996e+01 Learning rate: 1.250000e-04
[Epoch 165] Train Loss: -1.160701e+00 Test Loss: -1.388457e+00 Time 7.1252000093e+01 Learning rate: 1.250000e-04
[Epoch 166] Train Loss: -1.168597e+00 Test Loss: -1.409594e+00 Time 7.1388785839e+01 Learning rate: 1.250000e-04
[Epoch 167] Train Loss: -1.162841e+00 Test Loss: -1.395554e+00 Time 7.1366899014e+01 Learning rate: 1.250000e-04
[Epoch 168] Train Loss: -1.165880e+00 Test Loss: -1.384075e+00 Time 7.1424531698e+01 Learning rate: 1.250000e-04
[Epoch 169] Train Loss: -1.162297e+00 Test Loss: -1.394779e+00 Time 7.1109594107e+01 Learning rate: 1.250000e-04
[Epoch 170] Train Loss: -1.173519e+00 Test Loss: -1.406699e+00 Time 7.1587653160e+01 Learning rate: 1.250000e-04
[Epoch 171] Train Loss: -1.168379e+00 Test Loss: -1.396258e+00 Time 7.1495033264e+01 Learning rate: 1.250000e-04
[Epoch 172] Train Loss: -1.157753e+00 Test Loss: -1.404425e+00 Time 7.1066417694e+01 Learning rate: 1.250000e-04
[Epoch 173] Train Loss: -1.179595e+00 Test Loss: -1.391493e+00 Time 7.5080844879e+01 Learning rate: 1.250000e-04
[Epoch 174] Train Loss: -1.166739e+00 Test Loss: -1.391214e+00 Time 7.6512632608e+01 Learning rate: 1.250000e-04
[Epoch 175] Train Loss: -1.173451e+00 Test Loss: -1.297849e+00 Time 7.6620762587e+01 Learning rate: 1.250000e-04
[Epoch 176] Train Loss: -1.161105e+00 Test Loss: -1.398242e+00 Time 7.2714058399e+01 Learning rate: 1.250000e-04
[Epoch 177] Train Loss: -1.174374e+00 Test Loss: -1.410038e+00 Time 7.5439947605e+01 Learning rate: 1.250000e-04
[Epoch 178] Train Loss: -1.167763e+00 Test Loss: -1.394005e+00 Time 7.1285692930e+01 Learning rate: 1.250000e-04
[Epoch 179] Train Loss: -1.162054e+00 Test Loss: -1.412081e+00 Time 7.1132943869e+01 Learning rate: 1.250000e-04
[Epoch 180] Train Loss: -1.168333e+00 Test Loss: -1.400720e+00 Time 7.1279857635e+01 Learning rate: 1.250000e-04
[Epoch 181] Train Loss: -1.175458e+00 Test Loss: -1.411230e+00 Time 7.1593158484e+01 Learning rate: 1.250000e-04
[Epoch 182] Train Loss: -1.173338e+00 Test Loss: -1.401488e+00 Time 7.1540671349e+01 Learning rate: 1.250000e-04
[Epoch 183] Train Loss: -1.163865e+00 Test Loss: -1.368988e+00 Time 7.1158111572e+01 Learning rate: 1.250000e-04
[Epoch 184] Train Loss: -1.173417e+00 Test Loss: -1.392472e+00 Time 7.1514912605e+01 Learning rate: 1.250000e-04
[Epoch 185] Train Loss: -1.166079e+00 Test Loss: -1.402747e+00 Time 7.1325155497e+01 Learning rate: 1.250000e-04
[Epoch 186] Train Loss: -1.166669e+00 Test Loss: -1.400509e+00 Time 7.1190703869e+01 Learning rate: 1.250000e-04
[Epoch 187] Train Loss: -1.171429e+00 Test Loss: -1.355189e+00 Time 7.1388786554e+01 Learning rate: 1.250000e-04
[Epoch 188] Train Loss: -1.166534e+00 Test Loss: -1.380725e+00 Time 7.1211809158e+01 Learning rate: 1.250000e-04
[Epoch 189] Train Loss: -1.179193e+00 Test Loss: -1.398256e+00 Time 7.1665824175e+01 Learning rate: 1.250000e-04
[Epoch 190] Train Loss: -1.169255e+00 Test Loss: -1.404929e+00 Time 7.1438514948e+01 Learning rate: 6.250000e-05
[Epoch 191] Train Loss: -1.178300e+00 Test Loss: -1.383707e+00 Time 7.1397756100e+01 Learning rate: 6.250000e-05
[Epoch 192] Train Loss: -1.183026e+00 Test Loss: -1.409536e+00 Time 7.1435875177e+01 Learning rate: 6.250000e-05
[Epoch 193] Train Loss: -1.180946e+00 Test Loss: -1.409866e+00 Time 7.1217973471e+01 Learning rate: 6.250000e-05
[Epoch 194] Train Loss: -1.180807e+00 Test Loss: -1.377879e+00 Time 7.1333726645e+01 Learning rate: 6.250000e-05
[Epoch 195] Train Loss: -1.185124e+00 Test Loss: -1.420636e+00 Time 7.1595047951e+01 Learning rate: 6.250000e-05
[Epoch 196] Train Loss: -1.178192e+00 Test Loss: -1.407483e+00 Time 7.1312151432e+01 Learning rate: 6.250000e-05
[Epoch 197] Train Loss: -1.181072e+00 Test Loss: -1.402581e+00 Time 7.1254054546e+01 Learning rate: 6.250000e-05
[Epoch 198] Train Loss: -1.179268e+00 Test Loss: -1.411330e+00 Time 7.1279467106e+01 Learning rate: 6.250000e-05
[Epoch 199] Train Loss: -1.186548e+00 Test Loss: -1.394698e+00 Time 7.1535491228e+01 Learning rate: 6.250000e-05
[Epoch 200] Train Loss: -1.183852e+00 Test Loss: -1.417295e+00 Time 7.1421490192e+01 Learning rate: 6.250000e-05
[Epoch 201] Train Loss: -1.184662e+00 Test Loss: -1.409936e+00 Time 7.1483885527e+01 Learning rate: 6.250000e-05
[Epoch 202] Train Loss: -1.185800e+00 Test Loss: -1.396560e+00 Time 7.1502852917e+01 Learning rate: 6.250000e-05
[Epoch 203] Train Loss: -1.184086e+00 Test Loss: -1.348119e+00 Time 7.1470496416e+01 Learning rate: 6.250000e-05
[Epoch 204] Train Loss: -1.186426e+00 Test Loss: -1.412388e+00 Time 7.1606321573e+01 Learning rate: 6.250000e-05
[Epoch 205] Train Loss: -1.181418e+00 Test Loss: -1.413920e+00 Time 7.1340563774e+01 Learning rate: 6.250000e-05
[Epoch 206] Train Loss: -1.183674e+00 Test Loss: -1.389650e+00 Time 7.1389392376e+01 Learning rate: 3.125000e-05
[Epoch 207] Train Loss: -1.189160e+00 Test Loss: -1.373375e+00 Time 7.1493572235e+01 Learning rate: 3.125000e-05
[Epoch 208] Train Loss: -1.185290e+00 Test Loss: -1.411754e+00 Time 7.1329973459e+01 Learning rate: 3.125000e-05
[Epoch 209] Train Loss: -1.187205e+00 Test Loss: -1.392091e+00 Time 7.1441682577e+01 Learning rate: 3.125000e-05
[Epoch 210] Train Loss: -1.196214e+00 Test Loss: -1.426602e+00 Time 7.1710705757e+01 Learning rate: 3.125000e-05
[Epoch 211] Train Loss: -1.184940e+00 Test Loss: -1.398524e+00 Time 7.1219980955e+01 Learning rate: 3.125000e-05
[Epoch 212] Train Loss: -1.189641e+00 Test Loss: -1.401210e+00 Time 7.1428105354e+01 Learning rate: 3.125000e-05
[Epoch 213] Train Loss: -1.193247e+00 Test Loss: -1.411003e+00 Time 7.1465735674e+01 Learning rate: 3.125000e-05
[Epoch 214] Train Loss: -1.191502e+00 Test Loss: -1.387556e+00 Time 7.1483338118e+01 Learning rate: 3.125000e-05
[Epoch 215] Train Loss: -1.184909e+00 Test Loss: -1.415463e+00 Time 7.1347016811e+01 Learning rate: 3.125000e-05
[Epoch 216] Train Loss: -1.196310e+00 Test Loss: -1.399672e+00 Time 7.1694052696e+01 Learning rate: 3.125000e-05
[Epoch 217] Train Loss: -1.185705e+00 Test Loss: -1.418384e+00 Time 7.1319674253e+01 Learning rate: 3.125000e-05
[Epoch 218] Train Loss: -1.185007e+00 Test Loss: -1.401809e+00 Time 7.1260557175e+01 Learning rate: 3.125000e-05
[Epoch 219] Train Loss: -1.183473e+00 Test Loss: -1.419792e+00 Time 7.1158470392e+01 Learning rate: 3.125000e-05
[Epoch 220] Train Loss: -1.194271e+00 Test Loss: -1.404681e+00 Time 7.1482239723e+01 Learning rate: 3.125000e-05
[Epoch 221] Train Loss: -1.193318e+00 Test Loss: -1.409539e+00 Time 7.1464797258e+01 Learning rate: 1.562500e-05
[Epoch 222] Train Loss: -1.190853e+00 Test Loss: -1.392660e+00 Time 7.1318377733e+01 Learning rate: 1.562500e-05
[Epoch 223] Train Loss: -1.192116e+00 Test Loss: -1.402110e+00 Time 7.1276162624e+01 Learning rate: 1.562500e-05
[Epoch 224] Train Loss: -1.188658e+00 Test Loss: -1.407813e+00 Time 7.1110453129e+01 Learning rate: 1.562500e-05
[Epoch 225] Train Loss: -1.191514e+00 Test Loss: -1.407311e+00 Time 7.1282790661e+01 Learning rate: 1.562500e-05
[Epoch 226] Train Loss: -1.187983e+00 Test Loss: -1.411697e+00 Time 7.1274542570e+01 Learning rate: 1.562500e-05
[Epoch 227] Train Loss: -1.192384e+00 Test Loss: -1.397805e+00 Time 7.1451694727e+01 Learning rate: 1.562500e-05
[Epoch 228] Train Loss: -1.194014e+00 Test Loss: -1.406234e+00 Time 7.1398126364e+01 Learning rate: 1.562500e-05
[Epoch 229] Train Loss: -1.192561e+00 Test Loss: -1.402978e+00 Time 7.1415729046e+01 Learning rate: 1.562500e-05
[Epoch 230] Train Loss: -1.197679e+00 Test Loss: -1.414413e+00 Time 7.1578110933e+01 Learning rate: 1.562500e-05
[Epoch 231] Train Loss: -1.194015e+00 Test Loss: -1.397946e+00 Time 7.1413438559e+01 Learning rate: 1.562500e-05
[Epoch 232] Train Loss: -1.202457e+00 Test Loss: -1.415065e+00 Time 7.1763211250e+01 Learning rate: 7.812500e-06
[Epoch 233] Train Loss: -1.192419e+00 Test Loss: -1.409780e+00 Time 7.1393958330e+01 Learning rate: 7.812500e-06
[Epoch 234] Train Loss: -1.192561e+00 Test Loss: -1.413394e+00 Time 7.1386605263e+01 Learning rate: 7.812500e-06
[Epoch 235] Train Loss: -1.192413e+00 Test Loss: -1.409468e+00 Time 7.1346978664e+01 Learning rate: 7.812500e-06
[Epoch 236] Train Loss: -1.192131e+00 Test Loss: -1.417243e+00 Time 7.1249280453e+01 Learning rate: 7.812500e-06
[Epoch 237] Train Loss: -1.193165e+00 Test Loss: -1.404942e+00 Time 7.1361641169e+01 Learning rate: 7.812500e-06
[Epoch 238] Train Loss: -1.199657e+00 Test Loss: -1.405435e+00 Time 7.1488418102e+01 Learning rate: 7.812500e-06
[Epoch 239] Train Loss: -1.206563e+00 Test Loss: -1.406989e+00 Time 7.1799939632e+01 Learning rate: 7.812500e-06
[Epoch 240] Train Loss: -1.195370e+00 Test Loss: -1.402625e+00 Time 7.1310122252e+01 Learning rate: 7.812500e-06
